CRITICAL - 2022-05-03 06:49:08 --> count(): Parameter must be an array or an object that implements Countable
#0 C:\wamp64\www\notes\app\Views\site\aesExamen.php(34): CodeIgniter\Debug\Exceptions->errorHandler(2, 'count(): Parame...', 'C:\\wamp64\\www\\n...', 34, Array)
#1 C:\wamp64\www\notes\system\View\View.php(210): include('C:\\wamp64\\www\\n...')
#2 C:\wamp64\www\notes\system\View\View.php(213): CodeIgniter\View\View->CodeIgniter\View\{closure}()
#3 C:\wamp64\www\notes\system\Common.php(1089): CodeIgniter\View\View->render('site/aesExamen', Array, true)
#4 C:\wamp64\www\notes\app\Controllers\ControllerExamen.php(65): view('site/aesExamen', Array)
#5 C:\wamp64\www\notes\system\CodeIgniter.php(825): App\controllers\ControllerExamen->aesExamen()
#6 C:\wamp64\www\notes\system\CodeIgniter.php(412): CodeIgniter\CodeIgniter->runController(Object(App\controllers\ControllerExamen))
#7 C:\wamp64\www\notes\system\CodeIgniter.php(320): CodeIgniter\CodeIgniter->handleRequest(NULL, Object(Config\Cache), false)
#8 C:\wamp64\www\notes\index.php(37): CodeIgniter\CodeIgniter->run()
#9 {main}
CRITICAL - 2022-05-03 06:50:37 --> count(): Parameter must be an array or an object that implements Countable
#0 C:\wamp64\www\notes\app\Views\site\aesExamen.php(34): CodeIgniter\Debug\Exceptions->errorHandler(2, 'count(): Parame...', 'C:\\wamp64\\www\\n...', 34, Array)
#1 C:\wamp64\www\notes\system\View\View.php(210): include('C:\\wamp64\\www\\n...')
#2 C:\wamp64\www\notes\system\View\View.php(213): CodeIgniter\View\View->CodeIgniter\View\{closure}()
#3 C:\wamp64\www\notes\system\Common.php(1089): CodeIgniter\View\View->render('site/aesExamen', Array, true)
#4 C:\wamp64\www\notes\app\Controllers\ControllerExamen.php(65): view('site/aesExamen', Array)
#5 C:\wamp64\www\notes\system\CodeIgniter.php(825): App\controllers\ControllerExamen->aesExamen()
#6 C:\wamp64\www\notes\system\CodeIgniter.php(412): CodeIgniter\CodeIgniter->runController(Object(App\controllers\ControllerExamen))
#7 C:\wamp64\www\notes\system\CodeIgniter.php(320): CodeIgniter\CodeIgniter->handleRequest(NULL, Object(Config\Cache), false)
#8 C:\wamp64\www\notes\index.php(37): CodeIgniter\CodeIgniter->run()
#9 {main}
CRITICAL - 2022-05-03 06:50:38 --> count(): Parameter must be an array or an object that implements Countable
#0 C:\wamp64\www\notes\app\Views\site\aesExamen.php(34): CodeIgniter\Debug\Exceptions->errorHandler(2, 'count(): Parame...', 'C:\\wamp64\\www\\n...', 34, Array)
#1 C:\wamp64\www\notes\system\View\View.php(210): include('C:\\wamp64\\www\\n...')
#2 C:\wamp64\www\notes\system\View\View.php(213): CodeIgniter\View\View->CodeIgniter\View\{closure}()
#3 C:\wamp64\www\notes\system\Common.php(1089): CodeIgniter\View\View->render('site/aesExamen', Array, true)
#4 C:\wamp64\www\notes\app\Controllers\ControllerExamen.php(65): view('site/aesExamen', Array)
#5 C:\wamp64\www\notes\system\CodeIgniter.php(825): App\controllers\ControllerExamen->aesExamen()
#6 C:\wamp64\www\notes\system\CodeIgniter.php(412): CodeIgniter\CodeIgniter->runController(Object(App\controllers\ControllerExamen))
#7 C:\wamp64\www\notes\system\CodeIgniter.php(320): CodeIgniter\CodeIgniter->handleRequest(NULL, Object(Config\Cache), false)
#8 C:\wamp64\www\notes\index.php(37): CodeIgniter\CodeIgniter->run()
#9 {main}
CRITICAL - 2022-05-03 06:50:38 --> count(): Parameter must be an array or an object that implements Countable
#0 C:\wamp64\www\notes\app\Views\site\aesExamen.php(34): CodeIgniter\Debug\Exceptions->errorHandler(2, 'count(): Parame...', 'C:\\wamp64\\www\\n...', 34, Array)
#1 C:\wamp64\www\notes\system\View\View.php(210): include('C:\\wamp64\\www\\n...')
#2 C:\wamp64\www\notes\system\View\View.php(213): CodeIgniter\View\View->CodeIgniter\View\{closure}()
#3 C:\wamp64\www\notes\system\Common.php(1089): CodeIgniter\View\View->render('site/aesExamen', Array, true)
#4 C:\wamp64\www\notes\app\Controllers\ControllerExamen.php(65): view('site/aesExamen', Array)
#5 C:\wamp64\www\notes\system\CodeIgniter.php(825): App\controllers\ControllerExamen->aesExamen()
#6 C:\wamp64\www\notes\system\CodeIgniter.php(412): CodeIgniter\CodeIgniter->runController(Object(App\controllers\ControllerExamen))
#7 C:\wamp64\www\notes\system\CodeIgniter.php(320): CodeIgniter\CodeIgniter->handleRequest(NULL, Object(Config\Cache), false)
#8 C:\wamp64\www\notes\index.php(37): CodeIgniter\CodeIgniter->run()
#9 {main}
CRITICAL - 2022-05-03 06:51:26 --> count(): Parameter must be an array or an object that implements Countable
#0 C:\wamp64\www\notes\app\Views\site\aesExamen.php(34): CodeIgniter\Debug\Exceptions->errorHandler(2, 'count(): Parame...', 'C:\\wamp64\\www\\n...', 34, Array)
#1 C:\wamp64\www\notes\system\View\View.php(210): include('C:\\wamp64\\www\\n...')
#2 C:\wamp64\www\notes\system\View\View.php(213): CodeIgniter\View\View->CodeIgniter\View\{closure}()
#3 C:\wamp64\www\notes\system\Common.php(1089): CodeIgniter\View\View->render('site/aesExamen', Array, true)
#4 C:\wamp64\www\notes\app\Controllers\ControllerExamen.php(48): view('site/aesExamen', Array)
#5 C:\wamp64\www\notes\system\CodeIgniter.php(825): App\controllers\ControllerExamen->aesExamen()
#6 C:\wamp64\www\notes\system\CodeIgniter.php(412): CodeIgniter\CodeIgniter->runController(Object(App\controllers\ControllerExamen))
#7 C:\wamp64\www\notes\system\CodeIgniter.php(320): CodeIgniter\CodeIgniter->handleRequest(NULL, Object(Config\Cache), false)
#8 C:\wamp64\www\notes\index.php(37): CodeIgniter\CodeIgniter->run()
#9 {main}
CRITICAL - 2022-05-03 06:51:27 --> count(): Parameter must be an array or an object that implements Countable
#0 C:\wamp64\www\notes\app\Views\site\aesExamen.php(34): CodeIgniter\Debug\Exceptions->errorHandler(2, 'count(): Parame...', 'C:\\wamp64\\www\\n...', 34, Array)
#1 C:\wamp64\www\notes\system\View\View.php(210): include('C:\\wamp64\\www\\n...')
#2 C:\wamp64\www\notes\system\View\View.php(213): CodeIgniter\View\View->CodeIgniter\View\{closure}()
#3 C:\wamp64\www\notes\system\Common.php(1089): CodeIgniter\View\View->render('site/aesExamen', Array, true)
#4 C:\wamp64\www\notes\app\Controllers\ControllerExamen.php(48): view('site/aesExamen', Array)
#5 C:\wamp64\www\notes\system\CodeIgniter.php(825): App\controllers\ControllerExamen->aesExamen()
#6 C:\wamp64\www\notes\system\CodeIgniter.php(412): CodeIgniter\CodeIgniter->runController(Object(App\controllers\ControllerExamen))
#7 C:\wamp64\www\notes\system\CodeIgniter.php(320): CodeIgniter\CodeIgniter->handleRequest(NULL, Object(Config\Cache), false)
#8 C:\wamp64\www\notes\index.php(37): CodeIgniter\CodeIgniter->run()
#9 {main}
CRITICAL - 2022-05-03 06:51:27 --> count(): Parameter must be an array or an object that implements Countable
#0 C:\wamp64\www\notes\app\Views\site\aesExamen.php(34): CodeIgniter\Debug\Exceptions->errorHandler(2, 'count(): Parame...', 'C:\\wamp64\\www\\n...', 34, Array)
#1 C:\wamp64\www\notes\system\View\View.php(210): include('C:\\wamp64\\www\\n...')
#2 C:\wamp64\www\notes\system\View\View.php(213): CodeIgniter\View\View->CodeIgniter\View\{closure}()
#3 C:\wamp64\www\notes\system\Common.php(1089): CodeIgniter\View\View->render('site/aesExamen', Array, true)
#4 C:\wamp64\www\notes\app\Controllers\ControllerExamen.php(48): view('site/aesExamen', Array)
#5 C:\wamp64\www\notes\system\CodeIgniter.php(825): App\controllers\ControllerExamen->aesExamen()
#6 C:\wamp64\www\notes\system\CodeIgniter.php(412): CodeIgniter\CodeIgniter->runController(Object(App\controllers\ControllerExamen))
#7 C:\wamp64\www\notes\system\CodeIgniter.php(320): CodeIgniter\CodeIgniter->handleRequest(NULL, Object(Config\Cache), false)
#8 C:\wamp64\www\notes\index.php(37): CodeIgniter\CodeIgniter->run()
#9 {main}
CRITICAL - 2022-05-03 06:51:29 --> count(): Parameter must be an array or an object that implements Countable
#0 C:\wamp64\www\notes\app\Views\site\aesExamen.php(34): CodeIgniter\Debug\Exceptions->errorHandler(2, 'count(): Parame...', 'C:\\wamp64\\www\\n...', 34, Array)
#1 C:\wamp64\www\notes\system\View\View.php(210): include('C:\\wamp64\\www\\n...')
#2 C:\wamp64\www\notes\system\View\View.php(213): CodeIgniter\View\View->CodeIgniter\View\{closure}()
#3 C:\wamp64\www\notes\system\Common.php(1089): CodeIgniter\View\View->render('site/aesExamen', Array, true)
#4 C:\wamp64\www\notes\app\Controllers\ControllerExamen.php(48): view('site/aesExamen', Array)
#5 C:\wamp64\www\notes\system\CodeIgniter.php(825): App\controllers\ControllerExamen->aesExamen()
#6 C:\wamp64\www\notes\system\CodeIgniter.php(412): CodeIgniter\CodeIgniter->runController(Object(App\controllers\ControllerExamen))
#7 C:\wamp64\www\notes\system\CodeIgniter.php(320): CodeIgniter\CodeIgniter->handleRequest(NULL, Object(Config\Cache), false)
#8 C:\wamp64\www\notes\index.php(37): CodeIgniter\CodeIgniter->run()
#9 {main}
CRITICAL - 2022-05-03 06:51:43 --> count(): Parameter must be an array or an object that implements Countable
#0 C:\wamp64\www\notes\app\Views\site\aesExamen.php(34): CodeIgniter\Debug\Exceptions->errorHandler(2, 'count(): Parame...', 'C:\\wamp64\\www\\n...', 34, Array)
#1 C:\wamp64\www\notes\system\View\View.php(210): include('C:\\wamp64\\www\\n...')
#2 C:\wamp64\www\notes\system\View\View.php(213): CodeIgniter\View\View->CodeIgniter\View\{closure}()
#3 C:\wamp64\www\notes\system\Common.php(1089): CodeIgniter\View\View->render('site/aesExamen', Array, true)
#4 C:\wamp64\www\notes\app\Controllers\ControllerExamen.php(48): view('site/aesExamen')
#5 C:\wamp64\www\notes\system\CodeIgniter.php(825): App\controllers\ControllerExamen->aesExamen()
#6 C:\wamp64\www\notes\system\CodeIgniter.php(412): CodeIgniter\CodeIgniter->runController(Object(App\controllers\ControllerExamen))
#7 C:\wamp64\www\notes\system\CodeIgniter.php(320): CodeIgniter\CodeIgniter->handleRequest(NULL, Object(Config\Cache), false)
#8 C:\wamp64\www\notes\index.php(37): CodeIgniter\CodeIgniter->run()
#9 {main}
CRITICAL - 2022-05-03 06:51:43 --> count(): Parameter must be an array or an object that implements Countable
#0 C:\wamp64\www\notes\app\Views\site\aesExamen.php(34): CodeIgniter\Debug\Exceptions->errorHandler(2, 'count(): Parame...', 'C:\\wamp64\\www\\n...', 34, Array)
#1 C:\wamp64\www\notes\system\View\View.php(210): include('C:\\wamp64\\www\\n...')
#2 C:\wamp64\www\notes\system\View\View.php(213): CodeIgniter\View\View->CodeIgniter\View\{closure}()
#3 C:\wamp64\www\notes\system\Common.php(1089): CodeIgniter\View\View->render('site/aesExamen', Array, true)
#4 C:\wamp64\www\notes\app\Controllers\ControllerExamen.php(48): view('site/aesExamen')
#5 C:\wamp64\www\notes\system\CodeIgniter.php(825): App\controllers\ControllerExamen->aesExamen()
#6 C:\wamp64\www\notes\system\CodeIgniter.php(412): CodeIgniter\CodeIgniter->runController(Object(App\controllers\ControllerExamen))
#7 C:\wamp64\www\notes\system\CodeIgniter.php(320): CodeIgniter\CodeIgniter->handleRequest(NULL, Object(Config\Cache), false)
#8 C:\wamp64\www\notes\index.php(37): CodeIgniter\CodeIgniter->run()
#9 {main}
CRITICAL - 2022-05-03 06:51:44 --> count(): Parameter must be an array or an object that implements Countable
#0 C:\wamp64\www\notes\app\Views\site\aesExamen.php(34): CodeIgniter\Debug\Exceptions->errorHandler(2, 'count(): Parame...', 'C:\\wamp64\\www\\n...', 34, Array)
#1 C:\wamp64\www\notes\system\View\View.php(210): include('C:\\wamp64\\www\\n...')
#2 C:\wamp64\www\notes\system\View\View.php(213): CodeIgniter\View\View->CodeIgniter\View\{closure}()
#3 C:\wamp64\www\notes\system\Common.php(1089): CodeIgniter\View\View->render('site/aesExamen', Array, true)
#4 C:\wamp64\www\notes\app\Controllers\ControllerExamen.php(48): view('site/aesExamen')
#5 C:\wamp64\www\notes\system\CodeIgniter.php(825): App\controllers\ControllerExamen->aesExamen()
#6 C:\wamp64\www\notes\system\CodeIgniter.php(412): CodeIgniter\CodeIgniter->runController(Object(App\controllers\ControllerExamen))
#7 C:\wamp64\www\notes\system\CodeIgniter.php(320): CodeIgniter\CodeIgniter->handleRequest(NULL, Object(Config\Cache), false)
#8 C:\wamp64\www\notes\index.php(37): CodeIgniter\CodeIgniter->run()
#9 {main}
CRITICAL - 2022-05-03 06:51:46 --> count(): Parameter must be an array or an object that implements Countable
#0 C:\wamp64\www\notes\app\Views\site\aesExamen.php(34): CodeIgniter\Debug\Exceptions->errorHandler(2, 'count(): Parame...', 'C:\\wamp64\\www\\n...', 34, Array)
#1 C:\wamp64\www\notes\system\View\View.php(210): include('C:\\wamp64\\www\\n...')
#2 C:\wamp64\www\notes\system\View\View.php(213): CodeIgniter\View\View->CodeIgniter\View\{closure}()
#3 C:\wamp64\www\notes\system\Common.php(1089): CodeIgniter\View\View->render('site/aesExamen', Array, true)
#4 C:\wamp64\www\notes\app\Controllers\ControllerExamen.php(48): view('site/aesExamen')
#5 C:\wamp64\www\notes\system\CodeIgniter.php(825): App\controllers\ControllerExamen->aesExamen()
#6 C:\wamp64\www\notes\system\CodeIgniter.php(412): CodeIgniter\CodeIgniter->runController(Object(App\controllers\ControllerExamen))
#7 C:\wamp64\www\notes\system\CodeIgniter.php(320): CodeIgniter\CodeIgniter->handleRequest(NULL, Object(Config\Cache), false)
#8 C:\wamp64\www\notes\index.php(37): CodeIgniter\CodeIgniter->run()
#9 {main}
CRITICAL - 2022-05-03 06:53:41 --> count(): Parameter must be an array or an object that implements Countable
#0 C:\wamp64\www\notes\app\Views\site\aesExamen.php(34): CodeIgniter\Debug\Exceptions->errorHandler(2, 'count(): Parame...', 'C:\\wamp64\\www\\n...', 34, Array)
#1 C:\wamp64\www\notes\system\View\View.php(210): include('C:\\wamp64\\www\\n...')
#2 C:\wamp64\www\notes\system\View\View.php(213): CodeIgniter\View\View->CodeIgniter\View\{closure}()
#3 C:\wamp64\www\notes\system\Common.php(1089): CodeIgniter\View\View->render('site/aesExamen', Array, true)
#4 C:\wamp64\www\notes\app\Controllers\ControllerExamen.php(65): view('site/aesExamen', Array)
#5 C:\wamp64\www\notes\system\CodeIgniter.php(825): App\controllers\ControllerExamen->aesExamen()
#6 C:\wamp64\www\notes\system\CodeIgniter.php(412): CodeIgniter\CodeIgniter->runController(Object(App\controllers\ControllerExamen))
#7 C:\wamp64\www\notes\system\CodeIgniter.php(320): CodeIgniter\CodeIgniter->handleRequest(NULL, Object(Config\Cache), false)
#8 C:\wamp64\www\notes\index.php(37): CodeIgniter\CodeIgniter->run()
#9 {main}
CRITICAL - 2022-05-03 06:53:42 --> count(): Parameter must be an array or an object that implements Countable
#0 C:\wamp64\www\notes\app\Views\site\aesExamen.php(34): CodeIgniter\Debug\Exceptions->errorHandler(2, 'count(): Parame...', 'C:\\wamp64\\www\\n...', 34, Array)
#1 C:\wamp64\www\notes\system\View\View.php(210): include('C:\\wamp64\\www\\n...')
#2 C:\wamp64\www\notes\system\View\View.php(213): CodeIgniter\View\View->CodeIgniter\View\{closure}()
#3 C:\wamp64\www\notes\system\Common.php(1089): CodeIgniter\View\View->render('site/aesExamen', Array, true)
#4 C:\wamp64\www\notes\app\Controllers\ControllerExamen.php(65): view('site/aesExamen', Array)
#5 C:\wamp64\www\notes\system\CodeIgniter.php(825): App\controllers\ControllerExamen->aesExamen()
#6 C:\wamp64\www\notes\system\CodeIgniter.php(412): CodeIgniter\CodeIgniter->runController(Object(App\controllers\ControllerExamen))
#7 C:\wamp64\www\notes\system\CodeIgniter.php(320): CodeIgniter\CodeIgniter->handleRequest(NULL, Object(Config\Cache), false)
#8 C:\wamp64\www\notes\index.php(37): CodeIgniter\CodeIgniter->run()
#9 {main}
CRITICAL - 2022-05-03 06:53:42 --> count(): Parameter must be an array or an object that implements Countable
#0 C:\wamp64\www\notes\app\Views\site\aesExamen.php(34): CodeIgniter\Debug\Exceptions->errorHandler(2, 'count(): Parame...', 'C:\\wamp64\\www\\n...', 34, Array)
#1 C:\wamp64\www\notes\system\View\View.php(210): include('C:\\wamp64\\www\\n...')
#2 C:\wamp64\www\notes\system\View\View.php(213): CodeIgniter\View\View->CodeIgniter\View\{closure}()
#3 C:\wamp64\www\notes\system\Common.php(1089): CodeIgniter\View\View->render('site/aesExamen', Array, true)
#4 C:\wamp64\www\notes\app\Controllers\ControllerExamen.php(65): view('site/aesExamen', Array)
#5 C:\wamp64\www\notes\system\CodeIgniter.php(825): App\controllers\ControllerExamen->aesExamen()
#6 C:\wamp64\www\notes\system\CodeIgniter.php(412): CodeIgniter\CodeIgniter->runController(Object(App\controllers\ControllerExamen))
#7 C:\wamp64\www\notes\system\CodeIgniter.php(320): CodeIgniter\CodeIgniter->handleRequest(NULL, Object(Config\Cache), false)
#8 C:\wamp64\www\notes\index.php(37): CodeIgniter\CodeIgniter->run()
#9 {main}
CRITICAL - 2022-05-03 06:53:57 --> count(): Parameter must be an array or an object that implements Countable
#0 C:\wamp64\www\notes\app\Views\site\aesExamen.php(34): CodeIgniter\Debug\Exceptions->errorHandler(2, 'count(): Parame...', 'C:\\wamp64\\www\\n...', 34, Array)
#1 C:\wamp64\www\notes\system\View\View.php(210): include('C:\\wamp64\\www\\n...')
#2 C:\wamp64\www\notes\system\View\View.php(213): CodeIgniter\View\View->CodeIgniter\View\{closure}()
#3 C:\wamp64\www\notes\system\Common.php(1089): CodeIgniter\View\View->render('site/aesExamen', Array, true)
#4 C:\wamp64\www\notes\app\Controllers\ControllerExamen.php(65): view('site/aesExamen', Array)
#5 C:\wamp64\www\notes\system\CodeIgniter.php(825): App\controllers\ControllerExamen->aesExamen()
#6 C:\wamp64\www\notes\system\CodeIgniter.php(412): CodeIgniter\CodeIgniter->runController(Object(App\controllers\ControllerExamen))
#7 C:\wamp64\www\notes\system\CodeIgniter.php(320): CodeIgniter\CodeIgniter->handleRequest(NULL, Object(Config\Cache), false)
#8 C:\wamp64\www\notes\index.php(37): CodeIgniter\CodeIgniter->run()
#9 {main}
CRITICAL - 2022-05-03 06:54:37 --> count(): Parameter must be an array or an object that implements Countable
#0 C:\wamp64\www\notes\app\Views\site\aesExamen.php(34): CodeIgniter\Debug\Exceptions->errorHandler(2, 'count(): Parame...', 'C:\\wamp64\\www\\n...', 34, Array)
#1 C:\wamp64\www\notes\system\View\View.php(210): include('C:\\wamp64\\www\\n...')
#2 C:\wamp64\www\notes\system\View\View.php(213): CodeIgniter\View\View->CodeIgniter\View\{closure}()
#3 C:\wamp64\www\notes\system\Common.php(1089): CodeIgniter\View\View->render('site/aesExamen', Array, true)
#4 C:\wamp64\www\notes\app\Controllers\ControllerExamen.php(65): view('site/aesExamen', Array)
#5 C:\wamp64\www\notes\system\CodeIgniter.php(825): App\controllers\ControllerExamen->aesExamen()
#6 C:\wamp64\www\notes\system\CodeIgniter.php(412): CodeIgniter\CodeIgniter->runController(Object(App\controllers\ControllerExamen))
#7 C:\wamp64\www\notes\system\CodeIgniter.php(320): CodeIgniter\CodeIgniter->handleRequest(NULL, Object(Config\Cache), false)
#8 C:\wamp64\www\notes\index.php(37): CodeIgniter\CodeIgniter->run()
#9 {main}
CRITICAL - 2022-05-03 06:54:38 --> count(): Parameter must be an array or an object that implements Countable
#0 C:\wamp64\www\notes\app\Views\site\aesExamen.php(34): CodeIgniter\Debug\Exceptions->errorHandler(2, 'count(): Parame...', 'C:\\wamp64\\www\\n...', 34, Array)
#1 C:\wamp64\www\notes\system\View\View.php(210): include('C:\\wamp64\\www\\n...')
#2 C:\wamp64\www\notes\system\View\View.php(213): CodeIgniter\View\View->CodeIgniter\View\{closure}()
#3 C:\wamp64\www\notes\system\Common.php(1089): CodeIgniter\View\View->render('site/aesExamen', Array, true)
#4 C:\wamp64\www\notes\app\Controllers\ControllerExamen.php(65): view('site/aesExamen', Array)
#5 C:\wamp64\www\notes\system\CodeIgniter.php(825): App\controllers\ControllerExamen->aesExamen()
#6 C:\wamp64\www\notes\system\CodeIgniter.php(412): CodeIgniter\CodeIgniter->runController(Object(App\controllers\ControllerExamen))
#7 C:\wamp64\www\notes\system\CodeIgniter.php(320): CodeIgniter\CodeIgniter->handleRequest(NULL, Object(Config\Cache), false)
#8 C:\wamp64\www\notes\index.php(37): CodeIgniter\CodeIgniter->run()
#9 {main}
CRITICAL - 2022-05-03 06:54:38 --> count(): Parameter must be an array or an object that implements Countable
#0 C:\wamp64\www\notes\app\Views\site\aesExamen.php(34): CodeIgniter\Debug\Exceptions->errorHandler(2, 'count(): Parame...', 'C:\\wamp64\\www\\n...', 34, Array)
#1 C:\wamp64\www\notes\system\View\View.php(210): include('C:\\wamp64\\www\\n...')
#2 C:\wamp64\www\notes\system\View\View.php(213): CodeIgniter\View\View->CodeIgniter\View\{closure}()
#3 C:\wamp64\www\notes\system\Common.php(1089): CodeIgniter\View\View->render('site/aesExamen', Array, true)
#4 C:\wamp64\www\notes\app\Controllers\ControllerExamen.php(65): view('site/aesExamen', Array)
#5 C:\wamp64\www\notes\system\CodeIgniter.php(825): App\controllers\ControllerExamen->aesExamen()
#6 C:\wamp64\www\notes\system\CodeIgniter.php(412): CodeIgniter\CodeIgniter->runController(Object(App\controllers\ControllerExamen))
#7 C:\wamp64\www\notes\system\CodeIgniter.php(320): CodeIgniter\CodeIgniter->handleRequest(NULL, Object(Config\Cache), false)
#8 C:\wamp64\www\notes\index.php(37): CodeIgniter\CodeIgniter->run()
#9 {main}
CRITICAL - 2022-05-03 06:54:38 --> count(): Parameter must be an array or an object that implements Countable
#0 C:\wamp64\www\notes\app\Views\site\aesExamen.php(34): CodeIgniter\Debug\Exceptions->errorHandler(2, 'count(): Parame...', 'C:\\wamp64\\www\\n...', 34, Array)
#1 C:\wamp64\www\notes\system\View\View.php(210): include('C:\\wamp64\\www\\n...')
#2 C:\wamp64\www\notes\system\View\View.php(213): CodeIgniter\View\View->CodeIgniter\View\{closure}()
#3 C:\wamp64\www\notes\system\Common.php(1089): CodeIgniter\View\View->render('site/aesExamen', Array, true)
#4 C:\wamp64\www\notes\app\Controllers\ControllerExamen.php(65): view('site/aesExamen', Array)
#5 C:\wamp64\www\notes\system\CodeIgniter.php(825): App\controllers\ControllerExamen->aesExamen()
#6 C:\wamp64\www\notes\system\CodeIgniter.php(412): CodeIgniter\CodeIgniter->runController(Object(App\controllers\ControllerExamen))
#7 C:\wamp64\www\notes\system\CodeIgniter.php(320): CodeIgniter\CodeIgniter->handleRequest(NULL, Object(Config\Cache), false)
#8 C:\wamp64\www\notes\index.php(37): CodeIgniter\CodeIgniter->run()
#9 {main}
CRITICAL - 2022-05-03 06:54:39 --> count(): Parameter must be an array or an object that implements Countable
#0 C:\wamp64\www\notes\app\Views\site\aesExamen.php(34): CodeIgniter\Debug\Exceptions->errorHandler(2, 'count(): Parame...', 'C:\\wamp64\\www\\n...', 34, Array)
#1 C:\wamp64\www\notes\system\View\View.php(210): include('C:\\wamp64\\www\\n...')
#2 C:\wamp64\www\notes\system\View\View.php(213): CodeIgniter\View\View->CodeIgniter\View\{closure}()
#3 C:\wamp64\www\notes\system\Common.php(1089): CodeIgniter\View\View->render('site/aesExamen', Array, true)
#4 C:\wamp64\www\notes\app\Controllers\ControllerExamen.php(65): view('site/aesExamen', Array)
#5 C:\wamp64\www\notes\system\CodeIgniter.php(825): App\controllers\ControllerExamen->aesExamen()
#6 C:\wamp64\www\notes\system\CodeIgniter.php(412): CodeIgniter\CodeIgniter->runController(Object(App\controllers\ControllerExamen))
#7 C:\wamp64\www\notes\system\CodeIgniter.php(320): CodeIgniter\CodeIgniter->handleRequest(NULL, Object(Config\Cache), false)
#8 C:\wamp64\www\notes\index.php(37): CodeIgniter\CodeIgniter->run()
#9 {main}
CRITICAL - 2022-05-03 06:56:03 --> count(): Parameter must be an array or an object that implements Countable
#0 C:\wamp64\www\notes\app\Views\site\aesExamen.php(34): CodeIgniter\Debug\Exceptions->errorHandler(2, 'count(): Parame...', 'C:\\wamp64\\www\\n...', 34, Array)
#1 C:\wamp64\www\notes\system\View\View.php(210): include('C:\\wamp64\\www\\n...')
#2 C:\wamp64\www\notes\system\View\View.php(213): CodeIgniter\View\View->CodeIgniter\View\{closure}()
#3 C:\wamp64\www\notes\system\Common.php(1089): CodeIgniter\View\View->render('site/aesExamen', Array, true)
#4 C:\wamp64\www\notes\app\Controllers\ControllerExamen.php(65): view('site/aesExamen', Array)
#5 C:\wamp64\www\notes\system\CodeIgniter.php(825): App\controllers\ControllerExamen->aesExamen()
#6 C:\wamp64\www\notes\system\CodeIgniter.php(412): CodeIgniter\CodeIgniter->runController(Object(App\controllers\ControllerExamen))
#7 C:\wamp64\www\notes\system\CodeIgniter.php(320): CodeIgniter\CodeIgniter->handleRequest(NULL, Object(Config\Cache), false)
#8 C:\wamp64\www\notes\index.php(37): CodeIgniter\CodeIgniter->run()
#9 {main}
CRITICAL - 2022-05-03 06:56:04 --> count(): Parameter must be an array or an object that implements Countable
#0 C:\wamp64\www\notes\app\Views\site\aesExamen.php(34): CodeIgniter\Debug\Exceptions->errorHandler(2, 'count(): Parame...', 'C:\\wamp64\\www\\n...', 34, Array)
#1 C:\wamp64\www\notes\system\View\View.php(210): include('C:\\wamp64\\www\\n...')
#2 C:\wamp64\www\notes\system\View\View.php(213): CodeIgniter\View\View->CodeIgniter\View\{closure}()
#3 C:\wamp64\www\notes\system\Common.php(1089): CodeIgniter\View\View->render('site/aesExamen', Array, true)
#4 C:\wamp64\www\notes\app\Controllers\ControllerExamen.php(65): view('site/aesExamen', Array)
#5 C:\wamp64\www\notes\system\CodeIgniter.php(825): App\controllers\ControllerExamen->aesExamen()
#6 C:\wamp64\www\notes\system\CodeIgniter.php(412): CodeIgniter\CodeIgniter->runController(Object(App\controllers\ControllerExamen))
#7 C:\wamp64\www\notes\system\CodeIgniter.php(320): CodeIgniter\CodeIgniter->handleRequest(NULL, Object(Config\Cache), false)
#8 C:\wamp64\www\notes\index.php(37): CodeIgniter\CodeIgniter->run()
#9 {main}
CRITICAL - 2022-05-03 06:56:04 --> count(): Parameter must be an array or an object that implements Countable
#0 C:\wamp64\www\notes\app\Views\site\aesExamen.php(34): CodeIgniter\Debug\Exceptions->errorHandler(2, 'count(): Parame...', 'C:\\wamp64\\www\\n...', 34, Array)
#1 C:\wamp64\www\notes\system\View\View.php(210): include('C:\\wamp64\\www\\n...')
#2 C:\wamp64\www\notes\system\View\View.php(213): CodeIgniter\View\View->CodeIgniter\View\{closure}()
#3 C:\wamp64\www\notes\system\Common.php(1089): CodeIgniter\View\View->render('site/aesExamen', Array, true)
#4 C:\wamp64\www\notes\app\Controllers\ControllerExamen.php(65): view('site/aesExamen', Array)
#5 C:\wamp64\www\notes\system\CodeIgniter.php(825): App\controllers\ControllerExamen->aesExamen()
#6 C:\wamp64\www\notes\system\CodeIgniter.php(412): CodeIgniter\CodeIgniter->runController(Object(App\controllers\ControllerExamen))
#7 C:\wamp64\www\notes\system\CodeIgniter.php(320): CodeIgniter\CodeIgniter->handleRequest(NULL, Object(Config\Cache), false)
#8 C:\wamp64\www\notes\index.php(37): CodeIgniter\CodeIgniter->run()
#9 {main}
CRITICAL - 2022-05-03 06:56:04 --> count(): Parameter must be an array or an object that implements Countable
#0 C:\wamp64\www\notes\app\Views\site\aesExamen.php(34): CodeIgniter\Debug\Exceptions->errorHandler(2, 'count(): Parame...', 'C:\\wamp64\\www\\n...', 34, Array)
#1 C:\wamp64\www\notes\system\View\View.php(210): include('C:\\wamp64\\www\\n...')
#2 C:\wamp64\www\notes\system\View\View.php(213): CodeIgniter\View\View->CodeIgniter\View\{closure}()
#3 C:\wamp64\www\notes\system\Common.php(1089): CodeIgniter\View\View->render('site/aesExamen', Array, true)
#4 C:\wamp64\www\notes\app\Controllers\ControllerExamen.php(65): view('site/aesExamen', Array)
#5 C:\wamp64\www\notes\system\CodeIgniter.php(825): App\controllers\ControllerExamen->aesExamen()
#6 C:\wamp64\www\notes\system\CodeIgniter.php(412): CodeIgniter\CodeIgniter->runController(Object(App\controllers\ControllerExamen))
#7 C:\wamp64\www\notes\system\CodeIgniter.php(320): CodeIgniter\CodeIgniter->handleRequest(NULL, Object(Config\Cache), false)
#8 C:\wamp64\www\notes\index.php(37): CodeIgniter\CodeIgniter->run()
#9 {main}
CRITICAL - 2022-05-03 06:56:06 --> count(): Parameter must be an array or an object that implements Countable
#0 C:\wamp64\www\notes\app\Views\site\aesExamen.php(34): CodeIgniter\Debug\Exceptions->errorHandler(2, 'count(): Parame...', 'C:\\wamp64\\www\\n...', 34, Array)
#1 C:\wamp64\www\notes\system\View\View.php(210): include('C:\\wamp64\\www\\n...')
#2 C:\wamp64\www\notes\system\View\View.php(213): CodeIgniter\View\View->CodeIgniter\View\{closure}()
#3 C:\wamp64\www\notes\system\Common.php(1089): CodeIgniter\View\View->render('site/aesExamen', Array, true)
#4 C:\wamp64\www\notes\app\Controllers\ControllerExamen.php(65): view('site/aesExamen', Array)
#5 C:\wamp64\www\notes\system\CodeIgniter.php(825): App\controllers\ControllerExamen->aesExamen()
#6 C:\wamp64\www\notes\system\CodeIgniter.php(412): CodeIgniter\CodeIgniter->runController(Object(App\controllers\ControllerExamen))
#7 C:\wamp64\www\notes\system\CodeIgniter.php(320): CodeIgniter\CodeIgniter->handleRequest(NULL, Object(Config\Cache), false)
#8 C:\wamp64\www\notes\index.php(37): CodeIgniter\CodeIgniter->run()
#9 {main}
CRITICAL - 2022-05-03 06:56:46 --> count(): Parameter must be an array or an object that implements Countable
#0 C:\wamp64\www\notes\app\Views\site\aesExamen.php(34): CodeIgniter\Debug\Exceptions->errorHandler(2, 'count(): Parame...', 'C:\\wamp64\\www\\n...', 34, Array)
#1 C:\wamp64\www\notes\system\View\View.php(210): include('C:\\wamp64\\www\\n...')
#2 C:\wamp64\www\notes\system\View\View.php(213): CodeIgniter\View\View->CodeIgniter\View\{closure}()
#3 C:\wamp64\www\notes\system\Common.php(1089): CodeIgniter\View\View->render('site/aesExamen', Array, true)
#4 C:\wamp64\www\notes\app\Controllers\ControllerExamen.php(65): view('site/aesExamen', Array)
#5 C:\wamp64\www\notes\system\CodeIgniter.php(825): App\controllers\ControllerExamen->aesExamen()
#6 C:\wamp64\www\notes\system\CodeIgniter.php(412): CodeIgniter\CodeIgniter->runController(Object(App\controllers\ControllerExamen))
#7 C:\wamp64\www\notes\system\CodeIgniter.php(320): CodeIgniter\CodeIgniter->handleRequest(NULL, Object(Config\Cache), false)
#8 C:\wamp64\www\notes\index.php(37): CodeIgniter\CodeIgniter->run()
#9 {main}
CRITICAL - 2022-05-03 06:56:47 --> count(): Parameter must be an array or an object that implements Countable
#0 C:\wamp64\www\notes\app\Views\site\aesExamen.php(34): CodeIgniter\Debug\Exceptions->errorHandler(2, 'count(): Parame...', 'C:\\wamp64\\www\\n...', 34, Array)
#1 C:\wamp64\www\notes\system\View\View.php(210): include('C:\\wamp64\\www\\n...')
#2 C:\wamp64\www\notes\system\View\View.php(213): CodeIgniter\View\View->CodeIgniter\View\{closure}()
#3 C:\wamp64\www\notes\system\Common.php(1089): CodeIgniter\View\View->render('site/aesExamen', Array, true)
#4 C:\wamp64\www\notes\app\Controllers\ControllerExamen.php(65): view('site/aesExamen', Array)
#5 C:\wamp64\www\notes\system\CodeIgniter.php(825): App\controllers\ControllerExamen->aesExamen()
#6 C:\wamp64\www\notes\system\CodeIgniter.php(412): CodeIgniter\CodeIgniter->runController(Object(App\controllers\ControllerExamen))
#7 C:\wamp64\www\notes\system\CodeIgniter.php(320): CodeIgniter\CodeIgniter->handleRequest(NULL, Object(Config\Cache), false)
#8 C:\wamp64\www\notes\index.php(37): CodeIgniter\CodeIgniter->run()
#9 {main}
CRITICAL - 2022-05-03 06:56:49 --> count(): Parameter must be an array or an object that implements Countable
#0 C:\wamp64\www\notes\app\Views\site\aesExamen.php(34): CodeIgniter\Debug\Exceptions->errorHandler(2, 'count(): Parame...', 'C:\\wamp64\\www\\n...', 34, Array)
#1 C:\wamp64\www\notes\system\View\View.php(210): include('C:\\wamp64\\www\\n...')
#2 C:\wamp64\www\notes\system\View\View.php(213): CodeIgniter\View\View->CodeIgniter\View\{closure}()
#3 C:\wamp64\www\notes\system\Common.php(1089): CodeIgniter\View\View->render('site/aesExamen', Array, true)
#4 C:\wamp64\www\notes\app\Controllers\ControllerExamen.php(65): view('site/aesExamen', Array)
#5 C:\wamp64\www\notes\system\CodeIgniter.php(825): App\controllers\ControllerExamen->aesExamen()
#6 C:\wamp64\www\notes\system\CodeIgniter.php(412): CodeIgniter\CodeIgniter->runController(Object(App\controllers\ControllerExamen))
#7 C:\wamp64\www\notes\system\CodeIgniter.php(320): CodeIgniter\CodeIgniter->handleRequest(NULL, Object(Config\Cache), false)
#8 C:\wamp64\www\notes\index.php(37): CodeIgniter\CodeIgniter->run()
#9 {main}
CRITICAL - 2022-05-03 06:57:01 --> count(): Parameter must be an array or an object that implements Countable
#0 C:\wamp64\www\notes\app\Views\site\aesExamen.php(34): CodeIgniter\Debug\Exceptions->errorHandler(2, 'count(): Parame...', 'C:\\wamp64\\www\\n...', 34, Array)
#1 C:\wamp64\www\notes\system\View\View.php(210): include('C:\\wamp64\\www\\n...')
#2 C:\wamp64\www\notes\system\View\View.php(213): CodeIgniter\View\View->CodeIgniter\View\{closure}()
#3 C:\wamp64\www\notes\system\Common.php(1089): CodeIgniter\View\View->render('site/aesExamen', Array, true)
#4 C:\wamp64\www\notes\app\Controllers\ControllerExamen.php(65): view('site/aesExamen')
#5 C:\wamp64\www\notes\system\CodeIgniter.php(825): App\controllers\ControllerExamen->aesExamen()
#6 C:\wamp64\www\notes\system\CodeIgniter.php(412): CodeIgniter\CodeIgniter->runController(Object(App\controllers\ControllerExamen))
#7 C:\wamp64\www\notes\system\CodeIgniter.php(320): CodeIgniter\CodeIgniter->handleRequest(NULL, Object(Config\Cache), false)
#8 C:\wamp64\www\notes\index.php(37): CodeIgniter\CodeIgniter->run()
#9 {main}
CRITICAL - 2022-05-03 06:57:02 --> count(): Parameter must be an array or an object that implements Countable
#0 C:\wamp64\www\notes\app\Views\site\aesExamen.php(34): CodeIgniter\Debug\Exceptions->errorHandler(2, 'count(): Parame...', 'C:\\wamp64\\www\\n...', 34, Array)
#1 C:\wamp64\www\notes\system\View\View.php(210): include('C:\\wamp64\\www\\n...')
#2 C:\wamp64\www\notes\system\View\View.php(213): CodeIgniter\View\View->CodeIgniter\View\{closure}()
#3 C:\wamp64\www\notes\system\Common.php(1089): CodeIgniter\View\View->render('site/aesExamen', Array, true)
#4 C:\wamp64\www\notes\app\Controllers\ControllerExamen.php(65): view('site/aesExamen')
#5 C:\wamp64\www\notes\system\CodeIgniter.php(825): App\controllers\ControllerExamen->aesExamen()
#6 C:\wamp64\www\notes\system\CodeIgniter.php(412): CodeIgniter\CodeIgniter->runController(Object(App\controllers\ControllerExamen))
#7 C:\wamp64\www\notes\system\CodeIgniter.php(320): CodeIgniter\CodeIgniter->handleRequest(NULL, Object(Config\Cache), false)
#8 C:\wamp64\www\notes\index.php(37): CodeIgniter\CodeIgniter->run()
#9 {main}
CRITICAL - 2022-05-03 06:57:02 --> count(): Parameter must be an array or an object that implements Countable
#0 C:\wamp64\www\notes\app\Views\site\aesExamen.php(34): CodeIgniter\Debug\Exceptions->errorHandler(2, 'count(): Parame...', 'C:\\wamp64\\www\\n...', 34, Array)
#1 C:\wamp64\www\notes\system\View\View.php(210): include('C:\\wamp64\\www\\n...')
#2 C:\wamp64\www\notes\system\View\View.php(213): CodeIgniter\View\View->CodeIgniter\View\{closure}()
#3 C:\wamp64\www\notes\system\Common.php(1089): CodeIgniter\View\View->render('site/aesExamen', Array, true)
#4 C:\wamp64\www\notes\app\Controllers\ControllerExamen.php(65): view('site/aesExamen')
#5 C:\wamp64\www\notes\system\CodeIgniter.php(825): App\controllers\ControllerExamen->aesExamen()
#6 C:\wamp64\www\notes\system\CodeIgniter.php(412): CodeIgniter\CodeIgniter->runController(Object(App\controllers\ControllerExamen))
#7 C:\wamp64\www\notes\system\CodeIgniter.php(320): CodeIgniter\CodeIgniter->handleRequest(NULL, Object(Config\Cache), false)
#8 C:\wamp64\www\notes\index.php(37): CodeIgniter\CodeIgniter->run()
#9 {main}
CRITICAL - 2022-05-03 06:57:04 --> count(): Parameter must be an array or an object that implements Countable
#0 C:\wamp64\www\notes\app\Views\site\aesExamen.php(34): CodeIgniter\Debug\Exceptions->errorHandler(2, 'count(): Parame...', 'C:\\wamp64\\www\\n...', 34, Array)
#1 C:\wamp64\www\notes\system\View\View.php(210): include('C:\\wamp64\\www\\n...')
#2 C:\wamp64\www\notes\system\View\View.php(213): CodeIgniter\View\View->CodeIgniter\View\{closure}()
#3 C:\wamp64\www\notes\system\Common.php(1089): CodeIgniter\View\View->render('site/aesExamen', Array, true)
#4 C:\wamp64\www\notes\app\Controllers\ControllerExamen.php(65): view('site/aesExamen')
#5 C:\wamp64\www\notes\system\CodeIgniter.php(825): App\controllers\ControllerExamen->aesExamen()
#6 C:\wamp64\www\notes\system\CodeIgniter.php(412): CodeIgniter\CodeIgniter->runController(Object(App\controllers\ControllerExamen))
#7 C:\wamp64\www\notes\system\CodeIgniter.php(320): CodeIgniter\CodeIgniter->handleRequest(NULL, Object(Config\Cache), false)
#8 C:\wamp64\www\notes\index.php(37): CodeIgniter\CodeIgniter->run()
#9 {main}
CRITICAL - 2022-05-03 06:57:10 --> count(): Parameter must be an array or an object that implements Countable
#0 C:\wamp64\www\notes\app\Views\site\aesExamen.php(34): CodeIgniter\Debug\Exceptions->errorHandler(2, 'count(): Parame...', 'C:\\wamp64\\www\\n...', 34, Array)
#1 C:\wamp64\www\notes\system\View\View.php(210): include('C:\\wamp64\\www\\n...')
#2 C:\wamp64\www\notes\system\View\View.php(213): CodeIgniter\View\View->CodeIgniter\View\{closure}()
#3 C:\wamp64\www\notes\system\Common.php(1089): CodeIgniter\View\View->render('site/aesExamen', Array, true)
#4 C:\wamp64\www\notes\app\Controllers\ControllerExamen.php(65): view('site/aesExamen')
#5 C:\wamp64\www\notes\system\CodeIgniter.php(825): App\controllers\ControllerExamen->aesExamen()
#6 C:\wamp64\www\notes\system\CodeIgniter.php(412): CodeIgniter\CodeIgniter->runController(Object(App\controllers\ControllerExamen))
#7 C:\wamp64\www\notes\system\CodeIgniter.php(320): CodeIgniter\CodeIgniter->handleRequest(NULL, Object(Config\Cache), false)
#8 C:\wamp64\www\notes\index.php(37): CodeIgniter\CodeIgniter->run()
#9 {main}
CRITICAL - 2022-05-03 06:58:32 --> Class 'App\controllers\modelTest' not found
#0 C:\wamp64\www\notes\system\CodeIgniter.php(825): App\controllers\ControllerExamen->aesExamen()
#1 C:\wamp64\www\notes\system\CodeIgniter.php(412): CodeIgniter\CodeIgniter->runController(Object(App\controllers\ControllerExamen))
#2 C:\wamp64\www\notes\system\CodeIgniter.php(320): CodeIgniter\CodeIgniter->handleRequest(NULL, Object(Config\Cache), false)
#3 C:\wamp64\www\notes\index.php(37): CodeIgniter\CodeIgniter->run()
#4 {main}
CRITICAL - 2022-05-03 06:58:37 --> Class 'App\controllers\modelTest' not found
#0 C:\wamp64\www\notes\system\CodeIgniter.php(825): App\controllers\ControllerExamen->aesExamen()
#1 C:\wamp64\www\notes\system\CodeIgniter.php(412): CodeIgniter\CodeIgniter->runController(Object(App\controllers\ControllerExamen))
#2 C:\wamp64\www\notes\system\CodeIgniter.php(320): CodeIgniter\CodeIgniter->handleRequest(NULL, Object(Config\Cache), false)
#3 C:\wamp64\www\notes\index.php(37): CodeIgniter\CodeIgniter->run()
#4 {main}
