CRITICAL - 2022-05-01 06:43:03 --> count(): Parameter must be an array or an object that implements Countable
#0 C:\wamp64\www\notes\app\Views\site\aes.php(34): CodeIgniter\Debug\Exceptions->errorHandler(2, 'count(): Parame...', 'C:\\wamp64\\www\\n...', 34, Array)
#1 C:\wamp64\www\notes\system\View\View.php(210): include('C:\\wamp64\\www\\n...')
#2 C:\wamp64\www\notes\system\View\View.php(213): CodeIgniter\View\View->CodeIgniter\View\{closure}()
#3 C:\wamp64\www\notes\system\Common.php(1089): CodeIgniter\View\View->render('site/aes', Array, true)
#4 C:\wamp64\www\notes\app\Controllers\Acceil.php(131): view('site/aes', Array)
#5 C:\wamp64\www\notes\system\CodeIgniter.php(825): App\controllers\Acceil->licence1('L3')
#6 C:\wamp64\www\notes\system\CodeIgniter.php(412): CodeIgniter\CodeIgniter->runController(Object(App\controllers\Acceil))
#7 C:\wamp64\www\notes\system\CodeIgniter.php(320): CodeIgniter\CodeIgniter->handleRequest(NULL, Object(Config\Cache), false)
#8 C:\wamp64\www\notes\index.php(37): CodeIgniter\CodeIgniter->run()
#9 {main}
CRITICAL - 2022-05-01 06:44:01 --> count(): Parameter must be an array or an object that implements Countable
#0 C:\wamp64\www\notes\app\Views\site\aes.php(34): CodeIgniter\Debug\Exceptions->errorHandler(2, 'count(): Parame...', 'C:\\wamp64\\www\\n...', 34, Array)
#1 C:\wamp64\www\notes\system\View\View.php(210): include('C:\\wamp64\\www\\n...')
#2 C:\wamp64\www\notes\system\View\View.php(213): CodeIgniter\View\View->CodeIgniter\View\{closure}()
#3 C:\wamp64\www\notes\system\Common.php(1089): CodeIgniter\View\View->render('site/aes', Array, true)
#4 C:\wamp64\www\notes\app\Controllers\Acceil.php(131): view('site/aes', Array)
#5 C:\wamp64\www\notes\system\CodeIgniter.php(825): App\controllers\Acceil->licence1('L1')
#6 C:\wamp64\www\notes\system\CodeIgniter.php(412): CodeIgniter\CodeIgniter->runController(Object(App\controllers\Acceil))
#7 C:\wamp64\www\notes\system\CodeIgniter.php(320): CodeIgniter\CodeIgniter->handleRequest(NULL, Object(Config\Cache), false)
#8 C:\wamp64\www\notes\index.php(37): CodeIgniter\CodeIgniter->run()
#9 {main}
CRITICAL - 2022-05-01 07:01:17 --> Invalid file: Modification/editEtudiant.php
#0 C:\wamp64\www\notes\system\View\View.php(198): CodeIgniter\Exceptions\FrameworkException::forInvalidFile('Modification/ed...')
#1 C:\wamp64\www\notes\system\Common.php(1089): CodeIgniter\View\View->render('Modification/ed...', Array, true)
#2 C:\wamp64\www\notes\app\Controllers\Acceil.php(156): view('Modification/ed...')
#3 C:\wamp64\www\notes\system\CodeIgniter.php(825): App\controllers\Acceil->editEtudiant('3071')
#4 C:\wamp64\www\notes\system\CodeIgniter.php(412): CodeIgniter\CodeIgniter->runController(Object(App\controllers\Acceil))
#5 C:\wamp64\www\notes\system\CodeIgniter.php(320): CodeIgniter\CodeIgniter->handleRequest(NULL, Object(Config\Cache), false)
#6 C:\wamp64\www\notes\index.php(37): CodeIgniter\CodeIgniter->run()
#7 {main}
CRITICAL - 2022-05-01 07:01:20 --> Invalid file: Modification/editEtudiant.php
#0 C:\wamp64\www\notes\system\View\View.php(198): CodeIgniter\Exceptions\FrameworkException::forInvalidFile('Modification/ed...')
#1 C:\wamp64\www\notes\system\Common.php(1089): CodeIgniter\View\View->render('Modification/ed...', Array, true)
#2 C:\wamp64\www\notes\app\Controllers\Acceil.php(156): view('Modification/ed...')
#3 C:\wamp64\www\notes\system\CodeIgniter.php(825): App\controllers\Acceil->editEtudiant('3071')
#4 C:\wamp64\www\notes\system\CodeIgniter.php(412): CodeIgniter\CodeIgniter->runController(Object(App\controllers\Acceil))
#5 C:\wamp64\www\notes\system\CodeIgniter.php(320): CodeIgniter\CodeIgniter->handleRequest(NULL, Object(Config\Cache), false)
#6 C:\wamp64\www\notes\index.php(37): CodeIgniter\CodeIgniter->run()
#7 {main}
CRITICAL - 2022-05-01 07:01:24 --> Invalid file: Modification/editEtudiant.php
#0 C:\wamp64\www\notes\system\View\View.php(198): CodeIgniter\Exceptions\FrameworkException::forInvalidFile('Modification/ed...')
#1 C:\wamp64\www\notes\system\Common.php(1089): CodeIgniter\View\View->render('Modification/ed...', Array, true)
#2 C:\wamp64\www\notes\app\Controllers\Acceil.php(156): view('Modification/ed...')
#3 C:\wamp64\www\notes\system\CodeIgniter.php(825): App\controllers\Acceil->editEtudiant('3071')
#4 C:\wamp64\www\notes\system\CodeIgniter.php(412): CodeIgniter\CodeIgniter->runController(Object(App\controllers\Acceil))
#5 C:\wamp64\www\notes\system\CodeIgniter.php(320): CodeIgniter\CodeIgniter->handleRequest(NULL, Object(Config\Cache), false)
#6 C:\wamp64\www\notes\index.php(37): CodeIgniter\CodeIgniter->run()
#7 {main}
CRITICAL - 2022-05-01 07:05:58 --> count(): Parameter must be an array or an object that implements Countable
#0 C:\wamp64\www\notes\app\Views\site\aes.php(34): CodeIgniter\Debug\Exceptions->errorHandler(2, 'count(): Parame...', 'C:\\wamp64\\www\\n...', 34, Array)
#1 C:\wamp64\www\notes\system\View\View.php(210): include('C:\\wamp64\\www\\n...')
#2 C:\wamp64\www\notes\system\View\View.php(213): CodeIgniter\View\View->CodeIgniter\View\{closure}()
#3 C:\wamp64\www\notes\system\Common.php(1089): CodeIgniter\View\View->render('site/aes', Array, true)
#4 C:\wamp64\www\notes\app\Controllers\Acceil.php(131): view('site/aes', Array)
#5 C:\wamp64\www\notes\system\CodeIgniter.php(825): App\controllers\Acceil->licence1('L1')
#6 C:\wamp64\www\notes\system\CodeIgniter.php(412): CodeIgniter\CodeIgniter->runController(Object(App\controllers\Acceil))
#7 C:\wamp64\www\notes\system\CodeIgniter.php(320): CodeIgniter\CodeIgniter->handleRequest(NULL, Object(Config\Cache), false)
#8 C:\wamp64\www\notes\index.php(37): CodeIgniter\CodeIgniter->run()
#9 {main}
CRITICAL - 2022-05-01 07:21:35 --> count(): Parameter must be an array or an object that implements Countable
#0 C:\wamp64\www\notes\app\Views\site\aes.php(34): CodeIgniter\Debug\Exceptions->errorHandler(2, 'count(): Parame...', 'C:\\wamp64\\www\\n...', 34, Array)
#1 C:\wamp64\www\notes\system\View\View.php(210): include('C:\\wamp64\\www\\n...')
#2 C:\wamp64\www\notes\system\View\View.php(213): CodeIgniter\View\View->CodeIgniter\View\{closure}()
#3 C:\wamp64\www\notes\system\Common.php(1089): CodeIgniter\View\View->render('site/aes', Array, true)
#4 C:\wamp64\www\notes\app\Controllers\Acceil.php(131): view('site/aes', Array)
#5 C:\wamp64\www\notes\system\CodeIgniter.php(825): App\controllers\Acceil->licence1('L1')
#6 C:\wamp64\www\notes\system\CodeIgniter.php(412): CodeIgniter\CodeIgniter->runController(Object(App\controllers\Acceil))
#7 C:\wamp64\www\notes\system\CodeIgniter.php(320): CodeIgniter\CodeIgniter->handleRequest(NULL, Object(Config\Cache), false)
#8 C:\wamp64\www\notes\index.php(37): CodeIgniter\CodeIgniter->run()
#9 {main}
CRITICAL - 2022-05-01 07:34:43 --> Call to undefined function App\controllers\select()
#0 C:\wamp64\www\notes\system\CodeIgniter.php(825): App\controllers\Acceil->licence1('L1')
#1 C:\wamp64\www\notes\system\CodeIgniter.php(412): CodeIgniter\CodeIgniter->runController(Object(App\controllers\Acceil))
#2 C:\wamp64\www\notes\system\CodeIgniter.php(320): CodeIgniter\CodeIgniter->handleRequest(NULL, Object(Config\Cache), false)
#3 C:\wamp64\www\notes\index.php(37): CodeIgniter\CodeIgniter->run()
#4 {main}
CRITICAL - 2022-05-01 07:35:15 --> Call to undefined function App\controllers\select()
#0 C:\wamp64\www\notes\system\CodeIgniter.php(825): App\controllers\Acceil->licence1('L1')
#1 C:\wamp64\www\notes\system\CodeIgniter.php(412): CodeIgniter\CodeIgniter->runController(Object(App\controllers\Acceil))
#2 C:\wamp64\www\notes\system\CodeIgniter.php(320): CodeIgniter\CodeIgniter->handleRequest(NULL, Object(Config\Cache), false)
#3 C:\wamp64\www\notes\index.php(37): CodeIgniter\CodeIgniter->run()
#4 {main}
CRITICAL - 2022-05-01 07:36:07 --> Call to a member function select() on null
#0 C:\wamp64\www\notes\system\CodeIgniter.php(825): App\controllers\Acceil->licence1('L1')
#1 C:\wamp64\www\notes\system\CodeIgniter.php(412): CodeIgniter\CodeIgniter->runController(Object(App\controllers\Acceil))
#2 C:\wamp64\www\notes\system\CodeIgniter.php(320): CodeIgniter\CodeIgniter->handleRequest(NULL, Object(Config\Cache), false)
#3 C:\wamp64\www\notes\index.php(37): CodeIgniter\CodeIgniter->run()
#4 {main}
CRITICAL - 2022-05-01 07:45:01 --> count(): Parameter must be an array or an object that implements Countable
#0 C:\wamp64\www\notes\app\Views\site\aes.php(175): CodeIgniter\Debug\Exceptions->errorHandler(2, 'count(): Parame...', 'C:\\wamp64\\www\\n...', 175, Array)
#1 C:\wamp64\www\notes\system\View\View.php(210): include('C:\\wamp64\\www\\n...')
#2 C:\wamp64\www\notes\system\View\View.php(213): CodeIgniter\View\View->CodeIgniter\View\{closure}()
#3 C:\wamp64\www\notes\system\Common.php(1089): CodeIgniter\View\View->render('site/aes', Array, true)
#4 C:\wamp64\www\notes\app\Controllers\Acceil.php(60): view('site/aes', Array)
#5 C:\wamp64\www\notes\system\CodeIgniter.php(825): App\controllers\Acceil->aesFunction()
#6 C:\wamp64\www\notes\system\CodeIgniter.php(412): CodeIgniter\CodeIgniter->runController(Object(App\controllers\Acceil))
#7 C:\wamp64\www\notes\system\CodeIgniter.php(320): CodeIgniter\CodeIgniter->handleRequest(NULL, Object(Config\Cache), false)
#8 C:\wamp64\www\notes\index.php(37): CodeIgniter\CodeIgniter->run()
#9 {main}
CRITICAL - 2022-05-01 07:45:05 --> count(): Parameter must be an array or an object that implements Countable
#0 C:\wamp64\www\notes\app\Views\site\aes.php(175): CodeIgniter\Debug\Exceptions->errorHandler(2, 'count(): Parame...', 'C:\\wamp64\\www\\n...', 175, Array)
#1 C:\wamp64\www\notes\system\View\View.php(210): include('C:\\wamp64\\www\\n...')
#2 C:\wamp64\www\notes\system\View\View.php(213): CodeIgniter\View\View->CodeIgniter\View\{closure}()
#3 C:\wamp64\www\notes\system\Common.php(1089): CodeIgniter\View\View->render('site/aes', Array, true)
#4 C:\wamp64\www\notes\app\Controllers\Acceil.php(60): view('site/aes', Array)
#5 C:\wamp64\www\notes\system\CodeIgniter.php(825): App\controllers\Acceil->aesFunction()
#6 C:\wamp64\www\notes\system\CodeIgniter.php(412): CodeIgniter\CodeIgniter->runController(Object(App\controllers\Acceil))
#7 C:\wamp64\www\notes\system\CodeIgniter.php(320): CodeIgniter\CodeIgniter->handleRequest(NULL, Object(Config\Cache), false)
#8 C:\wamp64\www\notes\index.php(37): CodeIgniter\CodeIgniter->run()
#9 {main}
CRITICAL - 2022-05-01 07:45:07 --> count(): Parameter must be an array or an object that implements Countable
#0 C:\wamp64\www\notes\app\Views\site\aes.php(175): CodeIgniter\Debug\Exceptions->errorHandler(2, 'count(): Parame...', 'C:\\wamp64\\www\\n...', 175, Array)
#1 C:\wamp64\www\notes\system\View\View.php(210): include('C:\\wamp64\\www\\n...')
#2 C:\wamp64\www\notes\system\View\View.php(213): CodeIgniter\View\View->CodeIgniter\View\{closure}()
#3 C:\wamp64\www\notes\system\Common.php(1089): CodeIgniter\View\View->render('site/aes', Array, true)
#4 C:\wamp64\www\notes\app\Controllers\Acceil.php(60): view('site/aes', Array)
#5 C:\wamp64\www\notes\system\CodeIgniter.php(825): App\controllers\Acceil->aesFunction()
#6 C:\wamp64\www\notes\system\CodeIgniter.php(412): CodeIgniter\CodeIgniter->runController(Object(App\controllers\Acceil))
#7 C:\wamp64\www\notes\system\CodeIgniter.php(320): CodeIgniter\CodeIgniter->handleRequest(NULL, Object(Config\Cache), false)
#8 C:\wamp64\www\notes\index.php(37): CodeIgniter\CodeIgniter->run()
#9 {main}
CRITICAL - 2022-05-01 07:45:07 --> count(): Parameter must be an array or an object that implements Countable
#0 C:\wamp64\www\notes\app\Views\site\aes.php(175): CodeIgniter\Debug\Exceptions->errorHandler(2, 'count(): Parame...', 'C:\\wamp64\\www\\n...', 175, Array)
#1 C:\wamp64\www\notes\system\View\View.php(210): include('C:\\wamp64\\www\\n...')
#2 C:\wamp64\www\notes\system\View\View.php(213): CodeIgniter\View\View->CodeIgniter\View\{closure}()
#3 C:\wamp64\www\notes\system\Common.php(1089): CodeIgniter\View\View->render('site/aes', Array, true)
#4 C:\wamp64\www\notes\app\Controllers\Acceil.php(60): view('site/aes', Array)
#5 C:\wamp64\www\notes\system\CodeIgniter.php(825): App\controllers\Acceil->aesFunction()
#6 C:\wamp64\www\notes\system\CodeIgniter.php(412): CodeIgniter\CodeIgniter->runController(Object(App\controllers\Acceil))
#7 C:\wamp64\www\notes\system\CodeIgniter.php(320): CodeIgniter\CodeIgniter->handleRequest(NULL, Object(Config\Cache), false)
#8 C:\wamp64\www\notes\index.php(37): CodeIgniter\CodeIgniter->run()
#9 {main}
CRITICAL - 2022-05-01 07:45:07 --> count(): Parameter must be an array or an object that implements Countable
#0 C:\wamp64\www\notes\app\Views\site\aes.php(175): CodeIgniter\Debug\Exceptions->errorHandler(2, 'count(): Parame...', 'C:\\wamp64\\www\\n...', 175, Array)
#1 C:\wamp64\www\notes\system\View\View.php(210): include('C:\\wamp64\\www\\n...')
#2 C:\wamp64\www\notes\system\View\View.php(213): CodeIgniter\View\View->CodeIgniter\View\{closure}()
#3 C:\wamp64\www\notes\system\Common.php(1089): CodeIgniter\View\View->render('site/aes', Array, true)
#4 C:\wamp64\www\notes\app\Controllers\Acceil.php(60): view('site/aes', Array)
#5 C:\wamp64\www\notes\system\CodeIgniter.php(825): App\controllers\Acceil->aesFunction()
#6 C:\wamp64\www\notes\system\CodeIgniter.php(412): CodeIgniter\CodeIgniter->runController(Object(App\controllers\Acceil))
#7 C:\wamp64\www\notes\system\CodeIgniter.php(320): CodeIgniter\CodeIgniter->handleRequest(NULL, Object(Config\Cache), false)
#8 C:\wamp64\www\notes\index.php(37): CodeIgniter\CodeIgniter->run()
#9 {main}
CRITICAL - 2022-05-01 07:50:18 --> count(): Parameter must be an array or an object that implements Countable
#0 C:\wamp64\www\notes\app\Views\site\listeL1Aes.php(34): CodeIgniter\Debug\Exceptions->errorHandler(2, 'count(): Parame...', 'C:\\wamp64\\www\\n...', 34, Array)
#1 C:\wamp64\www\notes\system\View\View.php(210): include('C:\\wamp64\\www\\n...')
#2 C:\wamp64\www\notes\system\View\View.php(213): CodeIgniter\View\View->CodeIgniter\View\{closure}()
#3 C:\wamp64\www\notes\system\Common.php(1089): CodeIgniter\View\View->render('site/listeL1Aes', Array, true)
#4 C:\wamp64\www\notes\app\Controllers\Acceil.php(136): view('site/listeL1Aes', Array)
#5 C:\wamp64\www\notes\system\CodeIgniter.php(825): App\controllers\Acceil->licence1('L1')
#6 C:\wamp64\www\notes\system\CodeIgniter.php(412): CodeIgniter\CodeIgniter->runController(Object(App\controllers\Acceil))
#7 C:\wamp64\www\notes\system\CodeIgniter.php(320): CodeIgniter\CodeIgniter->handleRequest(NULL, Object(Config\Cache), false)
#8 C:\wamp64\www\notes\index.php(37): CodeIgniter\CodeIgniter->run()
#9 {main}
CRITICAL - 2022-05-01 08:08:14 --> count(): Parameter must be an array or an object that implements Countable
#0 C:\wamp64\www\notes\app\Views\site\aes.php(34): CodeIgniter\Debug\Exceptions->errorHandler(2, 'count(): Parame...', 'C:\\wamp64\\www\\n...', 34, Array)
#1 C:\wamp64\www\notes\system\View\View.php(210): include('C:\\wamp64\\www\\n...')
#2 C:\wamp64\www\notes\system\View\View.php(213): CodeIgniter\View\View->CodeIgniter\View\{closure}()
#3 C:\wamp64\www\notes\system\Common.php(1089): CodeIgniter\View\View->render('site/aes', Array, true)
#4 C:\wamp64\www\notes\app\Controllers\Acceil.php(136): view('site/aes', Array)
#5 C:\wamp64\www\notes\system\CodeIgniter.php(825): App\controllers\Acceil->licence1('L1')
#6 C:\wamp64\www\notes\system\CodeIgniter.php(412): CodeIgniter\CodeIgniter->runController(Object(App\controllers\Acceil))
#7 C:\wamp64\www\notes\system\CodeIgniter.php(320): CodeIgniter\CodeIgniter->handleRequest(NULL, Object(Config\Cache), false)
#8 C:\wamp64\www\notes\index.php(37): CodeIgniter\CodeIgniter->run()
#9 {main}
CRITICAL - 2022-05-01 08:08:17 --> count(): Parameter must be an array or an object that implements Countable
#0 C:\wamp64\www\notes\app\Views\site\aes.php(34): CodeIgniter\Debug\Exceptions->errorHandler(2, 'count(): Parame...', 'C:\\wamp64\\www\\n...', 34, Array)
#1 C:\wamp64\www\notes\system\View\View.php(210): include('C:\\wamp64\\www\\n...')
#2 C:\wamp64\www\notes\system\View\View.php(213): CodeIgniter\View\View->CodeIgniter\View\{closure}()
#3 C:\wamp64\www\notes\system\Common.php(1089): CodeIgniter\View\View->render('site/aes', Array, true)
#4 C:\wamp64\www\notes\app\Controllers\Acceil.php(136): view('site/aes', Array)
#5 C:\wamp64\www\notes\system\CodeIgniter.php(825): App\controllers\Acceil->licence1('L1')
#6 C:\wamp64\www\notes\system\CodeIgniter.php(412): CodeIgniter\CodeIgniter->runController(Object(App\controllers\Acceil))
#7 C:\wamp64\www\notes\system\CodeIgniter.php(320): CodeIgniter\CodeIgniter->handleRequest(NULL, Object(Config\Cache), false)
#8 C:\wamp64\www\notes\index.php(37): CodeIgniter\CodeIgniter->run()
#9 {main}
CRITICAL - 2022-05-01 08:10:24 --> Invalid file: ../include/header.php
#0 C:\wamp64\www\notes\system\View\View.php(198): CodeIgniter\Exceptions\FrameworkException::forInvalidFile('../include/head...')
#1 C:\wamp64\www\notes\system\View\View.php(424): CodeIgniter\View\View->render('../include/head...', NULL, true)
#2 C:\wamp64\www\notes\app\Views\site\listeL1Aes.php(1): CodeIgniter\View\View->include('../include/head...')
#3 C:\wamp64\www\notes\system\View\View.php(210): include('C:\\wamp64\\www\\n...')
#4 C:\wamp64\www\notes\system\View\View.php(213): CodeIgniter\View\View->CodeIgniter\View\{closure}()
#5 C:\wamp64\www\notes\system\Common.php(1089): CodeIgniter\View\View->render('site/listeL1Aes', Array, true)
#6 C:\wamp64\www\notes\app\Controllers\Acceil.php(136): view('site/listeL1Aes', Array)
#7 C:\wamp64\www\notes\system\CodeIgniter.php(825): App\controllers\Acceil->licence1('L1')
#8 C:\wamp64\www\notes\system\CodeIgniter.php(412): CodeIgniter\CodeIgniter->runController(Object(App\controllers\Acceil))
#9 C:\wamp64\www\notes\system\CodeIgniter.php(320): CodeIgniter\CodeIgniter->handleRequest(NULL, Object(Config\Cache), false)
#10 C:\wamp64\www\notes\index.php(37): CodeIgniter\CodeIgniter->run()
#11 {main}
CRITICAL - 2022-05-01 08:10:30 --> Invalid file: ../include/header.php
#0 C:\wamp64\www\notes\system\View\View.php(198): CodeIgniter\Exceptions\FrameworkException::forInvalidFile('../include/head...')
#1 C:\wamp64\www\notes\system\View\View.php(424): CodeIgniter\View\View->render('../include/head...', NULL, true)
#2 C:\wamp64\www\notes\app\Views\site\listeL1Aes.php(1): CodeIgniter\View\View->include('../include/head...')
#3 C:\wamp64\www\notes\system\View\View.php(210): include('C:\\wamp64\\www\\n...')
#4 C:\wamp64\www\notes\system\View\View.php(213): CodeIgniter\View\View->CodeIgniter\View\{closure}()
#5 C:\wamp64\www\notes\system\Common.php(1089): CodeIgniter\View\View->render('site/listeL1Aes', Array, true)
#6 C:\wamp64\www\notes\app\Controllers\Acceil.php(136): view('site/listeL1Aes', Array)
#7 C:\wamp64\www\notes\system\CodeIgniter.php(825): App\controllers\Acceil->licence1('L1')
#8 C:\wamp64\www\notes\system\CodeIgniter.php(412): CodeIgniter\CodeIgniter->runController(Object(App\controllers\Acceil))
#9 C:\wamp64\www\notes\system\CodeIgniter.php(320): CodeIgniter\CodeIgniter->handleRequest(NULL, Object(Config\Cache), false)
#10 C:\wamp64\www\notes\index.php(37): CodeIgniter\CodeIgniter->run()
#11 {main}
CRITICAL - 2022-05-01 10:42:20 --> count(): Parameter must be an array or an object that implements Countable
#0 C:\wamp64\www\notes\app\Views\include\header.php(46): CodeIgniter\Debug\Exceptions->errorHandler(2, 'count(): Parame...', 'C:\\wamp64\\www\\n...', 46, Array)
#1 C:\wamp64\www\notes\system\View\View.php(210): include('C:\\wamp64\\www\\n...')
#2 C:\wamp64\www\notes\system\View\View.php(213): CodeIgniter\View\View->CodeIgniter\View\{closure}()
#3 C:\wamp64\www\notes\system\View\View.php(424): CodeIgniter\View\View->render('include/header', NULL, true)
#4 C:\wamp64\www\notes\app\Views\site\etudiant.php(4): CodeIgniter\View\View->include('include/header')
#5 C:\wamp64\www\notes\system\View\View.php(210): include('C:\\wamp64\\www\\n...')
#6 C:\wamp64\www\notes\system\View\View.php(213): CodeIgniter\View\View->CodeIgniter\View\{closure}()
#7 C:\wamp64\www\notes\system\Common.php(1089): CodeIgniter\View\View->render('site/etudiant', Array, true)
#8 C:\wamp64\www\notes\app\Controllers\Acceil.php(32): view('site/etudiant')
#9 C:\wamp64\www\notes\system\CodeIgniter.php(825): App\controllers\Acceil->ecole()
#10 C:\wamp64\www\notes\system\CodeIgniter.php(412): CodeIgniter\CodeIgniter->runController(Object(App\controllers\Acceil))
#11 C:\wamp64\www\notes\system\CodeIgniter.php(320): CodeIgniter\CodeIgniter->handleRequest(NULL, Object(Config\Cache), false)
#12 C:\wamp64\www\notes\index.php(37): CodeIgniter\CodeIgniter->run()
#13 {main}
CRITICAL - 2022-05-01 10:47:37 --> count(): Parameter must be an array or an object that implements Countable
#0 C:\wamp64\www\notes\app\Views\include\header.php(46): CodeIgniter\Debug\Exceptions->errorHandler(2, 'count(): Parame...', 'C:\\wamp64\\www\\n...', 46, Array)
#1 C:\wamp64\www\notes\system\View\View.php(210): include('C:\\wamp64\\www\\n...')
#2 C:\wamp64\www\notes\system\View\View.php(213): CodeIgniter\View\View->CodeIgniter\View\{closure}()
#3 C:\wamp64\www\notes\system\View\View.php(424): CodeIgniter\View\View->render('include/header', NULL, true)
#4 C:\wamp64\www\notes\app\Views\site\etudiant.php(4): CodeIgniter\View\View->include('include/header')
#5 C:\wamp64\www\notes\system\View\View.php(210): include('C:\\wamp64\\www\\n...')
#6 C:\wamp64\www\notes\system\View\View.php(213): CodeIgniter\View\View->CodeIgniter\View\{closure}()
#7 C:\wamp64\www\notes\system\Common.php(1089): CodeIgniter\View\View->render('site/etudiant', Array, true)
#8 C:\wamp64\www\notes\app\Controllers\Acceil.php(32): view('site/etudiant')
#9 C:\wamp64\www\notes\system\CodeIgniter.php(825): App\controllers\Acceil->ecole()
#10 C:\wamp64\www\notes\system\CodeIgniter.php(412): CodeIgniter\CodeIgniter->runController(Object(App\controllers\Acceil))
#11 C:\wamp64\www\notes\system\CodeIgniter.php(320): CodeIgniter\CodeIgniter->handleRequest(NULL, Object(Config\Cache), false)
#12 C:\wamp64\www\notes\index.php(37): CodeIgniter\CodeIgniter->run()
#13 {main}
CRITICAL - 2022-05-01 10:47:40 --> count(): Parameter must be an array or an object that implements Countable
#0 C:\wamp64\www\notes\app\Views\include\header.php(46): CodeIgniter\Debug\Exceptions->errorHandler(2, 'count(): Parame...', 'C:\\wamp64\\www\\n...', 46, Array)
#1 C:\wamp64\www\notes\system\View\View.php(210): include('C:\\wamp64\\www\\n...')
#2 C:\wamp64\www\notes\system\View\View.php(213): CodeIgniter\View\View->CodeIgniter\View\{closure}()
#3 C:\wamp64\www\notes\system\View\View.php(424): CodeIgniter\View\View->render('include/header', NULL, true)
#4 C:\wamp64\www\notes\app\Views\site\etudiant.php(4): CodeIgniter\View\View->include('include/header')
#5 C:\wamp64\www\notes\system\View\View.php(210): include('C:\\wamp64\\www\\n...')
#6 C:\wamp64\www\notes\system\View\View.php(213): CodeIgniter\View\View->CodeIgniter\View\{closure}()
#7 C:\wamp64\www\notes\system\Common.php(1089): CodeIgniter\View\View->render('site/etudiant', Array, true)
#8 C:\wamp64\www\notes\app\Controllers\Acceil.php(32): view('site/etudiant')
#9 C:\wamp64\www\notes\system\CodeIgniter.php(825): App\controllers\Acceil->ecole()
#10 C:\wamp64\www\notes\system\CodeIgniter.php(412): CodeIgniter\CodeIgniter->runController(Object(App\controllers\Acceil))
#11 C:\wamp64\www\notes\system\CodeIgniter.php(320): CodeIgniter\CodeIgniter->handleRequest(NULL, Object(Config\Cache), false)
#12 C:\wamp64\www\notes\index.php(37): CodeIgniter\CodeIgniter->run()
#13 {main}
CRITICAL - 2022-05-01 10:47:49 --> count(): Parameter must be an array or an object that implements Countable
#0 C:\wamp64\www\notes\app\Views\include\header.php(46): CodeIgniter\Debug\Exceptions->errorHandler(2, 'count(): Parame...', 'C:\\wamp64\\www\\n...', 46, Array)
#1 C:\wamp64\www\notes\system\View\View.php(210): include('C:\\wamp64\\www\\n...')
#2 C:\wamp64\www\notes\system\View\View.php(213): CodeIgniter\View\View->CodeIgniter\View\{closure}()
#3 C:\wamp64\www\notes\system\View\View.php(424): CodeIgniter\View\View->render('include/header', NULL, true)
#4 C:\wamp64\www\notes\app\Views\site\etudiant.php(4): CodeIgniter\View\View->include('include/header')
#5 C:\wamp64\www\notes\system\View\View.php(210): include('C:\\wamp64\\www\\n...')
#6 C:\wamp64\www\notes\system\View\View.php(213): CodeIgniter\View\View->CodeIgniter\View\{closure}()
#7 C:\wamp64\www\notes\system\Common.php(1089): CodeIgniter\View\View->render('site/etudiant', Array, true)
#8 C:\wamp64\www\notes\app\Controllers\Acceil.php(32): view('site/etudiant')
#9 C:\wamp64\www\notes\system\CodeIgniter.php(825): App\controllers\Acceil->ecole()
#10 C:\wamp64\www\notes\system\CodeIgniter.php(412): CodeIgniter\CodeIgniter->runController(Object(App\controllers\Acceil))
#11 C:\wamp64\www\notes\system\CodeIgniter.php(320): CodeIgniter\CodeIgniter->handleRequest(NULL, Object(Config\Cache), false)
#12 C:\wamp64\www\notes\index.php(37): CodeIgniter\CodeIgniter->run()
#13 {main}
CRITICAL - 2022-05-01 10:47:53 --> count(): Parameter must be an array or an object that implements Countable
#0 C:\wamp64\www\notes\app\Views\include\header.php(46): CodeIgniter\Debug\Exceptions->errorHandler(2, 'count(): Parame...', 'C:\\wamp64\\www\\n...', 46, Array)
#1 C:\wamp64\www\notes\system\View\View.php(210): include('C:\\wamp64\\www\\n...')
#2 C:\wamp64\www\notes\system\View\View.php(213): CodeIgniter\View\View->CodeIgniter\View\{closure}()
#3 C:\wamp64\www\notes\system\View\View.php(424): CodeIgniter\View\View->render('include/header', NULL, true)
#4 C:\wamp64\www\notes\app\Views\site\etudiant.php(4): CodeIgniter\View\View->include('include/header')
#5 C:\wamp64\www\notes\system\View\View.php(210): include('C:\\wamp64\\www\\n...')
#6 C:\wamp64\www\notes\system\View\View.php(213): CodeIgniter\View\View->CodeIgniter\View\{closure}()
#7 C:\wamp64\www\notes\system\Common.php(1089): CodeIgniter\View\View->render('site/etudiant', Array, true)
#8 C:\wamp64\www\notes\app\Controllers\Acceil.php(32): view('site/etudiant')
#9 C:\wamp64\www\notes\system\CodeIgniter.php(825): App\controllers\Acceil->ecole()
#10 C:\wamp64\www\notes\system\CodeIgniter.php(412): CodeIgniter\CodeIgniter->runController(Object(App\controllers\Acceil))
#11 C:\wamp64\www\notes\system\CodeIgniter.php(320): CodeIgniter\CodeIgniter->handleRequest(NULL, Object(Config\Cache), false)
#12 C:\wamp64\www\notes\index.php(37): CodeIgniter\CodeIgniter->run()
#13 {main}
CRITICAL - 2022-05-01 10:47:56 --> count(): Parameter must be an array or an object that implements Countable
#0 C:\wamp64\www\notes\app\Views\include\header.php(46): CodeIgniter\Debug\Exceptions->errorHandler(2, 'count(): Parame...', 'C:\\wamp64\\www\\n...', 46, Array)
#1 C:\wamp64\www\notes\system\View\View.php(210): include('C:\\wamp64\\www\\n...')
#2 C:\wamp64\www\notes\system\View\View.php(213): CodeIgniter\View\View->CodeIgniter\View\{closure}()
#3 C:\wamp64\www\notes\system\View\View.php(424): CodeIgniter\View\View->render('include/header', NULL, true)
#4 C:\wamp64\www\notes\app\Views\site\matiere.php(4): CodeIgniter\View\View->include('include/header')
#5 C:\wamp64\www\notes\system\View\View.php(210): include('C:\\wamp64\\www\\n...')
#6 C:\wamp64\www\notes\system\View\View.php(213): CodeIgniter\View\View->CodeIgniter\View\{closure}()
#7 C:\wamp64\www\notes\system\Common.php(1089): CodeIgniter\View\View->render('site/matiere', Array, true)
#8 C:\wamp64\www\notes\app\Controllers\Acceil.php(145): view('site/matiere')
#9 C:\wamp64\www\notes\system\CodeIgniter.php(825): App\controllers\Acceil->matiere()
#10 C:\wamp64\www\notes\system\CodeIgniter.php(412): CodeIgniter\CodeIgniter->runController(Object(App\controllers\Acceil))
#11 C:\wamp64\www\notes\system\CodeIgniter.php(320): CodeIgniter\CodeIgniter->handleRequest(NULL, Object(Config\Cache), false)
#12 C:\wamp64\www\notes\index.php(37): CodeIgniter\CodeIgniter->run()
#13 {main}
CRITICAL - 2022-05-01 10:47:59 --> count(): Parameter must be an array or an object that implements Countable
#0 C:\wamp64\www\notes\app\Views\include\header.php(46): CodeIgniter\Debug\Exceptions->errorHandler(2, 'count(): Parame...', 'C:\\wamp64\\www\\n...', 46, Array)
#1 C:\wamp64\www\notes\system\View\View.php(210): include('C:\\wamp64\\www\\n...')
#2 C:\wamp64\www\notes\system\View\View.php(213): CodeIgniter\View\View->CodeIgniter\View\{closure}()
#3 C:\wamp64\www\notes\system\View\View.php(424): CodeIgniter\View\View->render('include/header', NULL, true)
#4 C:\wamp64\www\notes\app\Views\site\examen.php(4): CodeIgniter\View\View->include('include/header')
#5 C:\wamp64\www\notes\system\View\View.php(210): include('C:\\wamp64\\www\\n...')
#6 C:\wamp64\www\notes\system\View\View.php(213): CodeIgniter\View\View->CodeIgniter\View\{closure}()
#7 C:\wamp64\www\notes\system\Common.php(1089): CodeIgniter\View\View->render('site/examen', Array, true)
#8 C:\wamp64\www\notes\app\Controllers\ControllerExamen.php(10): view('site/examen')
#9 C:\wamp64\www\notes\system\CodeIgniter.php(825): App\controllers\ControllerExamen->examen()
#10 C:\wamp64\www\notes\system\CodeIgniter.php(412): CodeIgniter\CodeIgniter->runController(Object(App\controllers\ControllerExamen))
#11 C:\wamp64\www\notes\system\CodeIgniter.php(320): CodeIgniter\CodeIgniter->handleRequest(NULL, Object(Config\Cache), false)
#12 C:\wamp64\www\notes\index.php(37): CodeIgniter\CodeIgniter->run()
#13 {main}
CRITICAL - 2022-05-01 10:48:02 --> count(): Parameter must be an array or an object that implements Countable
#0 C:\wamp64\www\notes\app\Views\include\header.php(46): CodeIgniter\Debug\Exceptions->errorHandler(2, 'count(): Parame...', 'C:\\wamp64\\www\\n...', 46, Array)
#1 C:\wamp64\www\notes\system\View\View.php(210): include('C:\\wamp64\\www\\n...')
#2 C:\wamp64\www\notes\system\View\View.php(213): CodeIgniter\View\View->CodeIgniter\View\{closure}()
#3 C:\wamp64\www\notes\system\View\View.php(424): CodeIgniter\View\View->render('include/header', NULL, true)
#4 C:\wamp64\www\notes\app\Views\site\note.php(4): CodeIgniter\View\View->include('include/header')
#5 C:\wamp64\www\notes\system\View\View.php(210): include('C:\\wamp64\\www\\n...')
#6 C:\wamp64\www\notes\system\View\View.php(213): CodeIgniter\View\View->CodeIgniter\View\{closure}()
#7 C:\wamp64\www\notes\system\Common.php(1089): CodeIgniter\View\View->render('site/note', Array, true)
#8 C:\wamp64\www\notes\app\Controllers\ControllerNote.php(10): view('site/note')
#9 C:\wamp64\www\notes\system\CodeIgniter.php(825): App\controllers\ControllerNote->afficheNote()
#10 C:\wamp64\www\notes\system\CodeIgniter.php(412): CodeIgniter\CodeIgniter->runController(Object(App\controllers\ControllerNote))
#11 C:\wamp64\www\notes\system\CodeIgniter.php(320): CodeIgniter\CodeIgniter->handleRequest(NULL, Object(Config\Cache), false)
#12 C:\wamp64\www\notes\index.php(37): CodeIgniter\CodeIgniter->run()
#13 {main}
CRITICAL - 2022-05-01 10:48:22 --> count(): Parameter must be an array or an object that implements Countable
#0 C:\wamp64\www\notes\app\Views\include\header.php(46): CodeIgniter\Debug\Exceptions->errorHandler(2, 'count(): Parame...', 'C:\\wamp64\\www\\n...', 46, Array)
#1 C:\wamp64\www\notes\system\View\View.php(210): include('C:\\wamp64\\www\\n...')
#2 C:\wamp64\www\notes\system\View\View.php(213): CodeIgniter\View\View->CodeIgniter\View\{closure}()
#3 C:\wamp64\www\notes\system\View\View.php(424): CodeIgniter\View\View->render('include/header', NULL, true)
#4 C:\wamp64\www\notes\app\Views\site\etudiant.php(4): CodeIgniter\View\View->include('include/header')
#5 C:\wamp64\www\notes\system\View\View.php(210): include('C:\\wamp64\\www\\n...')
#6 C:\wamp64\www\notes\system\View\View.php(213): CodeIgniter\View\View->CodeIgniter\View\{closure}()
#7 C:\wamp64\www\notes\system\Common.php(1089): CodeIgniter\View\View->render('site/etudiant', Array, true)
#8 C:\wamp64\www\notes\app\Controllers\Acceil.php(32): view('site/etudiant')
#9 C:\wamp64\www\notes\system\CodeIgniter.php(825): App\controllers\Acceil->ecole()
#10 C:\wamp64\www\notes\system\CodeIgniter.php(412): CodeIgniter\CodeIgniter->runController(Object(App\controllers\Acceil))
#11 C:\wamp64\www\notes\system\CodeIgniter.php(320): CodeIgniter\CodeIgniter->handleRequest(NULL, Object(Config\Cache), false)
#12 C:\wamp64\www\notes\index.php(37): CodeIgniter\CodeIgniter->run()
#13 {main}
CRITICAL - 2022-05-01 10:48:40 --> count(): Parameter must be an array or an object that implements Countable
#0 C:\wamp64\www\notes\app\Views\include\header.php(46): CodeIgniter\Debug\Exceptions->errorHandler(2, 'count(): Parame...', 'C:\\wamp64\\www\\n...', 46, Array)
#1 C:\wamp64\www\notes\system\View\View.php(210): include('C:\\wamp64\\www\\n...')
#2 C:\wamp64\www\notes\system\View\View.php(213): CodeIgniter\View\View->CodeIgniter\View\{closure}()
#3 C:\wamp64\www\notes\system\View\View.php(424): CodeIgniter\View\View->render('include/header', NULL, true)
#4 C:\wamp64\www\notes\app\Views\site\etudiant.php(4): CodeIgniter\View\View->include('include/header')
#5 C:\wamp64\www\notes\system\View\View.php(210): include('C:\\wamp64\\www\\n...')
#6 C:\wamp64\www\notes\system\View\View.php(213): CodeIgniter\View\View->CodeIgniter\View\{closure}()
#7 C:\wamp64\www\notes\system\Common.php(1089): CodeIgniter\View\View->render('site/etudiant', Array, true)
#8 C:\wamp64\www\notes\app\Controllers\Acceil.php(32): view('site/etudiant')
#9 C:\wamp64\www\notes\system\CodeIgniter.php(825): App\controllers\Acceil->ecole()
#10 C:\wamp64\www\notes\system\CodeIgniter.php(412): CodeIgniter\CodeIgniter->runController(Object(App\controllers\Acceil))
#11 C:\wamp64\www\notes\system\CodeIgniter.php(320): CodeIgniter\CodeIgniter->handleRequest(NULL, Object(Config\Cache), false)
#12 C:\wamp64\www\notes\index.php(37): CodeIgniter\CodeIgniter->run()
#13 {main}
CRITICAL - 2022-05-01 10:48:45 --> count(): Parameter must be an array or an object that implements Countable
#0 C:\wamp64\www\notes\app\Views\include\header.php(46): CodeIgniter\Debug\Exceptions->errorHandler(2, 'count(): Parame...', 'C:\\wamp64\\www\\n...', 46, Array)
#1 C:\wamp64\www\notes\system\View\View.php(210): include('C:\\wamp64\\www\\n...')
#2 C:\wamp64\www\notes\system\View\View.php(213): CodeIgniter\View\View->CodeIgniter\View\{closure}()
#3 C:\wamp64\www\notes\system\View\View.php(424): CodeIgniter\View\View->render('include/header', NULL, true)
#4 C:\wamp64\www\notes\app\Views\site\etudiant.php(4): CodeIgniter\View\View->include('include/header')
#5 C:\wamp64\www\notes\system\View\View.php(210): include('C:\\wamp64\\www\\n...')
#6 C:\wamp64\www\notes\system\View\View.php(213): CodeIgniter\View\View->CodeIgniter\View\{closure}()
#7 C:\wamp64\www\notes\system\Common.php(1089): CodeIgniter\View\View->render('site/etudiant', Array, true)
#8 C:\wamp64\www\notes\app\Controllers\Acceil.php(32): view('site/etudiant')
#9 C:\wamp64\www\notes\system\CodeIgniter.php(825): App\controllers\Acceil->ecole()
#10 C:\wamp64\www\notes\system\CodeIgniter.php(412): CodeIgniter\CodeIgniter->runController(Object(App\controllers\Acceil))
#11 C:\wamp64\www\notes\system\CodeIgniter.php(320): CodeIgniter\CodeIgniter->handleRequest(NULL, Object(Config\Cache), false)
#12 C:\wamp64\www\notes\index.php(37): CodeIgniter\CodeIgniter->run()
#13 {main}
CRITICAL - 2022-05-01 10:52:04 --> count(): Parameter must be an array or an object that implements Countable
#0 C:\wamp64\www\notes\app\Views\include\header.php(46): CodeIgniter\Debug\Exceptions->errorHandler(2, 'count(): Parame...', 'C:\\wamp64\\www\\n...', 46, Array)
#1 C:\wamp64\www\notes\system\View\View.php(210): include('C:\\wamp64\\www\\n...')
#2 C:\wamp64\www\notes\system\View\View.php(213): CodeIgniter\View\View->CodeIgniter\View\{closure}()
#3 C:\wamp64\www\notes\system\View\View.php(424): CodeIgniter\View\View->render('include/header', NULL, true)
#4 C:\wamp64\www\notes\app\Views\site\etudiant.php(4): CodeIgniter\View\View->include('include/header')
#5 C:\wamp64\www\notes\system\View\View.php(210): include('C:\\wamp64\\www\\n...')
#6 C:\wamp64\www\notes\system\View\View.php(213): CodeIgniter\View\View->CodeIgniter\View\{closure}()
#7 C:\wamp64\www\notes\system\Common.php(1089): CodeIgniter\View\View->render('site/etudiant', Array, true)
#8 C:\wamp64\www\notes\app\Controllers\Acceil.php(32): view('site/etudiant')
#9 C:\wamp64\www\notes\system\CodeIgniter.php(825): App\controllers\Acceil->ecole()
#10 C:\wamp64\www\notes\system\CodeIgniter.php(412): CodeIgniter\CodeIgniter->runController(Object(App\controllers\Acceil))
#11 C:\wamp64\www\notes\system\CodeIgniter.php(320): CodeIgniter\CodeIgniter->handleRequest(NULL, Object(Config\Cache), false)
#12 C:\wamp64\www\notes\index.php(37): CodeIgniter\CodeIgniter->run()
#13 {main}
CRITICAL - 2022-05-01 10:52:56 --> count(): Parameter must be an array or an object that implements Countable
#0 C:\wamp64\www\notes\app\Views\include\header.php(46): CodeIgniter\Debug\Exceptions->errorHandler(2, 'count(): Parame...', 'C:\\wamp64\\www\\n...', 46, Array)
#1 C:\wamp64\www\notes\system\View\View.php(210): include('C:\\wamp64\\www\\n...')
#2 C:\wamp64\www\notes\system\View\View.php(213): CodeIgniter\View\View->CodeIgniter\View\{closure}()
#3 C:\wamp64\www\notes\system\View\View.php(424): CodeIgniter\View\View->render('include/header', NULL, true)
#4 C:\wamp64\www\notes\app\Views\site\etudiant.php(4): CodeIgniter\View\View->include('include/header')
#5 C:\wamp64\www\notes\system\View\View.php(210): include('C:\\wamp64\\www\\n...')
#6 C:\wamp64\www\notes\system\View\View.php(213): CodeIgniter\View\View->CodeIgniter\View\{closure}()
#7 C:\wamp64\www\notes\system\Common.php(1089): CodeIgniter\View\View->render('site/etudiant', Array, true)
#8 C:\wamp64\www\notes\app\Controllers\Acceil.php(32): view('site/etudiant')
#9 C:\wamp64\www\notes\system\CodeIgniter.php(825): App\controllers\Acceil->ecole()
#10 C:\wamp64\www\notes\system\CodeIgniter.php(412): CodeIgniter\CodeIgniter->runController(Object(App\controllers\Acceil))
#11 C:\wamp64\www\notes\system\CodeIgniter.php(320): CodeIgniter\CodeIgniter->handleRequest(NULL, Object(Config\Cache), false)
#12 C:\wamp64\www\notes\index.php(37): CodeIgniter\CodeIgniter->run()
#13 {main}
CRITICAL - 2022-05-01 10:54:43 --> count(): Parameter must be an array or an object that implements Countable
#0 C:\wamp64\www\notes\app\Views\include\header.php(46): CodeIgniter\Debug\Exceptions->errorHandler(2, 'count(): Parame...', 'C:\\wamp64\\www\\n...', 46, Array)
#1 C:\wamp64\www\notes\system\View\View.php(210): include('C:\\wamp64\\www\\n...')
#2 C:\wamp64\www\notes\system\View\View.php(213): CodeIgniter\View\View->CodeIgniter\View\{closure}()
#3 C:\wamp64\www\notes\system\View\View.php(424): CodeIgniter\View\View->render('include/header', NULL, true)
#4 C:\wamp64\www\notes\app\Views\site\etudiant.php(4): CodeIgniter\View\View->include('include/header')
#5 C:\wamp64\www\notes\system\View\View.php(210): include('C:\\wamp64\\www\\n...')
#6 C:\wamp64\www\notes\system\View\View.php(213): CodeIgniter\View\View->CodeIgniter\View\{closure}()
#7 C:\wamp64\www\notes\system\Common.php(1089): CodeIgniter\View\View->render('site/etudiant', Array, true)
#8 C:\wamp64\www\notes\app\Controllers\Acceil.php(32): view('site/etudiant')
#9 C:\wamp64\www\notes\system\CodeIgniter.php(825): App\controllers\Acceil->ecole()
#10 C:\wamp64\www\notes\system\CodeIgniter.php(412): CodeIgniter\CodeIgniter->runController(Object(App\controllers\Acceil))
#11 C:\wamp64\www\notes\system\CodeIgniter.php(320): CodeIgniter\CodeIgniter->handleRequest(NULL, Object(Config\Cache), false)
#12 C:\wamp64\www\notes\index.php(37): CodeIgniter\CodeIgniter->run()
#13 {main}
CRITICAL - 2022-05-01 10:54:57 --> count(): Parameter must be an array or an object that implements Countable
#0 C:\wamp64\www\notes\app\Views\include\header.php(46): CodeIgniter\Debug\Exceptions->errorHandler(2, 'count(): Parame...', 'C:\\wamp64\\www\\n...', 46, Array)
#1 C:\wamp64\www\notes\system\View\View.php(210): include('C:\\wamp64\\www\\n...')
#2 C:\wamp64\www\notes\system\View\View.php(213): CodeIgniter\View\View->CodeIgniter\View\{closure}()
#3 C:\wamp64\www\notes\system\View\View.php(424): CodeIgniter\View\View->render('include/header', NULL, true)
#4 C:\wamp64\www\notes\app\Views\site\note.php(4): CodeIgniter\View\View->include('include/header')
#5 C:\wamp64\www\notes\system\View\View.php(210): include('C:\\wamp64\\www\\n...')
#6 C:\wamp64\www\notes\system\View\View.php(213): CodeIgniter\View\View->CodeIgniter\View\{closure}()
#7 C:\wamp64\www\notes\system\Common.php(1089): CodeIgniter\View\View->render('site/note', Array, true)
#8 C:\wamp64\www\notes\app\Controllers\ControllerNote.php(10): view('site/note')
#9 C:\wamp64\www\notes\system\CodeIgniter.php(825): App\controllers\ControllerNote->afficheNote()
#10 C:\wamp64\www\notes\system\CodeIgniter.php(412): CodeIgniter\CodeIgniter->runController(Object(App\controllers\ControllerNote))
#11 C:\wamp64\www\notes\system\CodeIgniter.php(320): CodeIgniter\CodeIgniter->handleRequest(NULL, Object(Config\Cache), false)
#12 C:\wamp64\www\notes\index.php(37): CodeIgniter\CodeIgniter->run()
#13 {main}
CRITICAL - 2022-05-01 10:55:00 --> count(): Parameter must be an array or an object that implements Countable
#0 C:\wamp64\www\notes\app\Views\include\header.php(46): CodeIgniter\Debug\Exceptions->errorHandler(2, 'count(): Parame...', 'C:\\wamp64\\www\\n...', 46, Array)
#1 C:\wamp64\www\notes\system\View\View.php(210): include('C:\\wamp64\\www\\n...')
#2 C:\wamp64\www\notes\system\View\View.php(213): CodeIgniter\View\View->CodeIgniter\View\{closure}()
#3 C:\wamp64\www\notes\system\View\View.php(424): CodeIgniter\View\View->render('include/header', NULL, true)
#4 C:\wamp64\www\notes\app\Views\site\examen.php(4): CodeIgniter\View\View->include('include/header')
#5 C:\wamp64\www\notes\system\View\View.php(210): include('C:\\wamp64\\www\\n...')
#6 C:\wamp64\www\notes\system\View\View.php(213): CodeIgniter\View\View->CodeIgniter\View\{closure}()
#7 C:\wamp64\www\notes\system\Common.php(1089): CodeIgniter\View\View->render('site/examen', Array, true)
#8 C:\wamp64\www\notes\app\Controllers\ControllerExamen.php(10): view('site/examen')
#9 C:\wamp64\www\notes\system\CodeIgniter.php(825): App\controllers\ControllerExamen->examen()
#10 C:\wamp64\www\notes\system\CodeIgniter.php(412): CodeIgniter\CodeIgniter->runController(Object(App\controllers\ControllerExamen))
#11 C:\wamp64\www\notes\system\CodeIgniter.php(320): CodeIgniter\CodeIgniter->handleRequest(NULL, Object(Config\Cache), false)
#12 C:\wamp64\www\notes\index.php(37): CodeIgniter\CodeIgniter->run()
#13 {main}
CRITICAL - 2022-05-01 10:55:02 --> count(): Parameter must be an array or an object that implements Countable
#0 C:\wamp64\www\notes\app\Views\include\header.php(46): CodeIgniter\Debug\Exceptions->errorHandler(2, 'count(): Parame...', 'C:\\wamp64\\www\\n...', 46, Array)
#1 C:\wamp64\www\notes\system\View\View.php(210): include('C:\\wamp64\\www\\n...')
#2 C:\wamp64\www\notes\system\View\View.php(213): CodeIgniter\View\View->CodeIgniter\View\{closure}()
#3 C:\wamp64\www\notes\system\View\View.php(424): CodeIgniter\View\View->render('include/header', NULL, true)
#4 C:\wamp64\www\notes\app\Views\site\matiere.php(4): CodeIgniter\View\View->include('include/header')
#5 C:\wamp64\www\notes\system\View\View.php(210): include('C:\\wamp64\\www\\n...')
#6 C:\wamp64\www\notes\system\View\View.php(213): CodeIgniter\View\View->CodeIgniter\View\{closure}()
#7 C:\wamp64\www\notes\system\Common.php(1089): CodeIgniter\View\View->render('site/matiere', Array, true)
#8 C:\wamp64\www\notes\app\Controllers\Acceil.php(145): view('site/matiere')
#9 C:\wamp64\www\notes\system\CodeIgniter.php(825): App\controllers\Acceil->matiere()
#10 C:\wamp64\www\notes\system\CodeIgniter.php(412): CodeIgniter\CodeIgniter->runController(Object(App\controllers\Acceil))
#11 C:\wamp64\www\notes\system\CodeIgniter.php(320): CodeIgniter\CodeIgniter->handleRequest(NULL, Object(Config\Cache), false)
#12 C:\wamp64\www\notes\index.php(37): CodeIgniter\CodeIgniter->run()
#13 {main}
CRITICAL - 2022-05-01 10:55:05 --> count(): Parameter must be an array or an object that implements Countable
#0 C:\wamp64\www\notes\app\Views\include\header.php(46): CodeIgniter\Debug\Exceptions->errorHandler(2, 'count(): Parame...', 'C:\\wamp64\\www\\n...', 46, Array)
#1 C:\wamp64\www\notes\system\View\View.php(210): include('C:\\wamp64\\www\\n...')
#2 C:\wamp64\www\notes\system\View\View.php(213): CodeIgniter\View\View->CodeIgniter\View\{closure}()
#3 C:\wamp64\www\notes\system\View\View.php(424): CodeIgniter\View\View->render('include/header', NULL, true)
#4 C:\wamp64\www\notes\app\Views\site\etudiant.php(4): CodeIgniter\View\View->include('include/header')
#5 C:\wamp64\www\notes\system\View\View.php(210): include('C:\\wamp64\\www\\n...')
#6 C:\wamp64\www\notes\system\View\View.php(213): CodeIgniter\View\View->CodeIgniter\View\{closure}()
#7 C:\wamp64\www\notes\system\Common.php(1089): CodeIgniter\View\View->render('site/etudiant', Array, true)
#8 C:\wamp64\www\notes\app\Controllers\Acceil.php(32): view('site/etudiant')
#9 C:\wamp64\www\notes\system\CodeIgniter.php(825): App\controllers\Acceil->ecole()
#10 C:\wamp64\www\notes\system\CodeIgniter.php(412): CodeIgniter\CodeIgniter->runController(Object(App\controllers\Acceil))
#11 C:\wamp64\www\notes\system\CodeIgniter.php(320): CodeIgniter\CodeIgniter->handleRequest(NULL, Object(Config\Cache), false)
#12 C:\wamp64\www\notes\index.php(37): CodeIgniter\CodeIgniter->run()
#13 {main}
CRITICAL - 2022-05-01 10:58:36 --> count(): Parameter must be an array or an object that implements Countable
#0 C:\wamp64\www\notes\app\Views\include\header.php(46): CodeIgniter\Debug\Exceptions->errorHandler(2, 'count(): Parame...', 'C:\\wamp64\\www\\n...', 46, Array)
#1 C:\wamp64\www\notes\system\View\View.php(210): include('C:\\wamp64\\www\\n...')
#2 C:\wamp64\www\notes\system\View\View.php(213): CodeIgniter\View\View->CodeIgniter\View\{closure}()
#3 C:\wamp64\www\notes\system\View\View.php(424): CodeIgniter\View\View->render('include/header', NULL, true)
#4 C:\wamp64\www\notes\app\Views\site\matiere.php(4): CodeIgniter\View\View->include('include/header')
#5 C:\wamp64\www\notes\system\View\View.php(210): include('C:\\wamp64\\www\\n...')
#6 C:\wamp64\www\notes\system\View\View.php(213): CodeIgniter\View\View->CodeIgniter\View\{closure}()
#7 C:\wamp64\www\notes\system\Common.php(1089): CodeIgniter\View\View->render('site/matiere', Array, true)
#8 C:\wamp64\www\notes\app\Controllers\Acceil.php(145): view('site/matiere')
#9 C:\wamp64\www\notes\system\CodeIgniter.php(825): App\controllers\Acceil->matiere()
#10 C:\wamp64\www\notes\system\CodeIgniter.php(412): CodeIgniter\CodeIgniter->runController(Object(App\controllers\Acceil))
#11 C:\wamp64\www\notes\system\CodeIgniter.php(320): CodeIgniter\CodeIgniter->handleRequest(NULL, Object(Config\Cache), false)
#12 C:\wamp64\www\notes\index.php(37): CodeIgniter\CodeIgniter->run()
#13 {main}
CRITICAL - 2022-05-01 10:58:49 --> count(): Parameter must be an array or an object that implements Countable
#0 C:\wamp64\www\notes\app\Views\include\header.php(46): CodeIgniter\Debug\Exceptions->errorHandler(2, 'count(): Parame...', 'C:\\wamp64\\www\\n...', 46, Array)
#1 C:\wamp64\www\notes\system\View\View.php(210): include('C:\\wamp64\\www\\n...')
#2 C:\wamp64\www\notes\system\View\View.php(213): CodeIgniter\View\View->CodeIgniter\View\{closure}()
#3 C:\wamp64\www\notes\system\View\View.php(424): CodeIgniter\View\View->render('include/header', NULL, true)
#4 C:\wamp64\www\notes\app\Views\site\etudiant.php(4): CodeIgniter\View\View->include('include/header')
#5 C:\wamp64\www\notes\system\View\View.php(210): include('C:\\wamp64\\www\\n...')
#6 C:\wamp64\www\notes\system\View\View.php(213): CodeIgniter\View\View->CodeIgniter\View\{closure}()
#7 C:\wamp64\www\notes\system\Common.php(1089): CodeIgniter\View\View->render('site/etudiant', Array, true)
#8 C:\wamp64\www\notes\app\Controllers\Acceil.php(32): view('site/etudiant')
#9 C:\wamp64\www\notes\system\CodeIgniter.php(825): App\controllers\Acceil->ecole()
#10 C:\wamp64\www\notes\system\CodeIgniter.php(412): CodeIgniter\CodeIgniter->runController(Object(App\controllers\Acceil))
#11 C:\wamp64\www\notes\system\CodeIgniter.php(320): CodeIgniter\CodeIgniter->handleRequest(NULL, Object(Config\Cache), false)
#12 C:\wamp64\www\notes\index.php(37): CodeIgniter\CodeIgniter->run()
#13 {main}
CRITICAL - 2022-05-01 11:03:26 --> count(): Parameter must be an array or an object that implements Countable
#0 C:\wamp64\www\notes\app\Views\include\header.php(16): CodeIgniter\Debug\Exceptions->errorHandler(2, 'count(): Parame...', 'C:\\wamp64\\www\\n...', 16, Array)
#1 C:\wamp64\www\notes\system\View\View.php(210): include('C:\\wamp64\\www\\n...')
#2 C:\wamp64\www\notes\system\View\View.php(213): CodeIgniter\View\View->CodeIgniter\View\{closure}()
#3 C:\wamp64\www\notes\system\View\View.php(424): CodeIgniter\View\View->render('include/header', NULL, true)
#4 C:\wamp64\www\notes\app\Views\site\note.php(4): CodeIgniter\View\View->include('include/header')
#5 C:\wamp64\www\notes\system\View\View.php(210): include('C:\\wamp64\\www\\n...')
#6 C:\wamp64\www\notes\system\View\View.php(213): CodeIgniter\View\View->CodeIgniter\View\{closure}()
#7 C:\wamp64\www\notes\system\Common.php(1089): CodeIgniter\View\View->render('site/note', Array, true)
#8 C:\wamp64\www\notes\app\Controllers\ControllerNote.php(10): view('site/note')
#9 C:\wamp64\www\notes\system\CodeIgniter.php(825): App\controllers\ControllerNote->afficheNote()
#10 C:\wamp64\www\notes\system\CodeIgniter.php(412): CodeIgniter\CodeIgniter->runController(Object(App\controllers\ControllerNote))
#11 C:\wamp64\www\notes\system\CodeIgniter.php(320): CodeIgniter\CodeIgniter->handleRequest(NULL, Object(Config\Cache), false)
#12 C:\wamp64\www\notes\index.php(37): CodeIgniter\CodeIgniter->run()
#13 {main}
CRITICAL - 2022-05-01 11:06:04 --> count(): Parameter must be an array or an object that implements Countable
#0 C:\wamp64\www\notes\app\Views\include\header.php(19): CodeIgniter\Debug\Exceptions->errorHandler(2, 'count(): Parame...', 'C:\\wamp64\\www\\n...', 19, Array)
#1 C:\wamp64\www\notes\system\View\View.php(210): include('C:\\wamp64\\www\\n...')
#2 C:\wamp64\www\notes\system\View\View.php(213): CodeIgniter\View\View->CodeIgniter\View\{closure}()
#3 C:\wamp64\www\notes\system\View\View.php(424): CodeIgniter\View\View->render('include/header', NULL, true)
#4 C:\wamp64\www\notes\app\Views\site\examen.php(4): CodeIgniter\View\View->include('include/header')
#5 C:\wamp64\www\notes\system\View\View.php(210): include('C:\\wamp64\\www\\n...')
#6 C:\wamp64\www\notes\system\View\View.php(213): CodeIgniter\View\View->CodeIgniter\View\{closure}()
#7 C:\wamp64\www\notes\system\Common.php(1089): CodeIgniter\View\View->render('site/examen', Array, true)
#8 C:\wamp64\www\notes\app\Controllers\ControllerExamen.php(10): view('site/examen')
#9 C:\wamp64\www\notes\system\CodeIgniter.php(825): App\controllers\ControllerExamen->examen()
#10 C:\wamp64\www\notes\system\CodeIgniter.php(412): CodeIgniter\CodeIgniter->runController(Object(App\controllers\ControllerExamen))
#11 C:\wamp64\www\notes\system\CodeIgniter.php(320): CodeIgniter\CodeIgniter->handleRequest(NULL, Object(Config\Cache), false)
#12 C:\wamp64\www\notes\index.php(37): CodeIgniter\CodeIgniter->run()
#13 {main}
CRITICAL - 2022-05-01 11:06:05 --> count(): Parameter must be an array or an object that implements Countable
#0 C:\wamp64\www\notes\app\Views\include\header.php(19): CodeIgniter\Debug\Exceptions->errorHandler(2, 'count(): Parame...', 'C:\\wamp64\\www\\n...', 19, Array)
#1 C:\wamp64\www\notes\system\View\View.php(210): include('C:\\wamp64\\www\\n...')
#2 C:\wamp64\www\notes\system\View\View.php(213): CodeIgniter\View\View->CodeIgniter\View\{closure}()
#3 C:\wamp64\www\notes\system\View\View.php(424): CodeIgniter\View\View->render('include/header', NULL, true)
#4 C:\wamp64\www\notes\app\Views\site\matiere.php(4): CodeIgniter\View\View->include('include/header')
#5 C:\wamp64\www\notes\system\View\View.php(210): include('C:\\wamp64\\www\\n...')
#6 C:\wamp64\www\notes\system\View\View.php(213): CodeIgniter\View\View->CodeIgniter\View\{closure}()
#7 C:\wamp64\www\notes\system\Common.php(1089): CodeIgniter\View\View->render('site/matiere', Array, true)
#8 C:\wamp64\www\notes\app\Controllers\Acceil.php(145): view('site/matiere')
#9 C:\wamp64\www\notes\system\CodeIgniter.php(825): App\controllers\Acceil->matiere()
#10 C:\wamp64\www\notes\system\CodeIgniter.php(412): CodeIgniter\CodeIgniter->runController(Object(App\controllers\Acceil))
#11 C:\wamp64\www\notes\system\CodeIgniter.php(320): CodeIgniter\CodeIgniter->handleRequest(NULL, Object(Config\Cache), false)
#12 C:\wamp64\www\notes\index.php(37): CodeIgniter\CodeIgniter->run()
#13 {main}
CRITICAL - 2022-05-01 11:06:06 --> count(): Parameter must be an array or an object that implements Countable
#0 C:\wamp64\www\notes\app\Views\include\header.php(19): CodeIgniter\Debug\Exceptions->errorHandler(2, 'count(): Parame...', 'C:\\wamp64\\www\\n...', 19, Array)
#1 C:\wamp64\www\notes\system\View\View.php(210): include('C:\\wamp64\\www\\n...')
#2 C:\wamp64\www\notes\system\View\View.php(213): CodeIgniter\View\View->CodeIgniter\View\{closure}()
#3 C:\wamp64\www\notes\system\View\View.php(424): CodeIgniter\View\View->render('include/header', NULL, true)
#4 C:\wamp64\www\notes\app\Views\site\etudiant.php(4): CodeIgniter\View\View->include('include/header')
#5 C:\wamp64\www\notes\system\View\View.php(210): include('C:\\wamp64\\www\\n...')
#6 C:\wamp64\www\notes\system\View\View.php(213): CodeIgniter\View\View->CodeIgniter\View\{closure}()
#7 C:\wamp64\www\notes\system\Common.php(1089): CodeIgniter\View\View->render('site/etudiant', Array, true)
#8 C:\wamp64\www\notes\app\Controllers\Acceil.php(32): view('site/etudiant')
#9 C:\wamp64\www\notes\system\CodeIgniter.php(825): App\controllers\Acceil->ecole()
#10 C:\wamp64\www\notes\system\CodeIgniter.php(412): CodeIgniter\CodeIgniter->runController(Object(App\controllers\Acceil))
#11 C:\wamp64\www\notes\system\CodeIgniter.php(320): CodeIgniter\CodeIgniter->handleRequest(NULL, Object(Config\Cache), false)
#12 C:\wamp64\www\notes\index.php(37): CodeIgniter\CodeIgniter->run()
#13 {main}
CRITICAL - 2022-05-01 11:06:10 --> count(): Parameter must be an array or an object that implements Countable
#0 C:\wamp64\www\notes\app\Views\include\header.php(19): CodeIgniter\Debug\Exceptions->errorHandler(2, 'count(): Parame...', 'C:\\wamp64\\www\\n...', 19, Array)
#1 C:\wamp64\www\notes\system\View\View.php(210): include('C:\\wamp64\\www\\n...')
#2 C:\wamp64\www\notes\system\View\View.php(213): CodeIgniter\View\View->CodeIgniter\View\{closure}()
#3 C:\wamp64\www\notes\system\View\View.php(424): CodeIgniter\View\View->render('include/header', NULL, true)
#4 C:\wamp64\www\notes\app\Views\site\etudiant.php(4): CodeIgniter\View\View->include('include/header')
#5 C:\wamp64\www\notes\system\View\View.php(210): include('C:\\wamp64\\www\\n...')
#6 C:\wamp64\www\notes\system\View\View.php(213): CodeIgniter\View\View->CodeIgniter\View\{closure}()
#7 C:\wamp64\www\notes\system\Common.php(1089): CodeIgniter\View\View->render('site/etudiant', Array, true)
#8 C:\wamp64\www\notes\app\Controllers\Acceil.php(32): view('site/etudiant')
#9 C:\wamp64\www\notes\system\CodeIgniter.php(825): App\controllers\Acceil->ecole()
#10 C:\wamp64\www\notes\system\CodeIgniter.php(412): CodeIgniter\CodeIgniter->runController(Object(App\controllers\Acceil))
#11 C:\wamp64\www\notes\system\CodeIgniter.php(320): CodeIgniter\CodeIgniter->handleRequest(NULL, Object(Config\Cache), false)
#12 C:\wamp64\www\notes\index.php(37): CodeIgniter\CodeIgniter->run()
#13 {main}
CRITICAL - 2022-05-01 11:08:26 --> count(): Parameter must be an array or an object that implements Countable
#0 C:\wamp64\www\notes\app\Views\include\header.php(19): CodeIgniter\Debug\Exceptions->errorHandler(2, 'count(): Parame...', 'C:\\wamp64\\www\\n...', 19, Array)
#1 C:\wamp64\www\notes\system\View\View.php(210): include('C:\\wamp64\\www\\n...')
#2 C:\wamp64\www\notes\system\View\View.php(213): CodeIgniter\View\View->CodeIgniter\View\{closure}()
#3 C:\wamp64\www\notes\system\View\View.php(424): CodeIgniter\View\View->render('include/header', NULL, true)
#4 C:\wamp64\www\notes\app\Views\site\aes.php(1): CodeIgniter\View\View->include('include/header')
#5 C:\wamp64\www\notes\system\View\View.php(210): include('C:\\wamp64\\www\\n...')
#6 C:\wamp64\www\notes\system\View\View.php(213): CodeIgniter\View\View->CodeIgniter\View\{closure}()
#7 C:\wamp64\www\notes\system\Common.php(1089): CodeIgniter\View\View->render('site/aes', Array, true)
#8 C:\wamp64\www\notes\app\Controllers\Acceil.php(60): view('site/aes', Array)
#9 C:\wamp64\www\notes\system\CodeIgniter.php(825): App\controllers\Acceil->aesFunction()
#10 C:\wamp64\www\notes\system\CodeIgniter.php(412): CodeIgniter\CodeIgniter->runController(Object(App\controllers\Acceil))
#11 C:\wamp64\www\notes\system\CodeIgniter.php(320): CodeIgniter\CodeIgniter->handleRequest(NULL, Object(Config\Cache), false)
#12 C:\wamp64\www\notes\index.php(37): CodeIgniter\CodeIgniter->run()
#13 {main}
CRITICAL - 2022-05-01 11:08:28 --> count(): Parameter must be an array or an object that implements Countable
#0 C:\wamp64\www\notes\app\Views\site\rechercher.php(42): CodeIgniter\Debug\Exceptions->errorHandler(2, 'count(): Parame...', 'C:\\wamp64\\www\\n...', 42, Array)
#1 C:\wamp64\www\notes\system\View\View.php(210): include('C:\\wamp64\\www\\n...')
#2 C:\wamp64\www\notes\system\View\View.php(213): CodeIgniter\View\View->CodeIgniter\View\{closure}()
#3 C:\wamp64\www\notes\system\Common.php(1089): CodeIgniter\View\View->render('site/rechercher', Array, true)
#4 C:\wamp64\www\notes\app\Controllers\Acceil.php(180): view('site/rechercher', Array)
#5 C:\wamp64\www\notes\system\CodeIgniter.php(825): App\controllers\Acceil->rechercher()
#6 C:\wamp64\www\notes\system\CodeIgniter.php(412): CodeIgniter\CodeIgniter->runController(Object(App\controllers\Acceil))
#7 C:\wamp64\www\notes\system\CodeIgniter.php(320): CodeIgniter\CodeIgniter->handleRequest(NULL, Object(Config\Cache), false)
#8 C:\wamp64\www\notes\index.php(37): CodeIgniter\CodeIgniter->run()
#9 {main}
CRITICAL - 2022-05-01 11:08:29 --> count(): Parameter must be an array or an object that implements Countable
#0 C:\wamp64\www\notes\app\Views\site\rechercher.php(42): CodeIgniter\Debug\Exceptions->errorHandler(2, 'count(): Parame...', 'C:\\wamp64\\www\\n...', 42, Array)
#1 C:\wamp64\www\notes\system\View\View.php(210): include('C:\\wamp64\\www\\n...')
#2 C:\wamp64\www\notes\system\View\View.php(213): CodeIgniter\View\View->CodeIgniter\View\{closure}()
#3 C:\wamp64\www\notes\system\Common.php(1089): CodeIgniter\View\View->render('site/rechercher', Array, true)
#4 C:\wamp64\www\notes\app\Controllers\Acceil.php(180): view('site/rechercher', Array)
#5 C:\wamp64\www\notes\system\CodeIgniter.php(825): App\controllers\Acceil->rechercher()
#6 C:\wamp64\www\notes\system\CodeIgniter.php(412): CodeIgniter\CodeIgniter->runController(Object(App\controllers\Acceil))
#7 C:\wamp64\www\notes\system\CodeIgniter.php(320): CodeIgniter\CodeIgniter->handleRequest(NULL, Object(Config\Cache), false)
#8 C:\wamp64\www\notes\index.php(37): CodeIgniter\CodeIgniter->run()
#9 {main}
CRITICAL - 2022-05-01 11:08:35 --> count(): Parameter must be an array or an object that implements Countable
#0 C:\wamp64\www\notes\app\Views\include\header.php(19): CodeIgniter\Debug\Exceptions->errorHandler(2, 'count(): Parame...', 'C:\\wamp64\\www\\n...', 19, Array)
#1 C:\wamp64\www\notes\system\View\View.php(210): include('C:\\wamp64\\www\\n...')
#2 C:\wamp64\www\notes\system\View\View.php(213): CodeIgniter\View\View->CodeIgniter\View\{closure}()
#3 C:\wamp64\www\notes\system\View\View.php(424): CodeIgniter\View\View->render('include/header', NULL, true)
#4 C:\wamp64\www\notes\app\Views\site\aes.php(1): CodeIgniter\View\View->include('include/header')
#5 C:\wamp64\www\notes\system\View\View.php(210): include('C:\\wamp64\\www\\n...')
#6 C:\wamp64\www\notes\system\View\View.php(213): CodeIgniter\View\View->CodeIgniter\View\{closure}()
#7 C:\wamp64\www\notes\system\Common.php(1089): CodeIgniter\View\View->render('site/aes', Array, true)
#8 C:\wamp64\www\notes\app\Controllers\Acceil.php(60): view('site/aes', Array)
#9 C:\wamp64\www\notes\system\CodeIgniter.php(825): App\controllers\Acceil->aesFunction()
#10 C:\wamp64\www\notes\system\CodeIgniter.php(412): CodeIgniter\CodeIgniter->runController(Object(App\controllers\Acceil))
#11 C:\wamp64\www\notes\system\CodeIgniter.php(320): CodeIgniter\CodeIgniter->handleRequest(NULL, Object(Config\Cache), false)
#12 C:\wamp64\www\notes\index.php(37): CodeIgniter\CodeIgniter->run()
#13 {main}
CRITICAL - 2022-05-01 11:08:37 --> count(): Parameter must be an array or an object that implements Countable
#0 C:\wamp64\www\notes\app\Views\include\header.php(19): CodeIgniter\Debug\Exceptions->errorHandler(2, 'count(): Parame...', 'C:\\wamp64\\www\\n...', 19, Array)
#1 C:\wamp64\www\notes\system\View\View.php(210): include('C:\\wamp64\\www\\n...')
#2 C:\wamp64\www\notes\system\View\View.php(213): CodeIgniter\View\View->CodeIgniter\View\{closure}()
#3 C:\wamp64\www\notes\system\View\View.php(424): CodeIgniter\View\View->render('include/header', NULL, true)
#4 C:\wamp64\www\notes\app\Views\site\etudiant.php(4): CodeIgniter\View\View->include('include/header')
#5 C:\wamp64\www\notes\system\View\View.php(210): include('C:\\wamp64\\www\\n...')
#6 C:\wamp64\www\notes\system\View\View.php(213): CodeIgniter\View\View->CodeIgniter\View\{closure}()
#7 C:\wamp64\www\notes\system\Common.php(1089): CodeIgniter\View\View->render('site/etudiant', Array, true)
#8 C:\wamp64\www\notes\app\Controllers\Acceil.php(32): view('site/etudiant')
#9 C:\wamp64\www\notes\system\CodeIgniter.php(825): App\controllers\Acceil->ecole()
#10 C:\wamp64\www\notes\system\CodeIgniter.php(412): CodeIgniter\CodeIgniter->runController(Object(App\controllers\Acceil))
#11 C:\wamp64\www\notes\system\CodeIgniter.php(320): CodeIgniter\CodeIgniter->handleRequest(NULL, Object(Config\Cache), false)
#12 C:\wamp64\www\notes\index.php(37): CodeIgniter\CodeIgniter->run()
#13 {main}
CRITICAL - 2022-05-01 11:10:49 --> count(): Parameter must be an array or an object that implements Countable
#0 C:\wamp64\www\notes\app\Views\site\rechercher.php(42): CodeIgniter\Debug\Exceptions->errorHandler(2, 'count(): Parame...', 'C:\\wamp64\\www\\n...', 42, Array)
#1 C:\wamp64\www\notes\system\View\View.php(210): include('C:\\wamp64\\www\\n...')
#2 C:\wamp64\www\notes\system\View\View.php(213): CodeIgniter\View\View->CodeIgniter\View\{closure}()
#3 C:\wamp64\www\notes\system\Common.php(1089): CodeIgniter\View\View->render('site/rechercher', Array, true)
#4 C:\wamp64\www\notes\app\Controllers\Acceil.php(180): view('site/rechercher', Array)
#5 C:\wamp64\www\notes\system\CodeIgniter.php(825): App\controllers\Acceil->rechercher()
#6 C:\wamp64\www\notes\system\CodeIgniter.php(412): CodeIgniter\CodeIgniter->runController(Object(App\controllers\Acceil))
#7 C:\wamp64\www\notes\system\CodeIgniter.php(320): CodeIgniter\CodeIgniter->handleRequest(NULL, Object(Config\Cache), false)
#8 C:\wamp64\www\notes\index.php(37): CodeIgniter\CodeIgniter->run()
#9 {main}
ERROR - 2022-05-01 11:14:21 --> Le champ 'image' ne peut tre vide (null)
CRITICAL - 2022-05-01 11:14:21 --> Illegal string offset 'matricule'
#0 C:\wamp64\www\notes\app\Views\site\aes.php(38): CodeIgniter\Debug\Exceptions->errorHandler(2, 'Illegal string ...', 'C:\\wamp64\\www\\n...', 38, Array)
#1 C:\wamp64\www\notes\system\View\View.php(210): include('C:\\wamp64\\www\\n...')
#2 C:\wamp64\www\notes\system\View\View.php(213): CodeIgniter\View\View->CodeIgniter\View\{closure}()
#3 C:\wamp64\www\notes\system\Common.php(1089): CodeIgniter\View\View->render('site/aes', Array, true)
#4 C:\wamp64\www\notes\app\Controllers\Acceil.php(60): view('site/aes', Array)
#5 C:\wamp64\www\notes\system\CodeIgniter.php(825): App\controllers\Acceil->aesFunction()
#6 C:\wamp64\www\notes\system\CodeIgniter.php(412): CodeIgniter\CodeIgniter->runController(Object(App\controllers\Acceil))
#7 C:\wamp64\www\notes\system\CodeIgniter.php(320): CodeIgniter\CodeIgniter->handleRequest(NULL, Object(Config\Cache), false)
#8 C:\wamp64\www\notes\index.php(37): CodeIgniter\CodeIgniter->run()
#9 {main}
ERROR - 2022-05-01 11:14:44 --> Le champ 'image' ne peut tre vide (null)
CRITICAL - 2022-05-01 11:14:44 --> Illegal string offset 'matricule'
#0 C:\wamp64\www\notes\app\Views\site\aes.php(38): CodeIgniter\Debug\Exceptions->errorHandler(2, 'Illegal string ...', 'C:\\wamp64\\www\\n...', 38, Array)
#1 C:\wamp64\www\notes\system\View\View.php(210): include('C:\\wamp64\\www\\n...')
#2 C:\wamp64\www\notes\system\View\View.php(213): CodeIgniter\View\View->CodeIgniter\View\{closure}()
#3 C:\wamp64\www\notes\system\Common.php(1089): CodeIgniter\View\View->render('site/aes', Array, true)
#4 C:\wamp64\www\notes\app\Controllers\Acceil.php(60): view('site/aes', Array)
#5 C:\wamp64\www\notes\system\CodeIgniter.php(825): App\controllers\Acceil->aesFunction()
#6 C:\wamp64\www\notes\system\CodeIgniter.php(412): CodeIgniter\CodeIgniter->runController(Object(App\controllers\Acceil))
#7 C:\wamp64\www\notes\system\CodeIgniter.php(320): CodeIgniter\CodeIgniter->handleRequest(NULL, Object(Config\Cache), false)
#8 C:\wamp64\www\notes\index.php(37): CodeIgniter\CodeIgniter->run()
#9 {main}
CRITICAL - 2022-05-01 11:22:55 --> syntax error, unexpected '?>', expecting ')'
#0 C:\wamp64\www\notes\system\View\View.php(213): CodeIgniter\View\View->CodeIgniter\View\{closure}()
#1 C:\wamp64\www\notes\system\Common.php(1089): CodeIgniter\View\View->render('site/aes', Array, true)
#2 C:\wamp64\www\notes\app\Controllers\Acceil.php(60): view('site/aes', Array)
#3 C:\wamp64\www\notes\system\CodeIgniter.php(825): App\controllers\Acceil->aesFunction()
#4 C:\wamp64\www\notes\system\CodeIgniter.php(412): CodeIgniter\CodeIgniter->runController(Object(App\controllers\Acceil))
#5 C:\wamp64\www\notes\system\CodeIgniter.php(320): CodeIgniter\CodeIgniter->handleRequest(NULL, Object(Config\Cache), false)
#6 C:\wamp64\www\notes\index.php(37): CodeIgniter\CodeIgniter->run()
#7 {main}
CRITICAL - 2022-05-01 11:22:57 --> syntax error, unexpected '?>', expecting ')'
#0 C:\wamp64\www\notes\system\View\View.php(213): CodeIgniter\View\View->CodeIgniter\View\{closure}()
#1 C:\wamp64\www\notes\system\Common.php(1089): CodeIgniter\View\View->render('site/aes', Array, true)
#2 C:\wamp64\www\notes\app\Controllers\Acceil.php(60): view('site/aes', Array)
#3 C:\wamp64\www\notes\system\CodeIgniter.php(825): App\controllers\Acceil->aesFunction()
#4 C:\wamp64\www\notes\system\CodeIgniter.php(412): CodeIgniter\CodeIgniter->runController(Object(App\controllers\Acceil))
#5 C:\wamp64\www\notes\system\CodeIgniter.php(320): CodeIgniter\CodeIgniter->handleRequest(NULL, Object(Config\Cache), false)
#6 C:\wamp64\www\notes\index.php(37): CodeIgniter\CodeIgniter->run()
#7 {main}
CRITICAL - 2022-05-01 11:23:03 --> syntax error, unexpected '?>', expecting ')'
#0 C:\wamp64\www\notes\system\View\View.php(213): CodeIgniter\View\View->CodeIgniter\View\{closure}()
#1 C:\wamp64\www\notes\system\Common.php(1089): CodeIgniter\View\View->render('site/aes', Array, true)
#2 C:\wamp64\www\notes\app\Controllers\Acceil.php(60): view('site/aes', Array)
#3 C:\wamp64\www\notes\system\CodeIgniter.php(825): App\controllers\Acceil->aesFunction()
#4 C:\wamp64\www\notes\system\CodeIgniter.php(412): CodeIgniter\CodeIgniter->runController(Object(App\controllers\Acceil))
#5 C:\wamp64\www\notes\system\CodeIgniter.php(320): CodeIgniter\CodeIgniter->handleRequest(NULL, Object(Config\Cache), false)
#6 C:\wamp64\www\notes\index.php(37): CodeIgniter\CodeIgniter->run()
#7 {main}
ERROR - 2022-05-01 11:41:14 --> Le champ 'type' ne peut tre vide (null)
CRITICAL - 2022-05-01 11:41:14 --> Illegal string offset 'matricule'
#0 C:\wamp64\www\notes\app\Views\site\aesExamen.php(38): CodeIgniter\Debug\Exceptions->errorHandler(2, 'Illegal string ...', 'C:\\wamp64\\www\\n...', 38, Array)
#1 C:\wamp64\www\notes\system\View\View.php(210): include('C:\\wamp64\\www\\n...')
#2 C:\wamp64\www\notes\system\View\View.php(213): CodeIgniter\View\View->CodeIgniter\View\{closure}()
#3 C:\wamp64\www\notes\system\Common.php(1089): CodeIgniter\View\View->render('site/aesExamen', Array, true)
#4 C:\wamp64\www\notes\app\Controllers\ControllerExamen.php(61): view('site/aesExamen', Array)
#5 C:\wamp64\www\notes\system\CodeIgniter.php(825): App\controllers\ControllerExamen->aesExamen()
#6 C:\wamp64\www\notes\system\CodeIgniter.php(412): CodeIgniter\CodeIgniter->runController(Object(App\controllers\ControllerExamen))
#7 C:\wamp64\www\notes\system\CodeIgniter.php(320): CodeIgniter\CodeIgniter->handleRequest(NULL, Object(Config\Cache), false)
#8 C:\wamp64\www\notes\index.php(37): CodeIgniter\CodeIgniter->run()
#9 {main}
ERROR - 2022-05-01 12:11:08 --> Le champ 'matricule' ne peut tre vide (null)
CRITICAL - 2022-05-01 12:11:08 --> Illegal string offset 'matricule'
#0 C:\wamp64\www\notes\app\Views\site\aesExamen.php(38): CodeIgniter\Debug\Exceptions->errorHandler(2, 'Illegal string ...', 'C:\\wamp64\\www\\n...', 38, Array)
#1 C:\wamp64\www\notes\system\View\View.php(210): include('C:\\wamp64\\www\\n...')
#2 C:\wamp64\www\notes\system\View\View.php(213): CodeIgniter\View\View->CodeIgniter\View\{closure}()
#3 C:\wamp64\www\notes\system\Common.php(1089): CodeIgniter\View\View->render('site/aesExamen', Array, true)
#4 C:\wamp64\www\notes\app\Controllers\ControllerExamen.php(61): view('site/aesExamen', Array)
#5 C:\wamp64\www\notes\system\CodeIgniter.php(825): App\controllers\ControllerExamen->aesExamen()
#6 C:\wamp64\www\notes\system\CodeIgniter.php(412): CodeIgniter\CodeIgniter->runController(Object(App\controllers\ControllerExamen))
#7 C:\wamp64\www\notes\system\CodeIgniter.php(320): CodeIgniter\CodeIgniter->handleRequest(NULL, Object(Config\Cache), false)
#8 C:\wamp64\www\notes\index.php(37): CodeIgniter\CodeIgniter->run()
#9 {main}
ERROR - 2022-05-01 12:13:25 --> Le champ 'matricule' ne peut tre vide (null)
CRITICAL - 2022-05-01 12:13:25 --> Illegal string offset 'matricule'
#0 C:\wamp64\www\notes\app\Views\site\aesExamen.php(38): CodeIgniter\Debug\Exceptions->errorHandler(2, 'Illegal string ...', 'C:\\wamp64\\www\\n...', 38, Array)
#1 C:\wamp64\www\notes\system\View\View.php(210): include('C:\\wamp64\\www\\n...')
#2 C:\wamp64\www\notes\system\View\View.php(213): CodeIgniter\View\View->CodeIgniter\View\{closure}()
#3 C:\wamp64\www\notes\system\Common.php(1089): CodeIgniter\View\View->render('site/aesExamen', Array, true)
#4 C:\wamp64\www\notes\app\Controllers\ControllerExamen.php(61): view('site/aesExamen', Array)
#5 C:\wamp64\www\notes\system\CodeIgniter.php(825): App\controllers\ControllerExamen->aesExamen()
#6 C:\wamp64\www\notes\system\CodeIgniter.php(412): CodeIgniter\CodeIgniter->runController(Object(App\controllers\ControllerExamen))
#7 C:\wamp64\www\notes\system\CodeIgniter.php(320): CodeIgniter\CodeIgniter->handleRequest(NULL, Object(Config\Cache), false)
#8 C:\wamp64\www\notes\index.php(37): CodeIgniter\CodeIgniter->run()
#9 {main}
ERROR - 2022-05-01 12:23:23 --> Le champ 'matricule' ne peut tre vide (null)
CRITICAL - 2022-05-01 12:23:23 --> Illegal string offset 'matricule'
#0 C:\wamp64\www\notes\app\Views\site\aesExamen.php(38): CodeIgniter\Debug\Exceptions->errorHandler(2, 'Illegal string ...', 'C:\\wamp64\\www\\n...', 38, Array)
#1 C:\wamp64\www\notes\system\View\View.php(210): include('C:\\wamp64\\www\\n...')
#2 C:\wamp64\www\notes\system\View\View.php(213): CodeIgniter\View\View->CodeIgniter\View\{closure}()
#3 C:\wamp64\www\notes\system\Common.php(1089): CodeIgniter\View\View->render('site/aesExamen', Array, true)
#4 C:\wamp64\www\notes\app\Controllers\ControllerExamen.php(61): view('site/aesExamen', Array)
#5 C:\wamp64\www\notes\system\CodeIgniter.php(825): App\controllers\ControllerExamen->aesExamen()
#6 C:\wamp64\www\notes\system\CodeIgniter.php(412): CodeIgniter\CodeIgniter->runController(Object(App\controllers\ControllerExamen))
#7 C:\wamp64\www\notes\system\CodeIgniter.php(320): CodeIgniter\CodeIgniter->handleRequest(NULL, Object(Config\Cache), false)
#8 C:\wamp64\www\notes\index.php(37): CodeIgniter\CodeIgniter->run()
#9 {main}
ERROR - 2022-05-01 12:24:06 --> Le champ 'matricule' ne peut tre vide (null)
CRITICAL - 2022-05-01 12:24:06 --> Illegal string offset 'matricule'
#0 C:\wamp64\www\notes\app\Views\site\aesExamen.php(38): CodeIgniter\Debug\Exceptions->errorHandler(2, 'Illegal string ...', 'C:\\wamp64\\www\\n...', 38, Array)
#1 C:\wamp64\www\notes\system\View\View.php(210): include('C:\\wamp64\\www\\n...')
#2 C:\wamp64\www\notes\system\View\View.php(213): CodeIgniter\View\View->CodeIgniter\View\{closure}()
#3 C:\wamp64\www\notes\system\Common.php(1089): CodeIgniter\View\View->render('site/aesExamen', Array, true)
#4 C:\wamp64\www\notes\app\Controllers\ControllerExamen.php(61): view('site/aesExamen', Array)
#5 C:\wamp64\www\notes\system\CodeIgniter.php(825): App\controllers\ControllerExamen->aesExamen()
#6 C:\wamp64\www\notes\system\CodeIgniter.php(412): CodeIgniter\CodeIgniter->runController(Object(App\controllers\ControllerExamen))
#7 C:\wamp64\www\notes\system\CodeIgniter.php(320): CodeIgniter\CodeIgniter->handleRequest(NULL, Object(Config\Cache), false)
#8 C:\wamp64\www\notes\index.php(37): CodeIgniter\CodeIgniter->run()
#9 {main}
