CRITICAL - 2022-04-30 00:46:50 --> Class 'App\controllers\ModalNote' not found
#0 C:\wamp64\www\notes\system\CodeIgniter.php(825): App\controllers\ControllerNote->aesNote()
#1 C:\wamp64\www\notes\system\CodeIgniter.php(412): CodeIgniter\CodeIgniter->runController(Object(App\controllers\ControllerNote))
#2 C:\wamp64\www\notes\system\CodeIgniter.php(320): CodeIgniter\CodeIgniter->handleRequest(NULL, Object(Config\Cache), false)
#3 C:\wamp64\www\notes\index.php(37): CodeIgniter\CodeIgniter->run()
#4 {main}
CRITICAL - 2022-04-30 01:22:39 --> You must supply the parameters: from, to.
#0 C:\wamp64\www\notes\app\Config\Routes.php(57): CodeIgniter\Router\RouteCollection->match(Array, 'ControllerExame...')
#1 C:\wamp64\www\notes\system\CodeIgniter.php(706): require('C:\\wamp64\\www\\n...')
#2 C:\wamp64\www\notes\system\CodeIgniter.php(361): CodeIgniter\CodeIgniter->tryToRouteIt(Object(CodeIgniter\Router\RouteCollection))
#3 C:\wamp64\www\notes\system\CodeIgniter.php(320): CodeIgniter\CodeIgniter->handleRequest(NULL, Object(Config\Cache), false)
#4 C:\wamp64\www\notes\index.php(37): CodeIgniter\CodeIgniter->run()
#5 {main}
CRITICAL - 2022-04-30 01:22:39 --> You must supply the parameters: from, to.
#0 C:\wamp64\www\notes\app\Config\Routes.php(57): CodeIgniter\Router\RouteCollection->match(Array, 'ControllerExame...')
#1 C:\wamp64\www\notes\system\CodeIgniter.php(706): require('C:\\wamp64\\www\\n...')
#2 C:\wamp64\www\notes\system\CodeIgniter.php(361): CodeIgniter\CodeIgniter->tryToRouteIt(Object(CodeIgniter\Router\RouteCollection))
#3 C:\wamp64\www\notes\system\CodeIgniter.php(320): CodeIgniter\CodeIgniter->handleRequest(NULL, Object(Config\Cache), false)
#4 C:\wamp64\www\notes\index.php(37): CodeIgniter\CodeIgniter->run()
#5 {main}
CRITICAL - 2022-04-30 01:22:41 --> You must supply the parameters: from, to.
#0 C:\wamp64\www\notes\app\Config\Routes.php(57): CodeIgniter\Router\RouteCollection->match(Array, 'ControllerExame...')
#1 C:\wamp64\www\notes\system\CodeIgniter.php(706): require('C:\\wamp64\\www\\n...')
#2 C:\wamp64\www\notes\system\CodeIgniter.php(361): CodeIgniter\CodeIgniter->tryToRouteIt(Object(CodeIgniter\Router\RouteCollection))
#3 C:\wamp64\www\notes\system\CodeIgniter.php(320): CodeIgniter\CodeIgniter->handleRequest(NULL, Object(Config\Cache), false)
#4 C:\wamp64\www\notes\index.php(37): CodeIgniter\CodeIgniter->run()
#5 {main}
CRITICAL - 2022-04-30 01:22:43 --> You must supply the parameters: from, to.
#0 C:\wamp64\www\notes\app\Config\Routes.php(57): CodeIgniter\Router\RouteCollection->match(Array, 'ControllerExame...')
#1 C:\wamp64\www\notes\system\CodeIgniter.php(706): require('C:\\wamp64\\www\\n...')
#2 C:\wamp64\www\notes\system\CodeIgniter.php(361): CodeIgniter\CodeIgniter->tryToRouteIt(Object(CodeIgniter\Router\RouteCollection))
#3 C:\wamp64\www\notes\system\CodeIgniter.php(320): CodeIgniter\CodeIgniter->handleRequest(NULL, Object(Config\Cache), false)
#4 C:\wamp64\www\notes\index.php(37): CodeIgniter\CodeIgniter->run()
#5 {main}
CRITICAL - 2022-04-30 01:22:45 --> You must supply the parameters: from, to.
#0 C:\wamp64\www\notes\app\Config\Routes.php(57): CodeIgniter\Router\RouteCollection->match(Array, 'ControllerExame...')
#1 C:\wamp64\www\notes\system\CodeIgniter.php(706): require('C:\\wamp64\\www\\n...')
#2 C:\wamp64\www\notes\system\CodeIgniter.php(361): CodeIgniter\CodeIgniter->tryToRouteIt(Object(CodeIgniter\Router\RouteCollection))
#3 C:\wamp64\www\notes\system\CodeIgniter.php(320): CodeIgniter\CodeIgniter->handleRequest(NULL, Object(Config\Cache), false)
#4 C:\wamp64\www\notes\index.php(37): CodeIgniter\CodeIgniter->run()
#5 {main}
CRITICAL - 2022-04-30 01:22:45 --> You must supply the parameters: from, to.
#0 C:\wamp64\www\notes\app\Config\Routes.php(57): CodeIgniter\Router\RouteCollection->match(Array, 'ControllerExame...')
#1 C:\wamp64\www\notes\system\CodeIgniter.php(706): require('C:\\wamp64\\www\\n...')
#2 C:\wamp64\www\notes\system\CodeIgniter.php(361): CodeIgniter\CodeIgniter->tryToRouteIt(Object(CodeIgniter\Router\RouteCollection))
#3 C:\wamp64\www\notes\system\CodeIgniter.php(320): CodeIgniter\CodeIgniter->handleRequest(NULL, Object(Config\Cache), false)
#4 C:\wamp64\www\notes\index.php(37): CodeIgniter\CodeIgniter->run()
#5 {main}
CRITICAL - 2022-04-30 01:22:45 --> You must supply the parameters: from, to.
#0 C:\wamp64\www\notes\app\Config\Routes.php(57): CodeIgniter\Router\RouteCollection->match(Array, 'ControllerExame...')
#1 C:\wamp64\www\notes\system\CodeIgniter.php(706): require('C:\\wamp64\\www\\n...')
#2 C:\wamp64\www\notes\system\CodeIgniter.php(361): CodeIgniter\CodeIgniter->tryToRouteIt(Object(CodeIgniter\Router\RouteCollection))
#3 C:\wamp64\www\notes\system\CodeIgniter.php(320): CodeIgniter\CodeIgniter->handleRequest(NULL, Object(Config\Cache), false)
#4 C:\wamp64\www\notes\index.php(37): CodeIgniter\CodeIgniter->run()
#5 {main}
CRITICAL - 2022-04-30 01:22:45 --> You must supply the parameters: from, to.
#0 C:\wamp64\www\notes\app\Config\Routes.php(57): CodeIgniter\Router\RouteCollection->match(Array, 'ControllerExame...')
#1 C:\wamp64\www\notes\system\CodeIgniter.php(706): require('C:\\wamp64\\www\\n...')
#2 C:\wamp64\www\notes\system\CodeIgniter.php(361): CodeIgniter\CodeIgniter->tryToRouteIt(Object(CodeIgniter\Router\RouteCollection))
#3 C:\wamp64\www\notes\system\CodeIgniter.php(320): CodeIgniter\CodeIgniter->handleRequest(NULL, Object(Config\Cache), false)
#4 C:\wamp64\www\notes\index.php(37): CodeIgniter\CodeIgniter->run()
#5 {main}
CRITICAL - 2022-04-30 01:22:46 --> You must supply the parameters: from, to.
#0 C:\wamp64\www\notes\app\Config\Routes.php(57): CodeIgniter\Router\RouteCollection->match(Array, 'ControllerExame...')
#1 C:\wamp64\www\notes\system\CodeIgniter.php(706): require('C:\\wamp64\\www\\n...')
#2 C:\wamp64\www\notes\system\CodeIgniter.php(361): CodeIgniter\CodeIgniter->tryToRouteIt(Object(CodeIgniter\Router\RouteCollection))
#3 C:\wamp64\www\notes\system\CodeIgniter.php(320): CodeIgniter\CodeIgniter->handleRequest(NULL, Object(Config\Cache), false)
#4 C:\wamp64\www\notes\index.php(37): CodeIgniter\CodeIgniter->run()
#5 {main}
CRITICAL - 2022-04-30 01:22:47 --> You must supply the parameters: from, to.
#0 C:\wamp64\www\notes\app\Config\Routes.php(57): CodeIgniter\Router\RouteCollection->match(Array, 'ControllerExame...')
#1 C:\wamp64\www\notes\system\CodeIgniter.php(706): require('C:\\wamp64\\www\\n...')
#2 C:\wamp64\www\notes\system\CodeIgniter.php(361): CodeIgniter\CodeIgniter->tryToRouteIt(Object(CodeIgniter\Router\RouteCollection))
#3 C:\wamp64\www\notes\system\CodeIgniter.php(320): CodeIgniter\CodeIgniter->handleRequest(NULL, Object(Config\Cache), false)
#4 C:\wamp64\www\notes\index.php(37): CodeIgniter\CodeIgniter->run()
#5 {main}
CRITICAL - 2022-04-30 01:22:47 --> You must supply the parameters: from, to.
#0 C:\wamp64\www\notes\app\Config\Routes.php(57): CodeIgniter\Router\RouteCollection->match(Array, 'ControllerExame...')
#1 C:\wamp64\www\notes\system\CodeIgniter.php(706): require('C:\\wamp64\\www\\n...')
#2 C:\wamp64\www\notes\system\CodeIgniter.php(361): CodeIgniter\CodeIgniter->tryToRouteIt(Object(CodeIgniter\Router\RouteCollection))
#3 C:\wamp64\www\notes\system\CodeIgniter.php(320): CodeIgniter\CodeIgniter->handleRequest(NULL, Object(Config\Cache), false)
#4 C:\wamp64\www\notes\index.php(37): CodeIgniter\CodeIgniter->run()
#5 {main}
CRITICAL - 2022-04-30 01:22:47 --> You must supply the parameters: from, to.
#0 C:\wamp64\www\notes\app\Config\Routes.php(57): CodeIgniter\Router\RouteCollection->match(Array, 'ControllerExame...')
#1 C:\wamp64\www\notes\system\CodeIgniter.php(706): require('C:\\wamp64\\www\\n...')
#2 C:\wamp64\www\notes\system\CodeIgniter.php(361): CodeIgniter\CodeIgniter->tryToRouteIt(Object(CodeIgniter\Router\RouteCollection))
#3 C:\wamp64\www\notes\system\CodeIgniter.php(320): CodeIgniter\CodeIgniter->handleRequest(NULL, Object(Config\Cache), false)
#4 C:\wamp64\www\notes\index.php(37): CodeIgniter\CodeIgniter->run()
#5 {main}
CRITICAL - 2022-04-30 01:22:47 --> You must supply the parameters: from, to.
#0 C:\wamp64\www\notes\app\Config\Routes.php(57): CodeIgniter\Router\RouteCollection->match(Array, 'ControllerExame...')
#1 C:\wamp64\www\notes\system\CodeIgniter.php(706): require('C:\\wamp64\\www\\n...')
#2 C:\wamp64\www\notes\system\CodeIgniter.php(361): CodeIgniter\CodeIgniter->tryToRouteIt(Object(CodeIgniter\Router\RouteCollection))
#3 C:\wamp64\www\notes\system\CodeIgniter.php(320): CodeIgniter\CodeIgniter->handleRequest(NULL, Object(Config\Cache), false)
#4 C:\wamp64\www\notes\index.php(37): CodeIgniter\CodeIgniter->run()
#5 {main}
CRITICAL - 2022-04-30 01:22:51 --> You must supply the parameters: from, to.
#0 C:\wamp64\www\notes\app\Config\Routes.php(57): CodeIgniter\Router\RouteCollection->match(Array, 'ControllerExame...')
#1 C:\wamp64\www\notes\system\CodeIgniter.php(706): require('C:\\wamp64\\www\\n...')
#2 C:\wamp64\www\notes\system\CodeIgniter.php(361): CodeIgniter\CodeIgniter->tryToRouteIt(Object(CodeIgniter\Router\RouteCollection))
#3 C:\wamp64\www\notes\system\CodeIgniter.php(320): CodeIgniter\CodeIgniter->handleRequest(NULL, Object(Config\Cache), false)
#4 C:\wamp64\www\notes\index.php(37): CodeIgniter\CodeIgniter->run()
#5 {main}
CRITICAL - 2022-04-30 01:27:56 --> Illegal string offset 'matricule'
#0 C:\wamp64\www\notes\app\Views\site\aesNote.php(38): CodeIgniter\Debug\Exceptions->errorHandler(2, 'Illegal string ...', 'C:\\wamp64\\www\\n...', 38, Array)
#1 C:\wamp64\www\notes\system\View\View.php(210): include('C:\\wamp64\\www\\n...')
#2 C:\wamp64\www\notes\system\View\View.php(213): CodeIgniter\View\View->CodeIgniter\View\{closure}()
#3 C:\wamp64\www\notes\system\Common.php(1089): CodeIgniter\View\View->render('site/aesNote', Array, true)
#4 C:\wamp64\www\notes\app\Controllers\ControllerNote.php(71): view('site/aesNote', Array)
#5 C:\wamp64\www\notes\system\CodeIgniter.php(825): App\controllers\ControllerNote->ajoutNote()
#6 C:\wamp64\www\notes\system\CodeIgniter.php(412): CodeIgniter\CodeIgniter->runController(Object(App\controllers\ControllerNote))
#7 C:\wamp64\www\notes\system\CodeIgniter.php(320): CodeIgniter\CodeIgniter->handleRequest(NULL, Object(Config\Cache), false)
#8 C:\wamp64\www\notes\index.php(37): CodeIgniter\CodeIgniter->run()
#9 {main}
ERROR - 2022-04-30 01:28:18 --> Duplicata du champ '' pour la clef 'PRIMARY'
CRITICAL - 2022-04-30 01:28:18 --> Illegal string offset 'matricule'
#0 C:\wamp64\www\notes\app\Views\site\aesNote.php(38): CodeIgniter\Debug\Exceptions->errorHandler(2, 'Illegal string ...', 'C:\\wamp64\\www\\n...', 38, Array)
#1 C:\wamp64\www\notes\system\View\View.php(210): include('C:\\wamp64\\www\\n...')
#2 C:\wamp64\www\notes\system\View\View.php(213): CodeIgniter\View\View->CodeIgniter\View\{closure}()
#3 C:\wamp64\www\notes\system\Common.php(1089): CodeIgniter\View\View->render('site/aesNote', Array, true)
#4 C:\wamp64\www\notes\app\Controllers\ControllerNote.php(71): view('site/aesNote', Array)
#5 C:\wamp64\www\notes\system\CodeIgniter.php(825): App\controllers\ControllerNote->ajoutNote()
#6 C:\wamp64\www\notes\system\CodeIgniter.php(412): CodeIgniter\CodeIgniter->runController(Object(App\controllers\ControllerNote))
#7 C:\wamp64\www\notes\system\CodeIgniter.php(320): CodeIgniter\CodeIgniter->handleRequest(NULL, Object(Config\Cache), false)
#8 C:\wamp64\www\notes\index.php(37): CodeIgniter\CodeIgniter->run()
#9 {main}
ERROR - 2022-04-30 01:34:29 --> Duplicata du champ '' pour la clef 'PRIMARY'
CRITICAL - 2022-04-30 01:34:29 --> Illegal string offset 'matricule'
#0 C:\wamp64\www\notes\app\Views\site\aesNote.php(38): CodeIgniter\Debug\Exceptions->errorHandler(2, 'Illegal string ...', 'C:\\wamp64\\www\\n...', 38, Array)
#1 C:\wamp64\www\notes\system\View\View.php(210): include('C:\\wamp64\\www\\n...')
#2 C:\wamp64\www\notes\system\View\View.php(213): CodeIgniter\View\View->CodeIgniter\View\{closure}()
#3 C:\wamp64\www\notes\system\Common.php(1089): CodeIgniter\View\View->render('site/aesNote', Array, true)
#4 C:\wamp64\www\notes\app\Controllers\ControllerNote.php(72): view('site/aesNote', Array)
#5 C:\wamp64\www\notes\system\CodeIgniter.php(825): App\controllers\ControllerNote->ajoutNote()
#6 C:\wamp64\www\notes\system\CodeIgniter.php(412): CodeIgniter\CodeIgniter->runController(Object(App\controllers\ControllerNote))
#7 C:\wamp64\www\notes\system\CodeIgniter.php(320): CodeIgniter\CodeIgniter->handleRequest(NULL, Object(Config\Cache), false)
#8 C:\wamp64\www\notes\index.php(37): CodeIgniter\CodeIgniter->run()
#9 {main}
ERROR - 2022-04-30 01:35:28 --> Duplicata du champ '' pour la clef 'PRIMARY'
CRITICAL - 2022-04-30 01:35:28 --> Illegal string offset 'matricule'
#0 C:\wamp64\www\notes\app\Views\site\aesNote.php(38): CodeIgniter\Debug\Exceptions->errorHandler(2, 'Illegal string ...', 'C:\\wamp64\\www\\n...', 38, Array)
#1 C:\wamp64\www\notes\system\View\View.php(210): include('C:\\wamp64\\www\\n...')
#2 C:\wamp64\www\notes\system\View\View.php(213): CodeIgniter\View\View->CodeIgniter\View\{closure}()
#3 C:\wamp64\www\notes\system\Common.php(1089): CodeIgniter\View\View->render('site/aesNote', Array, true)
#4 C:\wamp64\www\notes\app\Controllers\ControllerNote.php(72): view('site/aesNote', Array)
#5 C:\wamp64\www\notes\system\CodeIgniter.php(825): App\controllers\ControllerNote->ajoutNote()
#6 C:\wamp64\www\notes\system\CodeIgniter.php(412): CodeIgniter\CodeIgniter->runController(Object(App\controllers\ControllerNote))
#7 C:\wamp64\www\notes\system\CodeIgniter.php(320): CodeIgniter\CodeIgniter->handleRequest(NULL, Object(Config\Cache), false)
#8 C:\wamp64\www\notes\index.php(37): CodeIgniter\CodeIgniter->run()
#9 {main}
ERROR - 2022-04-30 01:35:55 --> Duplicata du champ '' pour la clef 'PRIMARY'
CRITICAL - 2022-04-30 01:35:55 --> Illegal string offset 'matricule'
#0 C:\wamp64\www\notes\app\Views\site\aesNote.php(38): CodeIgniter\Debug\Exceptions->errorHandler(2, 'Illegal string ...', 'C:\\wamp64\\www\\n...', 38, Array)
#1 C:\wamp64\www\notes\system\View\View.php(210): include('C:\\wamp64\\www\\n...')
#2 C:\wamp64\www\notes\system\View\View.php(213): CodeIgniter\View\View->CodeIgniter\View\{closure}()
#3 C:\wamp64\www\notes\system\Common.php(1089): CodeIgniter\View\View->render('site/aesNote', Array, true)
#4 C:\wamp64\www\notes\app\Controllers\ControllerNote.php(72): view('site/aesNote', Array)
#5 C:\wamp64\www\notes\system\CodeIgniter.php(825): App\controllers\ControllerNote->ajoutNote()
#6 C:\wamp64\www\notes\system\CodeIgniter.php(412): CodeIgniter\CodeIgniter->runController(Object(App\controllers\ControllerNote))
#7 C:\wamp64\www\notes\system\CodeIgniter.php(320): CodeIgniter\CodeIgniter->handleRequest(NULL, Object(Config\Cache), false)
#8 C:\wamp64\www\notes\index.php(37): CodeIgniter\CodeIgniter->run()
#9 {main}
ERROR - 2022-04-30 01:38:26 --> Duplicata du champ '' pour la clef 'PRIMARY'
CRITICAL - 2022-04-30 01:38:26 --> Illegal string offset 'matricule'
#0 C:\wamp64\www\notes\app\Views\site\aesNote.php(38): CodeIgniter\Debug\Exceptions->errorHandler(2, 'Illegal string ...', 'C:\\wamp64\\www\\n...', 38, Array)
#1 C:\wamp64\www\notes\system\View\View.php(210): include('C:\\wamp64\\www\\n...')
#2 C:\wamp64\www\notes\system\View\View.php(213): CodeIgniter\View\View->CodeIgniter\View\{closure}()
#3 C:\wamp64\www\notes\system\Common.php(1089): CodeIgniter\View\View->render('site/aesNote', Array, true)
#4 C:\wamp64\www\notes\app\Controllers\ControllerNote.php(72): view('site/aesNote', Array)
#5 C:\wamp64\www\notes\system\CodeIgniter.php(825): App\controllers\ControllerNote->ajoutNote()
#6 C:\wamp64\www\notes\system\CodeIgniter.php(412): CodeIgniter\CodeIgniter->runController(Object(App\controllers\ControllerNote))
#7 C:\wamp64\www\notes\system\CodeIgniter.php(320): CodeIgniter\CodeIgniter->handleRequest(NULL, Object(Config\Cache), false)
#8 C:\wamp64\www\notes\index.php(37): CodeIgniter\CodeIgniter->run()
#9 {main}
ERROR - 2022-04-30 01:39:39 --> Le champ 'note' ne peut être vide (null)
CRITICAL - 2022-04-30 01:39:39 --> Illegal string offset 'matricule'
#0 C:\wamp64\www\notes\app\Views\site\aesNote.php(38): CodeIgniter\Debug\Exceptions->errorHandler(2, 'Illegal string ...', 'C:\\wamp64\\www\\n...', 38, Array)
#1 C:\wamp64\www\notes\system\View\View.php(210): include('C:\\wamp64\\www\\n...')
#2 C:\wamp64\www\notes\system\View\View.php(213): CodeIgniter\View\View->CodeIgniter\View\{closure}()
#3 C:\wamp64\www\notes\system\Common.php(1089): CodeIgniter\View\View->render('site/aesNote', Array, true)
#4 C:\wamp64\www\notes\app\Controllers\ControllerNote.php(72): view('site/aesNote', Array)
#5 C:\wamp64\www\notes\system\CodeIgniter.php(825): App\controllers\ControllerNote->ajoutNote()
#6 C:\wamp64\www\notes\system\CodeIgniter.php(412): CodeIgniter\CodeIgniter->runController(Object(App\controllers\ControllerNote))
#7 C:\wamp64\www\notes\system\CodeIgniter.php(320): CodeIgniter\CodeIgniter->handleRequest(NULL, Object(Config\Cache), false)
#8 C:\wamp64\www\notes\index.php(37): CodeIgniter\CodeIgniter->run()
#9 {main}
CRITICAL - 2022-04-30 01:43:39 --> You must set the database table to be used with your query.
#0 C:\wamp64\www\notes\system\Model.php(545): CodeIgniter\Database\BaseConnection->table(NULL)
#1 C:\wamp64\www\notes\system\Model.php(176): CodeIgniter\Model->builder()
#2 C:\wamp64\www\notes\system\BaseModel.php(584): CodeIgniter\Model->doFindAll(0, 0)
#3 C:\wamp64\www\notes\app\Controllers\ControllerNote.php(17): CodeIgniter\BaseModel->findAll()
#4 C:\wamp64\www\notes\system\CodeIgniter.php(825): App\controllers\ControllerNote->aesNote()
#5 C:\wamp64\www\notes\system\CodeIgniter.php(412): CodeIgniter\CodeIgniter->runController(Object(App\controllers\ControllerNote))
#6 C:\wamp64\www\notes\system\CodeIgniter.php(320): CodeIgniter\CodeIgniter->handleRequest(NULL, Object(Config\Cache), false)
#7 C:\wamp64\www\notes\index.php(37): CodeIgniter\CodeIgniter->run()
#8 {main}
CRITICAL - 2022-04-30 01:44:02 --> `App\Models\ModelNote` model class does not specify a Primary Key.
#0 C:\wamp64\www\notes\system\Model.php(535): CodeIgniter\Exceptions\ModelException::forNoPrimaryKey('App\\Models\\Mode...')
#1 C:\wamp64\www\notes\system\Model.php(176): CodeIgniter\Model->builder()
#2 C:\wamp64\www\notes\system\BaseModel.php(584): CodeIgniter\Model->doFindAll(0, 0)
#3 C:\wamp64\www\notes\app\Controllers\ControllerNote.php(17): CodeIgniter\BaseModel->findAll()
#4 C:\wamp64\www\notes\system\CodeIgniter.php(825): App\controllers\ControllerNote->aesNote()
#5 C:\wamp64\www\notes\system\CodeIgniter.php(412): CodeIgniter\CodeIgniter->runController(Object(App\controllers\ControllerNote))
#6 C:\wamp64\www\notes\system\CodeIgniter.php(320): CodeIgniter\CodeIgniter->handleRequest(NULL, Object(Config\Cache), false)
#7 C:\wamp64\www\notes\index.php(37): CodeIgniter\CodeIgniter->run()
#8 {main}
CRITICAL - 2022-04-30 01:44:03 --> `App\Models\ModelNote` model class does not specify a Primary Key.
#0 C:\wamp64\www\notes\system\Model.php(535): CodeIgniter\Exceptions\ModelException::forNoPrimaryKey('App\\Models\\Mode...')
#1 C:\wamp64\www\notes\system\Model.php(176): CodeIgniter\Model->builder()
#2 C:\wamp64\www\notes\system\BaseModel.php(584): CodeIgniter\Model->doFindAll(0, 0)
#3 C:\wamp64\www\notes\app\Controllers\ControllerNote.php(17): CodeIgniter\BaseModel->findAll()
#4 C:\wamp64\www\notes\system\CodeIgniter.php(825): App\controllers\ControllerNote->aesNote()
#5 C:\wamp64\www\notes\system\CodeIgniter.php(412): CodeIgniter\CodeIgniter->runController(Object(App\controllers\ControllerNote))
#6 C:\wamp64\www\notes\system\CodeIgniter.php(320): CodeIgniter\CodeIgniter->handleRequest(NULL, Object(Config\Cache), false)
#7 C:\wamp64\www\notes\index.php(37): CodeIgniter\CodeIgniter->run()
#8 {main}
CRITICAL - 2022-04-30 01:44:08 --> `App\Models\ModelNote` model class does not specify a Primary Key.
#0 C:\wamp64\www\notes\system\Model.php(535): CodeIgniter\Exceptions\ModelException::forNoPrimaryKey('App\\Models\\Mode...')
#1 C:\wamp64\www\notes\system\Model.php(176): CodeIgniter\Model->builder()
#2 C:\wamp64\www\notes\system\BaseModel.php(584): CodeIgniter\Model->doFindAll(0, 0)
#3 C:\wamp64\www\notes\app\Controllers\ControllerNote.php(17): CodeIgniter\BaseModel->findAll()
#4 C:\wamp64\www\notes\system\CodeIgniter.php(825): App\controllers\ControllerNote->aesNote()
#5 C:\wamp64\www\notes\system\CodeIgniter.php(412): CodeIgniter\CodeIgniter->runController(Object(App\controllers\ControllerNote))
#6 C:\wamp64\www\notes\system\CodeIgniter.php(320): CodeIgniter\CodeIgniter->handleRequest(NULL, Object(Config\Cache), false)
#7 C:\wamp64\www\notes\index.php(37): CodeIgniter\CodeIgniter->run()
#8 {main}
CRITICAL - 2022-04-30 01:44:16 --> `App\Models\ModelNote` model class does not specify a Primary Key.
#0 C:\wamp64\www\notes\system\Model.php(535): CodeIgniter\Exceptions\ModelException::forNoPrimaryKey('App\\Models\\Mode...')
#1 C:\wamp64\www\notes\system\Model.php(176): CodeIgniter\Model->builder()
#2 C:\wamp64\www\notes\system\BaseModel.php(584): CodeIgniter\Model->doFindAll(0, 0)
#3 C:\wamp64\www\notes\app\Controllers\ControllerNote.php(17): CodeIgniter\BaseModel->findAll()
#4 C:\wamp64\www\notes\system\CodeIgniter.php(825): App\controllers\ControllerNote->aesNote()
#5 C:\wamp64\www\notes\system\CodeIgniter.php(412): CodeIgniter\CodeIgniter->runController(Object(App\controllers\ControllerNote))
#6 C:\wamp64\www\notes\system\CodeIgniter.php(320): CodeIgniter\CodeIgniter->handleRequest(NULL, Object(Config\Cache), false)
#7 C:\wamp64\www\notes\index.php(37): CodeIgniter\CodeIgniter->run()
#8 {main}
CRITICAL - 2022-04-30 01:44:17 --> `App\Models\ModelNote` model class does not specify a Primary Key.
#0 C:\wamp64\www\notes\system\Model.php(535): CodeIgniter\Exceptions\ModelException::forNoPrimaryKey('App\\Models\\Mode...')
#1 C:\wamp64\www\notes\system\Model.php(176): CodeIgniter\Model->builder()
#2 C:\wamp64\www\notes\system\BaseModel.php(584): CodeIgniter\Model->doFindAll(0, 0)
#3 C:\wamp64\www\notes\app\Controllers\ControllerNote.php(17): CodeIgniter\BaseModel->findAll()
#4 C:\wamp64\www\notes\system\CodeIgniter.php(825): App\controllers\ControllerNote->aesNote()
#5 C:\wamp64\www\notes\system\CodeIgniter.php(412): CodeIgniter\CodeIgniter->runController(Object(App\controllers\ControllerNote))
#6 C:\wamp64\www\notes\system\CodeIgniter.php(320): CodeIgniter\CodeIgniter->handleRequest(NULL, Object(Config\Cache), false)
#7 C:\wamp64\www\notes\index.php(37): CodeIgniter\CodeIgniter->run()
#8 {main}
CRITICAL - 2022-04-30 01:44:19 --> `App\Models\ModelNote` model class does not specify a Primary Key.
#0 C:\wamp64\www\notes\system\Model.php(535): CodeIgniter\Exceptions\ModelException::forNoPrimaryKey('App\\Models\\Mode...')
#1 C:\wamp64\www\notes\system\Model.php(176): CodeIgniter\Model->builder()
#2 C:\wamp64\www\notes\system\BaseModel.php(584): CodeIgniter\Model->doFindAll(0, 0)
#3 C:\wamp64\www\notes\app\Controllers\ControllerNote.php(17): CodeIgniter\BaseModel->findAll()
#4 C:\wamp64\www\notes\system\CodeIgniter.php(825): App\controllers\ControllerNote->aesNote()
#5 C:\wamp64\www\notes\system\CodeIgniter.php(412): CodeIgniter\CodeIgniter->runController(Object(App\controllers\ControllerNote))
#6 C:\wamp64\www\notes\system\CodeIgniter.php(320): CodeIgniter\CodeIgniter->handleRequest(NULL, Object(Config\Cache), false)
#7 C:\wamp64\www\notes\index.php(37): CodeIgniter\CodeIgniter->run()
#8 {main}
CRITICAL - 2022-04-30 01:46:42 --> Illegal string offset 'matricule'
#0 C:\wamp64\www\notes\app\Views\site\aesExamen.php(38): CodeIgniter\Debug\Exceptions->errorHandler(2, 'Illegal string ...', 'C:\\wamp64\\www\\n...', 38, Array)
#1 C:\wamp64\www\notes\system\View\View.php(210): include('C:\\wamp64\\www\\n...')
#2 C:\wamp64\www\notes\system\View\View.php(213): CodeIgniter\View\View->CodeIgniter\View\{closure}()
#3 C:\wamp64\www\notes\system\Common.php(1089): CodeIgniter\View\View->render('site/aesExamen', Array, true)
#4 C:\wamp64\www\notes\app\Controllers\ControllerExamen.php(59): view('site/aesExamen', Array)
#5 C:\wamp64\www\notes\system\CodeIgniter.php(825): App\controllers\ControllerExamen->aesExamen()
#6 C:\wamp64\www\notes\system\CodeIgniter.php(412): CodeIgniter\CodeIgniter->runController(Object(App\controllers\ControllerExamen))
#7 C:\wamp64\www\notes\system\CodeIgniter.php(320): CodeIgniter\CodeIgniter->handleRequest(NULL, Object(Config\Cache), false)
#8 C:\wamp64\www\notes\index.php(37): CodeIgniter\CodeIgniter->run()
#9 {main}
ERROR - 2022-04-30 01:46:52 --> Duplicata du champ '2109-2020' pour la clef 'PRIMARY'
CRITICAL - 2022-04-30 01:46:52 --> Illegal string offset 'matricule'
#0 C:\wamp64\www\notes\app\Views\site\aesExamen.php(38): CodeIgniter\Debug\Exceptions->errorHandler(2, 'Illegal string ...', 'C:\\wamp64\\www\\n...', 38, Array)
#1 C:\wamp64\www\notes\system\View\View.php(210): include('C:\\wamp64\\www\\n...')
#2 C:\wamp64\www\notes\system\View\View.php(213): CodeIgniter\View\View->CodeIgniter\View\{closure}()
#3 C:\wamp64\www\notes\system\Common.php(1089): CodeIgniter\View\View->render('site/aesExamen', Array, true)
#4 C:\wamp64\www\notes\app\Controllers\ControllerExamen.php(59): view('site/aesExamen', Array)
#5 C:\wamp64\www\notes\system\CodeIgniter.php(825): App\controllers\ControllerExamen->aesExamen()
#6 C:\wamp64\www\notes\system\CodeIgniter.php(412): CodeIgniter\CodeIgniter->runController(Object(App\controllers\ControllerExamen))
#7 C:\wamp64\www\notes\system\CodeIgniter.php(320): CodeIgniter\CodeIgniter->handleRequest(NULL, Object(Config\Cache), false)
#8 C:\wamp64\www\notes\index.php(37): CodeIgniter\CodeIgniter->run()
#9 {main}
ERROR - 2022-04-30 01:47:03 --> Duplicata du champ '2109-2020' pour la clef 'PRIMARY'
CRITICAL - 2022-04-30 01:47:03 --> Illegal string offset 'matricule'
#0 C:\wamp64\www\notes\app\Views\site\aesExamen.php(38): CodeIgniter\Debug\Exceptions->errorHandler(2, 'Illegal string ...', 'C:\\wamp64\\www\\n...', 38, Array)
#1 C:\wamp64\www\notes\system\View\View.php(210): include('C:\\wamp64\\www\\n...')
#2 C:\wamp64\www\notes\system\View\View.php(213): CodeIgniter\View\View->CodeIgniter\View\{closure}()
#3 C:\wamp64\www\notes\system\Common.php(1089): CodeIgniter\View\View->render('site/aesExamen', Array, true)
#4 C:\wamp64\www\notes\app\Controllers\ControllerExamen.php(59): view('site/aesExamen', Array)
#5 C:\wamp64\www\notes\system\CodeIgniter.php(825): App\controllers\ControllerExamen->aesExamen()
#6 C:\wamp64\www\notes\system\CodeIgniter.php(412): CodeIgniter\CodeIgniter->runController(Object(App\controllers\ControllerExamen))
#7 C:\wamp64\www\notes\system\CodeIgniter.php(320): CodeIgniter\CodeIgniter->handleRequest(NULL, Object(Config\Cache), false)
#8 C:\wamp64\www\notes\index.php(37): CodeIgniter\CodeIgniter->run()
#9 {main}
ERROR - 2022-04-30 01:48:41 --> Duplicata du champ '' pour la clef 'PRIMARY'
CRITICAL - 2022-04-30 01:48:41 --> Illegal string offset 'matricule'
#0 C:\wamp64\www\notes\app\Views\site\aesNote.php(38): CodeIgniter\Debug\Exceptions->errorHandler(2, 'Illegal string ...', 'C:\\wamp64\\www\\n...', 38, Array)
#1 C:\wamp64\www\notes\system\View\View.php(210): include('C:\\wamp64\\www\\n...')
#2 C:\wamp64\www\notes\system\View\View.php(213): CodeIgniter\View\View->CodeIgniter\View\{closure}()
#3 C:\wamp64\www\notes\system\Common.php(1089): CodeIgniter\View\View->render('site/aesNote', Array, true)
#4 C:\wamp64\www\notes\app\Controllers\ControllerNote.php(72): view('site/aesNote', Array)
#5 C:\wamp64\www\notes\system\CodeIgniter.php(825): App\controllers\ControllerNote->ajoutNote()
#6 C:\wamp64\www\notes\system\CodeIgniter.php(412): CodeIgniter\CodeIgniter->runController(Object(App\controllers\ControllerNote))
#7 C:\wamp64\www\notes\system\CodeIgniter.php(320): CodeIgniter\CodeIgniter->handleRequest(NULL, Object(Config\Cache), false)
#8 C:\wamp64\www\notes\index.php(37): CodeIgniter\CodeIgniter->run()
#9 {main}
ERROR - 2022-04-30 01:49:53 --> Duplicata du champ '' pour la clef 'PRIMARY'
CRITICAL - 2022-04-30 01:49:53 --> Illegal string offset 'matricule'
#0 C:\wamp64\www\notes\app\Views\site\aesNote.php(38): CodeIgniter\Debug\Exceptions->errorHandler(2, 'Illegal string ...', 'C:\\wamp64\\www\\n...', 38, Array)
#1 C:\wamp64\www\notes\system\View\View.php(210): include('C:\\wamp64\\www\\n...')
#2 C:\wamp64\www\notes\system\View\View.php(213): CodeIgniter\View\View->CodeIgniter\View\{closure}()
#3 C:\wamp64\www\notes\system\Common.php(1089): CodeIgniter\View\View->render('site/aesNote', Array, true)
#4 C:\wamp64\www\notes\app\Controllers\ControllerNote.php(72): view('site/aesNote', Array)
#5 C:\wamp64\www\notes\system\CodeIgniter.php(825): App\controllers\ControllerNote->ajoutNote()
#6 C:\wamp64\www\notes\system\CodeIgniter.php(412): CodeIgniter\CodeIgniter->runController(Object(App\controllers\ControllerNote))
#7 C:\wamp64\www\notes\system\CodeIgniter.php(320): CodeIgniter\CodeIgniter->handleRequest(NULL, Object(Config\Cache), false)
#8 C:\wamp64\www\notes\index.php(37): CodeIgniter\CodeIgniter->run()
#9 {main}
ERROR - 2022-04-30 01:50:43 --> Duplicata du champ '' pour la clef 'PRIMARY'
CRITICAL - 2022-04-30 01:50:43 --> Illegal string offset 'matricule'
#0 C:\wamp64\www\notes\app\Views\site\aesNote.php(152): CodeIgniter\Debug\Exceptions->errorHandler(2, 'Illegal string ...', 'C:\\wamp64\\www\\n...', 152, Array)
#1 C:\wamp64\www\notes\system\View\View.php(210): include('C:\\wamp64\\www\\n...')
#2 C:\wamp64\www\notes\system\View\View.php(213): CodeIgniter\View\View->CodeIgniter\View\{closure}()
#3 C:\wamp64\www\notes\system\Common.php(1089): CodeIgniter\View\View->render('site/aesNote', Array, true)
#4 C:\wamp64\www\notes\app\Controllers\ControllerNote.php(72): view('site/aesNote', Array)
#5 C:\wamp64\www\notes\system\CodeIgniter.php(825): App\controllers\ControllerNote->ajoutNote()
#6 C:\wamp64\www\notes\system\CodeIgniter.php(412): CodeIgniter\CodeIgniter->runController(Object(App\controllers\ControllerNote))
#7 C:\wamp64\www\notes\system\CodeIgniter.php(320): CodeIgniter\CodeIgniter->handleRequest(NULL, Object(Config\Cache), false)
#8 C:\wamp64\www\notes\index.php(37): CodeIgniter\CodeIgniter->run()
#9 {main}
CRITICAL - 2022-04-30 01:57:06 --> Illegal string offset 'matricule'
#0 C:\wamp64\www\notes\app\Views\site\aesNote.php(38): CodeIgniter\Debug\Exceptions->errorHandler(2, 'Illegal string ...', 'C:\\wamp64\\www\\n...', 38, Array)
#1 C:\wamp64\www\notes\system\View\View.php(210): include('C:\\wamp64\\www\\n...')
#2 C:\wamp64\www\notes\system\View\View.php(213): CodeIgniter\View\View->CodeIgniter\View\{closure}()
#3 C:\wamp64\www\notes\system\Common.php(1089): CodeIgniter\View\View->render('site/aesNote', Array, true)
#4 C:\wamp64\www\notes\app\Controllers\ControllerNote.php(72): view('site/aesNote', Array)
#5 C:\wamp64\www\notes\system\CodeIgniter.php(825): App\controllers\ControllerNote->ajoutNote()
#6 C:\wamp64\www\notes\system\CodeIgniter.php(412): CodeIgniter\CodeIgniter->runController(Object(App\controllers\ControllerNote))
#7 C:\wamp64\www\notes\system\CodeIgniter.php(320): CodeIgniter\CodeIgniter->handleRequest(NULL, Object(Config\Cache), false)
#8 C:\wamp64\www\notes\index.php(37): CodeIgniter\CodeIgniter->run()
#9 {main}
CRITICAL - 2022-04-30 02:03:02 --> Illegal string offset 'matricule'
#0 C:\wamp64\www\notes\app\Views\site\aesNote.php(38): CodeIgniter\Debug\Exceptions->errorHandler(2, 'Illegal string ...', 'C:\\wamp64\\www\\n...', 38, Array)
#1 C:\wamp64\www\notes\system\View\View.php(210): include('C:\\wamp64\\www\\n...')
#2 C:\wamp64\www\notes\system\View\View.php(213): CodeIgniter\View\View->CodeIgniter\View\{closure}()
#3 C:\wamp64\www\notes\system\Common.php(1089): CodeIgniter\View\View->render('site/aesNote', Array, true)
#4 C:\wamp64\www\notes\app\Controllers\ControllerNote.php(72): view('site/aesNote', Array)
#5 C:\wamp64\www\notes\system\CodeIgniter.php(825): App\controllers\ControllerNote->ajoutNote()
#6 C:\wamp64\www\notes\system\CodeIgniter.php(412): CodeIgniter\CodeIgniter->runController(Object(App\controllers\ControllerNote))
#7 C:\wamp64\www\notes\system\CodeIgniter.php(320): CodeIgniter\CodeIgniter->handleRequest(NULL, Object(Config\Cache), false)
#8 C:\wamp64\www\notes\index.php(37): CodeIgniter\CodeIgniter->run()
#9 {main}
ERROR - 2022-04-30 02:03:20 --> Duplicata du champ '0' pour la clef 'PRIMARY'
CRITICAL - 2022-04-30 02:03:20 --> Illegal string offset 'matricule'
#0 C:\wamp64\www\notes\app\Views\site\aesNote.php(38): CodeIgniter\Debug\Exceptions->errorHandler(2, 'Illegal string ...', 'C:\\wamp64\\www\\n...', 38, Array)
#1 C:\wamp64\www\notes\system\View\View.php(210): include('C:\\wamp64\\www\\n...')
#2 C:\wamp64\www\notes\system\View\View.php(213): CodeIgniter\View\View->CodeIgniter\View\{closure}()
#3 C:\wamp64\www\notes\system\Common.php(1089): CodeIgniter\View\View->render('site/aesNote', Array, true)
#4 C:\wamp64\www\notes\app\Controllers\ControllerNote.php(72): view('site/aesNote', Array)
#5 C:\wamp64\www\notes\system\CodeIgniter.php(825): App\controllers\ControllerNote->ajoutNote()
#6 C:\wamp64\www\notes\system\CodeIgniter.php(412): CodeIgniter\CodeIgniter->runController(Object(App\controllers\ControllerNote))
#7 C:\wamp64\www\notes\system\CodeIgniter.php(320): CodeIgniter\CodeIgniter->handleRequest(NULL, Object(Config\Cache), false)
#8 C:\wamp64\www\notes\index.php(37): CodeIgniter\CodeIgniter->run()
#9 {main}
CRITICAL - 2022-04-30 02:53:29 --> Class 'App\controllers\ModelExamen' not found
#0 C:\wamp64\www\notes\system\CodeIgniter.php(825): App\controllers\ControllerNote->deleteNote('5')
#1 C:\wamp64\www\notes\system\CodeIgniter.php(412): CodeIgniter\CodeIgniter->runController(Object(App\controllers\ControllerNote))
#2 C:\wamp64\www\notes\system\CodeIgniter.php(320): CodeIgniter\CodeIgniter->handleRequest(NULL, Object(Config\Cache), false)
#3 C:\wamp64\www\notes\index.php(37): CodeIgniter\CodeIgniter->run()
#4 {main}
CRITICAL - 2022-04-30 09:08:22 --> count(): Parameter must be an array or an object that implements Countable
#0 C:\wamp64\www\notes\app\Views\site\edit.php(34): CodeIgniter\Debug\Exceptions->errorHandler(2, 'count(): Parame...', 'C:\\wamp64\\www\\n...', 34, Array)
#1 C:\wamp64\www\notes\system\View\View.php(210): include('C:\\wamp64\\www\\n...')
#2 C:\wamp64\www\notes\system\View\View.php(213): CodeIgniter\View\View->CodeIgniter\View\{closure}()
#3 C:\wamp64\www\notes\system\Common.php(1089): CodeIgniter\View\View->render('site/edit', Array, true)
#4 C:\wamp64\www\notes\app\Controllers\Acceil.php(156): view('site/edit')
#5 C:\wamp64\www\notes\system\CodeIgniter.php(825): App\controllers\Acceil->editEdtudiant('3065')
#6 C:\wamp64\www\notes\system\CodeIgniter.php(412): CodeIgniter\CodeIgniter->runController(Object(App\controllers\Acceil))
#7 C:\wamp64\www\notes\system\CodeIgniter.php(320): CodeIgniter\CodeIgniter->handleRequest(NULL, Object(Config\Cache), false)
#8 C:\wamp64\www\notes\index.php(37): CodeIgniter\CodeIgniter->run()
#9 {main}
CRITICAL - 2022-04-30 09:08:55 --> count(): Parameter must be an array or an object that implements Countable
#0 C:\wamp64\www\notes\app\Views\site\edit.php(34): CodeIgniter\Debug\Exceptions->errorHandler(2, 'count(): Parame...', 'C:\\wamp64\\www\\n...', 34, Array)
#1 C:\wamp64\www\notes\system\View\View.php(210): include('C:\\wamp64\\www\\n...')
#2 C:\wamp64\www\notes\system\View\View.php(213): CodeIgniter\View\View->CodeIgniter\View\{closure}()
#3 C:\wamp64\www\notes\system\Common.php(1089): CodeIgniter\View\View->render('site/edit', Array, true)
#4 C:\wamp64\www\notes\app\Controllers\Acceil.php(156): view('site/edit')
#5 C:\wamp64\www\notes\system\CodeIgniter.php(825): App\controllers\Acceil->editEdtudiant('3065')
#6 C:\wamp64\www\notes\system\CodeIgniter.php(412): CodeIgniter\CodeIgniter->runController(Object(App\controllers\Acceil))
#7 C:\wamp64\www\notes\system\CodeIgniter.php(320): CodeIgniter\CodeIgniter->handleRequest(NULL, Object(Config\Cache), false)
#8 C:\wamp64\www\notes\index.php(37): CodeIgniter\CodeIgniter->run()
#9 {main}
CRITICAL - 2022-04-30 09:08:59 --> count(): Parameter must be an array or an object that implements Countable
#0 C:\wamp64\www\notes\app\Views\site\edit.php(34): CodeIgniter\Debug\Exceptions->errorHandler(2, 'count(): Parame...', 'C:\\wamp64\\www\\n...', 34, Array)
#1 C:\wamp64\www\notes\system\View\View.php(210): include('C:\\wamp64\\www\\n...')
#2 C:\wamp64\www\notes\system\View\View.php(213): CodeIgniter\View\View->CodeIgniter\View\{closure}()
#3 C:\wamp64\www\notes\system\Common.php(1089): CodeIgniter\View\View->render('site/edit', Array, true)
#4 C:\wamp64\www\notes\app\Controllers\Acceil.php(156): view('site/edit')
#5 C:\wamp64\www\notes\system\CodeIgniter.php(825): App\controllers\Acceil->editEdtudiant('3065')
#6 C:\wamp64\www\notes\system\CodeIgniter.php(412): CodeIgniter\CodeIgniter->runController(Object(App\controllers\Acceil))
#7 C:\wamp64\www\notes\system\CodeIgniter.php(320): CodeIgniter\CodeIgniter->handleRequest(NULL, Object(Config\Cache), false)
#8 C:\wamp64\www\notes\index.php(37): CodeIgniter\CodeIgniter->run()
#9 {main}
CRITICAL - 2022-04-30 10:44:14 --> count(): Parameter must be an array or an object that implements Countable
#0 C:\wamp64\www\notes\app\Views\site\aes.php(34): CodeIgniter\Debug\Exceptions->errorHandler(2, 'count(): Parame...', 'C:\\wamp64\\www\\n...', 34, Array)
#1 C:\wamp64\www\notes\system\View\View.php(210): include('C:\\wamp64\\www\\n...')
#2 C:\wamp64\www\notes\system\View\View.php(213): CodeIgniter\View\View->CodeIgniter\View\{closure}()
#3 C:\wamp64\www\notes\system\Common.php(1089): CodeIgniter\View\View->render('site/aes', Array, true)
#4 C:\wamp64\www\notes\app\Controllers\Acceil.php(124): view('site/aes', Array)
#5 C:\wamp64\www\notes\system\CodeIgniter.php(825): App\controllers\Acceil->licence1('L3')
#6 C:\wamp64\www\notes\system\CodeIgniter.php(412): CodeIgniter\CodeIgniter->runController(Object(App\controllers\Acceil))
#7 C:\wamp64\www\notes\system\CodeIgniter.php(320): CodeIgniter\CodeIgniter->handleRequest(NULL, Object(Config\Cache), false)
#8 C:\wamp64\www\notes\index.php(37): CodeIgniter\CodeIgniter->run()
#9 {main}
CRITICAL - 2022-04-30 10:45:05 --> Argument 2 passed to view() must be of the type array, null given, called in C:\wamp64\www\notes\app\Controllers\Acceil.php on line 125
#0 C:\wamp64\www\notes\app\Controllers\Acceil.php(125): view('site/aes', NULL)
#1 C:\wamp64\www\notes\system\CodeIgniter.php(825): App\controllers\Acceil->licence1('L3')
#2 C:\wamp64\www\notes\system\CodeIgniter.php(412): CodeIgniter\CodeIgniter->runController(Object(App\controllers\Acceil))
#3 C:\wamp64\www\notes\system\CodeIgniter.php(320): CodeIgniter\CodeIgniter->handleRequest(NULL, Object(Config\Cache), false)
#4 C:\wamp64\www\notes\index.php(37): CodeIgniter\CodeIgniter->run()
#5 {main}
CRITICAL - 2022-04-30 10:45:10 --> Argument 2 passed to view() must be of the type array, null given, called in C:\wamp64\www\notes\app\Controllers\Acceil.php on line 125
#0 C:\wamp64\www\notes\app\Controllers\Acceil.php(125): view('site/aes', NULL)
#1 C:\wamp64\www\notes\system\CodeIgniter.php(825): App\controllers\Acceil->licence1('L3')
#2 C:\wamp64\www\notes\system\CodeIgniter.php(412): CodeIgniter\CodeIgniter->runController(Object(App\controllers\Acceil))
#3 C:\wamp64\www\notes\system\CodeIgniter.php(320): CodeIgniter\CodeIgniter->handleRequest(NULL, Object(Config\Cache), false)
#4 C:\wamp64\www\notes\index.php(37): CodeIgniter\CodeIgniter->run()
#5 {main}
CRITICAL - 2022-04-30 10:45:29 --> Argument 2 passed to view() must be of the type array, null given, called in C:\wamp64\www\notes\app\Controllers\Acceil.php on line 125
#0 C:\wamp64\www\notes\app\Controllers\Acceil.php(125): view('site/aes', NULL)
#1 C:\wamp64\www\notes\system\CodeIgniter.php(825): App\controllers\Acceil->licence1('L3')
#2 C:\wamp64\www\notes\system\CodeIgniter.php(412): CodeIgniter\CodeIgniter->runController(Object(App\controllers\Acceil))
#3 C:\wamp64\www\notes\system\CodeIgniter.php(320): CodeIgniter\CodeIgniter->handleRequest(NULL, Object(Config\Cache), false)
#4 C:\wamp64\www\notes\index.php(37): CodeIgniter\CodeIgniter->run()
#5 {main}
CRITICAL - 2022-04-30 10:45:32 --> Argument 2 passed to view() must be of the type array, null given, called in C:\wamp64\www\notes\app\Controllers\Acceil.php on line 125
#0 C:\wamp64\www\notes\app\Controllers\Acceil.php(125): view('site/aes', NULL)
#1 C:\wamp64\www\notes\system\CodeIgniter.php(825): App\controllers\Acceil->licence1('L3')
#2 C:\wamp64\www\notes\system\CodeIgniter.php(412): CodeIgniter\CodeIgniter->runController(Object(App\controllers\Acceil))
#3 C:\wamp64\www\notes\system\CodeIgniter.php(320): CodeIgniter\CodeIgniter->handleRequest(NULL, Object(Config\Cache), false)
#4 C:\wamp64\www\notes\index.php(37): CodeIgniter\CodeIgniter->run()
#5 {main}
CRITICAL - 2022-04-30 10:46:09 --> count(): Parameter must be an array or an object that implements Countable
#0 C:\wamp64\www\notes\app\Views\site\aes.php(34): CodeIgniter\Debug\Exceptions->errorHandler(2, 'count(): Parame...', 'C:\\wamp64\\www\\n...', 34, Array)
#1 C:\wamp64\www\notes\system\View\View.php(210): include('C:\\wamp64\\www\\n...')
#2 C:\wamp64\www\notes\system\View\View.php(213): CodeIgniter\View\View->CodeIgniter\View\{closure}()
#3 C:\wamp64\www\notes\system\Common.php(1089): CodeIgniter\View\View->render('site/aes', Array, true)
#4 C:\wamp64\www\notes\app\Controllers\Acceil.php(125): view('site/aes')
#5 C:\wamp64\www\notes\system\CodeIgniter.php(825): App\controllers\Acceil->licence1('L3')
#6 C:\wamp64\www\notes\system\CodeIgniter.php(412): CodeIgniter\CodeIgniter->runController(Object(App\controllers\Acceil))
#7 C:\wamp64\www\notes\system\CodeIgniter.php(320): CodeIgniter\CodeIgniter->handleRequest(NULL, Object(Config\Cache), false)
#8 C:\wamp64\www\notes\index.php(37): CodeIgniter\CodeIgniter->run()
#9 {main}
CRITICAL - 2022-04-30 10:46:12 --> count(): Parameter must be an array or an object that implements Countable
#0 C:\wamp64\www\notes\app\Views\site\aes.php(34): CodeIgniter\Debug\Exceptions->errorHandler(2, 'count(): Parame...', 'C:\\wamp64\\www\\n...', 34, Array)
#1 C:\wamp64\www\notes\system\View\View.php(210): include('C:\\wamp64\\www\\n...')
#2 C:\wamp64\www\notes\system\View\View.php(213): CodeIgniter\View\View->CodeIgniter\View\{closure}()
#3 C:\wamp64\www\notes\system\Common.php(1089): CodeIgniter\View\View->render('site/aes', Array, true)
#4 C:\wamp64\www\notes\app\Controllers\Acceil.php(125): view('site/aes')
#5 C:\wamp64\www\notes\system\CodeIgniter.php(825): App\controllers\Acceil->licence1('L3')
#6 C:\wamp64\www\notes\system\CodeIgniter.php(412): CodeIgniter\CodeIgniter->runController(Object(App\controllers\Acceil))
#7 C:\wamp64\www\notes\system\CodeIgniter.php(320): CodeIgniter\CodeIgniter->handleRequest(NULL, Object(Config\Cache), false)
#8 C:\wamp64\www\notes\index.php(37): CodeIgniter\CodeIgniter->run()
#9 {main}
CRITICAL - 2022-04-30 10:46:51 --> count(): Parameter must be an array or an object that implements Countable
#0 C:\wamp64\www\notes\app\Views\site\aes.php(34): CodeIgniter\Debug\Exceptions->errorHandler(2, 'count(): Parame...', 'C:\\wamp64\\www\\n...', 34, Array)
#1 C:\wamp64\www\notes\system\View\View.php(210): include('C:\\wamp64\\www\\n...')
#2 C:\wamp64\www\notes\system\View\View.php(213): CodeIgniter\View\View->CodeIgniter\View\{closure}()
#3 C:\wamp64\www\notes\system\Common.php(1089): CodeIgniter\View\View->render('site/aes', Array, true)
#4 C:\wamp64\www\notes\app\Controllers\Acceil.php(124): view('site/aes')
#5 C:\wamp64\www\notes\system\CodeIgniter.php(825): App\controllers\Acceil->licence1('L3')
#6 C:\wamp64\www\notes\system\CodeIgniter.php(412): CodeIgniter\CodeIgniter->runController(Object(App\controllers\Acceil))
#7 C:\wamp64\www\notes\system\CodeIgniter.php(320): CodeIgniter\CodeIgniter->handleRequest(NULL, Object(Config\Cache), false)
#8 C:\wamp64\www\notes\index.php(37): CodeIgniter\CodeIgniter->run()
#9 {main}
CRITICAL - 2022-04-30 10:47:48 --> count(): Parameter must be an array or an object that implements Countable
#0 C:\wamp64\www\notes\app\Views\site\aes.php(34): CodeIgniter\Debug\Exceptions->errorHandler(2, 'count(): Parame...', 'C:\\wamp64\\www\\n...', 34, Array)
#1 C:\wamp64\www\notes\system\View\View.php(210): include('C:\\wamp64\\www\\n...')
#2 C:\wamp64\www\notes\system\View\View.php(213): CodeIgniter\View\View->CodeIgniter\View\{closure}()
#3 C:\wamp64\www\notes\system\Common.php(1089): CodeIgniter\View\View->render('site/aes', Array, true)
#4 C:\wamp64\www\notes\app\Controllers\Acceil.php(125): view('site/aes')
#5 C:\wamp64\www\notes\system\CodeIgniter.php(825): App\controllers\Acceil->licence1('L3')
#6 C:\wamp64\www\notes\system\CodeIgniter.php(412): CodeIgniter\CodeIgniter->runController(Object(App\controllers\Acceil))
#7 C:\wamp64\www\notes\system\CodeIgniter.php(320): CodeIgniter\CodeIgniter->handleRequest(NULL, Object(Config\Cache), false)
#8 C:\wamp64\www\notes\index.php(37): CodeIgniter\CodeIgniter->run()
#9 {main}
CRITICAL - 2022-04-30 10:48:10 --> count(): Parameter must be an array or an object that implements Countable
#0 C:\wamp64\www\notes\app\Views\site\aes.php(34): CodeIgniter\Debug\Exceptions->errorHandler(2, 'count(): Parame...', 'C:\\wamp64\\www\\n...', 34, Array)
#1 C:\wamp64\www\notes\system\View\View.php(210): include('C:\\wamp64\\www\\n...')
#2 C:\wamp64\www\notes\system\View\View.php(213): CodeIgniter\View\View->CodeIgniter\View\{closure}()
#3 C:\wamp64\www\notes\system\Common.php(1089): CodeIgniter\View\View->render('site/aes', Array, true)
#4 C:\wamp64\www\notes\app\Controllers\Acceil.php(125): view('site/aes')
#5 C:\wamp64\www\notes\system\CodeIgniter.php(825): App\controllers\Acceil->licence1('L3')
#6 C:\wamp64\www\notes\system\CodeIgniter.php(412): CodeIgniter\CodeIgniter->runController(Object(App\controllers\Acceil))
#7 C:\wamp64\www\notes\system\CodeIgniter.php(320): CodeIgniter\CodeIgniter->handleRequest(NULL, Object(Config\Cache), false)
#8 C:\wamp64\www\notes\index.php(37): CodeIgniter\CodeIgniter->run()
#9 {main}
CRITICAL - 2022-04-30 10:48:11 --> count(): Parameter must be an array or an object that implements Countable
#0 C:\wamp64\www\notes\app\Views\site\aes.php(34): CodeIgniter\Debug\Exceptions->errorHandler(2, 'count(): Parame...', 'C:\\wamp64\\www\\n...', 34, Array)
#1 C:\wamp64\www\notes\system\View\View.php(210): include('C:\\wamp64\\www\\n...')
#2 C:\wamp64\www\notes\system\View\View.php(213): CodeIgniter\View\View->CodeIgniter\View\{closure}()
#3 C:\wamp64\www\notes\system\Common.php(1089): CodeIgniter\View\View->render('site/aes', Array, true)
#4 C:\wamp64\www\notes\app\Controllers\Acceil.php(125): view('site/aes')
#5 C:\wamp64\www\notes\system\CodeIgniter.php(825): App\controllers\Acceil->licence1('L3')
#6 C:\wamp64\www\notes\system\CodeIgniter.php(412): CodeIgniter\CodeIgniter->runController(Object(App\controllers\Acceil))
#7 C:\wamp64\www\notes\system\CodeIgniter.php(320): CodeIgniter\CodeIgniter->handleRequest(NULL, Object(Config\Cache), false)
#8 C:\wamp64\www\notes\index.php(37): CodeIgniter\CodeIgniter->run()
#9 {main}
CRITICAL - 2022-04-30 10:48:12 --> count(): Parameter must be an array or an object that implements Countable
#0 C:\wamp64\www\notes\app\Views\site\aes.php(34): CodeIgniter\Debug\Exceptions->errorHandler(2, 'count(): Parame...', 'C:\\wamp64\\www\\n...', 34, Array)
#1 C:\wamp64\www\notes\system\View\View.php(210): include('C:\\wamp64\\www\\n...')
#2 C:\wamp64\www\notes\system\View\View.php(213): CodeIgniter\View\View->CodeIgniter\View\{closure}()
#3 C:\wamp64\www\notes\system\Common.php(1089): CodeIgniter\View\View->render('site/aes', Array, true)
#4 C:\wamp64\www\notes\app\Controllers\Acceil.php(125): view('site/aes')
#5 C:\wamp64\www\notes\system\CodeIgniter.php(825): App\controllers\Acceil->licence1('L3')
#6 C:\wamp64\www\notes\system\CodeIgniter.php(412): CodeIgniter\CodeIgniter->runController(Object(App\controllers\Acceil))
#7 C:\wamp64\www\notes\system\CodeIgniter.php(320): CodeIgniter\CodeIgniter->handleRequest(NULL, Object(Config\Cache), false)
#8 C:\wamp64\www\notes\index.php(37): CodeIgniter\CodeIgniter->run()
#9 {main}
CRITICAL - 2022-04-30 10:48:28 --> count(): Parameter must be an array or an object that implements Countable
#0 C:\wamp64\www\notes\app\Views\site\aes.php(34): CodeIgniter\Debug\Exceptions->errorHandler(2, 'count(): Parame...', 'C:\\wamp64\\www\\n...', 34, Array)
#1 C:\wamp64\www\notes\system\View\View.php(210): include('C:\\wamp64\\www\\n...')
#2 C:\wamp64\www\notes\system\View\View.php(213): CodeIgniter\View\View->CodeIgniter\View\{closure}()
#3 C:\wamp64\www\notes\system\Common.php(1089): CodeIgniter\View\View->render('site/aes', Array, true)
#4 C:\wamp64\www\notes\app\Controllers\Acceil.php(125): view('site/aes')
#5 C:\wamp64\www\notes\system\CodeIgniter.php(825): App\controllers\Acceil->licence1('L3')
#6 C:\wamp64\www\notes\system\CodeIgniter.php(412): CodeIgniter\CodeIgniter->runController(Object(App\controllers\Acceil))
#7 C:\wamp64\www\notes\system\CodeIgniter.php(320): CodeIgniter\CodeIgniter->handleRequest(NULL, Object(Config\Cache), false)
#8 C:\wamp64\www\notes\index.php(37): CodeIgniter\CodeIgniter->run()
#9 {main}
CRITICAL - 2022-04-30 10:49:18 --> count(): Parameter must be an array or an object that implements Countable
#0 C:\wamp64\www\notes\app\Views\site\aes.php(34): CodeIgniter\Debug\Exceptions->errorHandler(2, 'count(): Parame...', 'C:\\wamp64\\www\\n...', 34, Array)
#1 C:\wamp64\www\notes\system\View\View.php(210): include('C:\\wamp64\\www\\n...')
#2 C:\wamp64\www\notes\system\View\View.php(213): CodeIgniter\View\View->CodeIgniter\View\{closure}()
#3 C:\wamp64\www\notes\system\Common.php(1089): CodeIgniter\View\View->render('site/aes', Array, true)
#4 C:\wamp64\www\notes\app\Controllers\Acceil.php(125): view('site/aes')
#5 C:\wamp64\www\notes\system\CodeIgniter.php(825): App\controllers\Acceil->licence1('L3')
#6 C:\wamp64\www\notes\system\CodeIgniter.php(412): CodeIgniter\CodeIgniter->runController(Object(App\controllers\Acceil))
#7 C:\wamp64\www\notes\system\CodeIgniter.php(320): CodeIgniter\CodeIgniter->handleRequest(NULL, Object(Config\Cache), false)
#8 C:\wamp64\www\notes\index.php(37): CodeIgniter\CodeIgniter->run()
#9 {main}
CRITICAL - 2022-04-30 10:50:04 --> count(): Parameter must be an array or an object that implements Countable
#0 C:\wamp64\www\notes\app\Views\site\aes.php(34): CodeIgniter\Debug\Exceptions->errorHandler(2, 'count(): Parame...', 'C:\\wamp64\\www\\n...', 34, Array)
#1 C:\wamp64\www\notes\system\View\View.php(210): include('C:\\wamp64\\www\\n...')
#2 C:\wamp64\www\notes\system\View\View.php(213): CodeIgniter\View\View->CodeIgniter\View\{closure}()
#3 C:\wamp64\www\notes\system\Common.php(1089): CodeIgniter\View\View->render('site/aes', Array, true)
#4 C:\wamp64\www\notes\app\Controllers\Acceil.php(125): view('site/aes')
#5 C:\wamp64\www\notes\system\CodeIgniter.php(825): App\controllers\Acceil->licence1('L3')
#6 C:\wamp64\www\notes\system\CodeIgniter.php(412): CodeIgniter\CodeIgniter->runController(Object(App\controllers\Acceil))
#7 C:\wamp64\www\notes\system\CodeIgniter.php(320): CodeIgniter\CodeIgniter->handleRequest(NULL, Object(Config\Cache), false)
#8 C:\wamp64\www\notes\index.php(37): CodeIgniter\CodeIgniter->run()
#9 {main}
CRITICAL - 2022-04-30 10:50:06 --> count(): Parameter must be an array or an object that implements Countable
#0 C:\wamp64\www\notes\app\Views\site\aes.php(34): CodeIgniter\Debug\Exceptions->errorHandler(2, 'count(): Parame...', 'C:\\wamp64\\www\\n...', 34, Array)
#1 C:\wamp64\www\notes\system\View\View.php(210): include('C:\\wamp64\\www\\n...')
#2 C:\wamp64\www\notes\system\View\View.php(213): CodeIgniter\View\View->CodeIgniter\View\{closure}()
#3 C:\wamp64\www\notes\system\Common.php(1089): CodeIgniter\View\View->render('site/aes', Array, true)
#4 C:\wamp64\www\notes\app\Controllers\Acceil.php(125): view('site/aes')
#5 C:\wamp64\www\notes\system\CodeIgniter.php(825): App\controllers\Acceil->licence1('L3')
#6 C:\wamp64\www\notes\system\CodeIgniter.php(412): CodeIgniter\CodeIgniter->runController(Object(App\controllers\Acceil))
#7 C:\wamp64\www\notes\system\CodeIgniter.php(320): CodeIgniter\CodeIgniter->handleRequest(NULL, Object(Config\Cache), false)
#8 C:\wamp64\www\notes\index.php(37): CodeIgniter\CodeIgniter->run()
#9 {main}
CRITICAL - 2022-04-30 10:50:07 --> count(): Parameter must be an array or an object that implements Countable
#0 C:\wamp64\www\notes\app\Views\site\aes.php(34): CodeIgniter\Debug\Exceptions->errorHandler(2, 'count(): Parame...', 'C:\\wamp64\\www\\n...', 34, Array)
#1 C:\wamp64\www\notes\system\View\View.php(210): include('C:\\wamp64\\www\\n...')
#2 C:\wamp64\www\notes\system\View\View.php(213): CodeIgniter\View\View->CodeIgniter\View\{closure}()
#3 C:\wamp64\www\notes\system\Common.php(1089): CodeIgniter\View\View->render('site/aes', Array, true)
#4 C:\wamp64\www\notes\app\Controllers\Acceil.php(125): view('site/aes')
#5 C:\wamp64\www\notes\system\CodeIgniter.php(825): App\controllers\Acceil->licence1('L3')
#6 C:\wamp64\www\notes\system\CodeIgniter.php(412): CodeIgniter\CodeIgniter->runController(Object(App\controllers\Acceil))
#7 C:\wamp64\www\notes\system\CodeIgniter.php(320): CodeIgniter\CodeIgniter->handleRequest(NULL, Object(Config\Cache), false)
#8 C:\wamp64\www\notes\index.php(37): CodeIgniter\CodeIgniter->run()
#9 {main}
CRITICAL - 2022-04-30 10:50:33 --> count(): Parameter must be an array or an object that implements Countable
#0 C:\wamp64\www\notes\app\Views\site\aes.php(34): CodeIgniter\Debug\Exceptions->errorHandler(2, 'count(): Parame...', 'C:\\wamp64\\www\\n...', 34, Array)
#1 C:\wamp64\www\notes\system\View\View.php(210): include('C:\\wamp64\\www\\n...')
#2 C:\wamp64\www\notes\system\View\View.php(213): CodeIgniter\View\View->CodeIgniter\View\{closure}()
#3 C:\wamp64\www\notes\system\Common.php(1089): CodeIgniter\View\View->render('site/aes', Array, true)
#4 C:\wamp64\www\notes\app\Controllers\Acceil.php(125): view('site/aes')
#5 C:\wamp64\www\notes\system\CodeIgniter.php(825): App\controllers\Acceil->licence1('L1')
#6 C:\wamp64\www\notes\system\CodeIgniter.php(412): CodeIgniter\CodeIgniter->runController(Object(App\controllers\Acceil))
#7 C:\wamp64\www\notes\system\CodeIgniter.php(320): CodeIgniter\CodeIgniter->handleRequest(NULL, Object(Config\Cache), false)
#8 C:\wamp64\www\notes\index.php(37): CodeIgniter\CodeIgniter->run()
#9 {main}
CRITICAL - 2022-04-30 10:52:40 --> count(): Parameter must be an array or an object that implements Countable
#0 C:\wamp64\www\notes\app\Views\site\aes.php(34): CodeIgniter\Debug\Exceptions->errorHandler(2, 'count(): Parame...', 'C:\\wamp64\\www\\n...', 34, Array)
#1 C:\wamp64\www\notes\system\View\View.php(210): include('C:\\wamp64\\www\\n...')
#2 C:\wamp64\www\notes\system\View\View.php(213): CodeIgniter\View\View->CodeIgniter\View\{closure}()
#3 C:\wamp64\www\notes\system\Common.php(1089): CodeIgniter\View\View->render('site/aes', Array, true)
#4 C:\wamp64\www\notes\app\Controllers\Acceil.php(127): view('site/aes')
#5 C:\wamp64\www\notes\system\CodeIgniter.php(825): App\controllers\Acceil->licence1('L1')
#6 C:\wamp64\www\notes\system\CodeIgniter.php(412): CodeIgniter\CodeIgniter->runController(Object(App\controllers\Acceil))
#7 C:\wamp64\www\notes\system\CodeIgniter.php(320): CodeIgniter\CodeIgniter->handleRequest(NULL, Object(Config\Cache), false)
#8 C:\wamp64\www\notes\index.php(37): CodeIgniter\CodeIgniter->run()
#9 {main}
CRITICAL - 2022-04-30 10:53:39 --> count(): Parameter must be an array or an object that implements Countable
#0 C:\wamp64\www\notes\app\Views\site\aes.php(34): CodeIgniter\Debug\Exceptions->errorHandler(2, 'count(): Parame...', 'C:\\wamp64\\www\\n...', 34, Array)
#1 C:\wamp64\www\notes\system\View\View.php(210): include('C:\\wamp64\\www\\n...')
#2 C:\wamp64\www\notes\system\View\View.php(213): CodeIgniter\View\View->CodeIgniter\View\{closure}()
#3 C:\wamp64\www\notes\system\Common.php(1089): CodeIgniter\View\View->render('site/aes', Array, true)
#4 C:\wamp64\www\notes\app\Controllers\Acceil.php(127): view('site/aes')
#5 C:\wamp64\www\notes\system\CodeIgniter.php(825): App\controllers\Acceil->licence1('L1')
#6 C:\wamp64\www\notes\system\CodeIgniter.php(412): CodeIgniter\CodeIgniter->runController(Object(App\controllers\Acceil))
#7 C:\wamp64\www\notes\system\CodeIgniter.php(320): CodeIgniter\CodeIgniter->handleRequest(NULL, Object(Config\Cache), false)
#8 C:\wamp64\www\notes\index.php(37): CodeIgniter\CodeIgniter->run()
#9 {main}
CRITICAL - 2022-04-30 10:53:52 --> count(): Parameter must be an array or an object that implements Countable
#0 C:\wamp64\www\notes\app\Views\site\aes.php(34): CodeIgniter\Debug\Exceptions->errorHandler(2, 'count(): Parame...', 'C:\\wamp64\\www\\n...', 34, Array)
#1 C:\wamp64\www\notes\system\View\View.php(210): include('C:\\wamp64\\www\\n...')
#2 C:\wamp64\www\notes\system\View\View.php(213): CodeIgniter\View\View->CodeIgniter\View\{closure}()
#3 C:\wamp64\www\notes\system\Common.php(1089): CodeIgniter\View\View->render('site/aes', Array, true)
#4 C:\wamp64\www\notes\app\Controllers\Acceil.php(126): view('site/aes')
#5 C:\wamp64\www\notes\system\CodeIgniter.php(825): App\controllers\Acceil->licence1('L1')
#6 C:\wamp64\www\notes\system\CodeIgniter.php(412): CodeIgniter\CodeIgniter->runController(Object(App\controllers\Acceil))
#7 C:\wamp64\www\notes\system\CodeIgniter.php(320): CodeIgniter\CodeIgniter->handleRequest(NULL, Object(Config\Cache), false)
#8 C:\wamp64\www\notes\index.php(37): CodeIgniter\CodeIgniter->run()
#9 {main}
CRITICAL - 2022-04-30 11:23:29 --> Invalid file: site/header.php
#0 C:\wamp64\www\notes\system\View\View.php(198): CodeIgniter\Exceptions\FrameworkException::forInvalidFile('site/header.php')
#1 C:\wamp64\www\notes\system\Common.php(1089): CodeIgniter\View\View->render('site/header', Array, true)
#2 C:\wamp64\www\notes\app\Controllers\Acceil.php(34): view('site/header', Array)
#3 C:\wamp64\www\notes\system\CodeIgniter.php(825): App\controllers\Acceil->header()
#4 C:\wamp64\www\notes\system\CodeIgniter.php(412): CodeIgniter\CodeIgniter->runController(Object(App\controllers\Acceil))
#5 C:\wamp64\www\notes\system\CodeIgniter.php(320): CodeIgniter\CodeIgniter->handleRequest(NULL, Object(Config\Cache), false)
#6 C:\wamp64\www\notes\index.php(37): CodeIgniter\CodeIgniter->run()
#7 {main}
CRITICAL - 2022-04-30 11:23:32 --> Invalid file: site/header.php
#0 C:\wamp64\www\notes\system\View\View.php(198): CodeIgniter\Exceptions\FrameworkException::forInvalidFile('site/header.php')
#1 C:\wamp64\www\notes\system\Common.php(1089): CodeIgniter\View\View->render('site/header', Array, true)
#2 C:\wamp64\www\notes\app\Controllers\Acceil.php(34): view('site/header', Array)
#3 C:\wamp64\www\notes\system\CodeIgniter.php(825): App\controllers\Acceil->header()
#4 C:\wamp64\www\notes\system\CodeIgniter.php(412): CodeIgniter\CodeIgniter->runController(Object(App\controllers\Acceil))
#5 C:\wamp64\www\notes\system\CodeIgniter.php(320): CodeIgniter\CodeIgniter->handleRequest(NULL, Object(Config\Cache), false)
#6 C:\wamp64\www\notes\index.php(37): CodeIgniter\CodeIgniter->run()
#7 {main}
CRITICAL - 2022-04-30 14:22:03 --> Xdebug has detected a possible infinite loop, and aborted your script with a stack depth of '256' frames
#0 C:\wamp64\www\notes\system\View\View.php(208): extract(Array)
#1 C:\wamp64\www\notes\system\View\View.php(213): CodeIgniter\View\View->CodeIgniter\View\{closure}()
#2 C:\wamp64\www\notes\system\View\View.php(424): CodeIgniter\View\View->render('include/headerL...', NULL, true)
#3 C:\wamp64\www\notes\app\Views\include\headerLogin.php(1): CodeIgniter\View\View->include('include/headerL...')
#4 C:\wamp64\www\notes\system\View\View.php(210): include('C:\\wamp64\\www\\n...')
#5 C:\wamp64\www\notes\system\View\View.php(213): CodeIgniter\View\View->CodeIgniter\View\{closure}()
#6 C:\wamp64\www\notes\system\View\View.php(424): CodeIgniter\View\View->render('include/headerL...', NULL, true)
#7 C:\wamp64\www\notes\app\Views\include\headerLogin.php(1): CodeIgniter\View\View->include('include/headerL...')
#8 C:\wamp64\www\notes\system\View\View.php(210): include('C:\\wamp64\\www\\n...')
#9 C:\wamp64\www\notes\system\View\View.php(213): CodeIgniter\View\View->CodeIgniter\View\{closure}()
#10 C:\wamp64\www\notes\system\View\View.php(424): CodeIgniter\View\View->render('include/headerL...', NULL, true)
#11 C:\wamp64\www\notes\app\Views\include\headerLogin.php(1): CodeIgniter\View\View->include('include/headerL...')
#12 C:\wamp64\www\notes\system\View\View.php(210): include('C:\\wamp64\\www\\n...')
#13 C:\wamp64\www\notes\system\View\View.php(213): CodeIgniter\View\View->CodeIgniter\View\{closure}()
#14 C:\wamp64\www\notes\system\View\View.php(424): CodeIgniter\View\View->render('include/headerL...', NULL, true)
#15 C:\wamp64\www\notes\app\Views\include\headerLogin.php(1): CodeIgniter\View\View->include('include/headerL...')
#16 C:\wamp64\www\notes\system\View\View.php(210): include('C:\\wamp64\\www\\n...')
#17 C:\wamp64\www\notes\system\View\View.php(213): CodeIgniter\View\View->CodeIgniter\View\{closure}()
#18 C:\wamp64\www\notes\system\View\View.php(424): CodeIgniter\View\View->render('include/headerL...', NULL, true)
#19 C:\wamp64\www\notes\app\Views\include\headerLogin.php(1): CodeIgniter\View\View->include('include/headerL...')
#20 C:\wamp64\www\notes\system\View\View.php(210): include('C:\\wamp64\\www\\n...')
#21 C:\wamp64\www\notes\system\View\View.php(213): CodeIgniter\View\View->CodeIgniter\View\{closure}()
#22 C:\wamp64\www\notes\system\View\View.php(424): CodeIgniter\View\View->render('include/headerL...', NULL, true)
#23 C:\wamp64\www\notes\app\Views\include\headerLogin.php(1): CodeIgniter\View\View->include('include/headerL...')
#24 C:\wamp64\www\notes\system\View\View.php(210): include('C:\\wamp64\\www\\n...')
#25 C:\wamp64\www\notes\system\View\View.php(213): CodeIgniter\View\View->CodeIgniter\View\{closure}()
#26 C:\wamp64\www\notes\system\View\View.php(424): CodeIgniter\View\View->render('include/headerL...', NULL, true)
#27 C:\wamp64\www\notes\app\Views\include\headerLogin.php(1): CodeIgniter\View\View->include('include/headerL...')
#28 C:\wamp64\www\notes\system\View\View.php(210): include('C:\\wamp64\\www\\n...')
#29 C:\wamp64\www\notes\system\View\View.php(213): CodeIgniter\View\View->CodeIgniter\View\{closure}()
#30 C:\wamp64\www\notes\system\View\View.php(424): CodeIgniter\View\View->render('include/headerL...', NULL, true)
#31 C:\wamp64\www\notes\app\Views\include\headerLogin.php(1): CodeIgniter\View\View->include('include/headerL...')
#32 C:\wamp64\www\notes\system\View\View.php(210): include('C:\\wamp64\\www\\n...')
#33 C:\wamp64\www\notes\system\View\View.php(213): CodeIgniter\View\View->CodeIgniter\View\{closure}()
#34 C:\wamp64\www\notes\system\View\View.php(424): CodeIgniter\View\View->render('include/headerL...', NULL, true)
#35 C:\wamp64\www\notes\app\Views\include\headerLogin.php(1): CodeIgniter\View\View->include('include/headerL...')
#36 C:\wamp64\www\notes\system\View\View.php(210): include('C:\\wamp64\\www\\n...')
#37 C:\wamp64\www\notes\system\View\View.php(213): CodeIgniter\View\View->CodeIgniter\View\{closure}()
#38 C:\wamp64\www\notes\system\View\View.php(424): CodeIgniter\View\View->render('include/headerL...', NULL, true)
#39 C:\wamp64\www\notes\app\Views\include\headerLogin.php(1): CodeIgniter\View\View->include('include/headerL...')
#40 C:\wamp64\www\notes\system\View\View.php(210): include('C:\\wamp64\\www\\n...')
#41 C:\wamp64\www\notes\system\View\View.php(213): CodeIgniter\View\View->CodeIgniter\View\{closure}()
#42 C:\wamp64\www\notes\system\View\View.php(424): CodeIgniter\View\View->render('include/headerL...', NULL, true)
#43 C:\wamp64\www\notes\app\Views\include\headerLogin.php(1): CodeIgniter\View\View->include('include/headerL...')
#44 C:\wamp64\www\notes\system\View\View.php(210): include('C:\\wamp64\\www\\n...')
#45 C:\wamp64\www\notes\system\View\View.php(213): CodeIgniter\View\View->CodeIgniter\View\{closure}()
#46 C:\wamp64\www\notes\system\View\View.php(424): CodeIgniter\View\View->render('include/headerL...', NULL, true)
#47 C:\wamp64\www\notes\app\Views\include\headerLogin.php(1): CodeIgniter\View\View->include('include/headerL...')
#48 C:\wamp64\www\notes\system\View\View.php(210): include('C:\\wamp64\\www\\n...')
#49 C:\wamp64\www\notes\system\View\View.php(213): CodeIgniter\View\View->CodeIgniter\View\{closure}()
#50 C:\wamp64\www\notes\system\View\View.php(424): CodeIgniter\View\View->render('include/headerL...', NULL, true)
#51 C:\wamp64\www\notes\app\Views\include\headerLogin.php(1): CodeIgniter\View\View->include('include/headerL...')
#52 C:\wamp64\www\notes\system\View\View.php(210): include('C:\\wamp64\\www\\n...')
#53 C:\wamp64\www\notes\system\View\View.php(213): CodeIgniter\View\View->CodeIgniter\View\{closure}()
#54 C:\wamp64\www\notes\system\View\View.php(424): CodeIgniter\View\View->render('include/headerL...', NULL, true)
#55 C:\wamp64\www\notes\app\Views\include\headerLogin.php(1): CodeIgniter\View\View->include('include/headerL...')
#56 C:\wamp64\www\notes\system\View\View.php(210): include('C:\\wamp64\\www\\n...')
#57 C:\wamp64\www\notes\system\View\View.php(213): CodeIgniter\View\View->CodeIgniter\View\{closure}()
#58 C:\wamp64\www\notes\system\View\View.php(424): CodeIgniter\View\View->render('include/headerL...', NULL, true)
#59 C:\wamp64\www\notes\app\Views\include\headerLogin.php(1): CodeIgniter\View\View->include('include/headerL...')
#60 C:\wamp64\www\notes\system\View\View.php(210): include('C:\\wamp64\\www\\n...')
#61 C:\wamp64\www\notes\system\View\View.php(213): CodeIgniter\View\View->CodeIgniter\View\{closure}()
#62 C:\wamp64\www\notes\system\View\View.php(424): CodeIgniter\View\View->render('include/headerL...', NULL, true)
#63 C:\wamp64\www\notes\app\Views\include\headerLogin.php(1): CodeIgniter\View\View->include('include/headerL...')
#64 C:\wamp64\www\notes\system\View\View.php(210): include('C:\\wamp64\\www\\n...')
#65 C:\wamp64\www\notes\system\View\View.php(213): CodeIgniter\View\View->CodeIgniter\View\{closure}()
#66 C:\wamp64\www\notes\system\View\View.php(424): CodeIgniter\View\View->render('include/headerL...', NULL, true)
#67 C:\wamp64\www\notes\app\Views\include\headerLogin.php(1): CodeIgniter\View\View->include('include/headerL...')
#68 C:\wamp64\www\notes\system\View\View.php(210): include('C:\\wamp64\\www\\n...')
#69 C:\wamp64\www\notes\system\View\View.php(213): CodeIgniter\View\View->CodeIgniter\View\{closure}()
#70 C:\wamp64\www\notes\system\View\View.php(424): CodeIgniter\View\View->render('include/headerL...', NULL, true)
#71 C:\wamp64\www\notes\app\Views\include\headerLogin.php(1): CodeIgniter\View\View->include('include/headerL...')
#72 C:\wamp64\www\notes\system\View\View.php(210): include('C:\\wamp64\\www\\n...')
#73 C:\wamp64\www\notes\system\View\View.php(213): CodeIgniter\View\View->CodeIgniter\View\{closure}()
#74 C:\wamp64\www\notes\system\View\View.php(424): CodeIgniter\View\View->render('include/headerL...', NULL, true)
#75 C:\wamp64\www\notes\app\Views\include\headerLogin.php(1): CodeIgniter\View\View->include('include/headerL...')
#76 C:\wamp64\www\notes\system\View\View.php(210): include('C:\\wamp64\\www\\n...')
#77 C:\wamp64\www\notes\system\View\View.php(213): CodeIgniter\View\View->CodeIgniter\View\{closure}()
#78 C:\wamp64\www\notes\system\View\View.php(424): CodeIgniter\View\View->render('include/headerL...', NULL, true)
#79 C:\wamp64\www\notes\app\Views\include\headerLogin.php(1): CodeIgniter\View\View->include('include/headerL...')
#80 C:\wamp64\www\notes\system\View\View.php(210): include('C:\\wamp64\\www\\n...')
#81 C:\wamp64\www\notes\system\View\View.php(213): CodeIgniter\View\View->CodeIgniter\View\{closure}()
#82 C:\wamp64\www\notes\system\View\View.php(424): CodeIgniter\View\View->render('include/headerL...', NULL, true)
#83 C:\wamp64\www\notes\app\Views\include\headerLogin.php(1): CodeIgniter\View\View->include('include/headerL...')
#84 C:\wamp64\www\notes\system\View\View.php(210): include('C:\\wamp64\\www\\n...')
#85 C:\wamp64\www\notes\system\View\View.php(213): CodeIgniter\View\View->CodeIgniter\View\{closure}()
#86 C:\wamp64\www\notes\system\View\View.php(424): CodeIgniter\View\View->render('include/headerL...', NULL, true)
#87 C:\wamp64\www\notes\app\Views\include\headerLogin.php(1): CodeIgniter\View\View->include('include/headerL...')
#88 C:\wamp64\www\notes\system\View\View.php(210): include('C:\\wamp64\\www\\n...')
#89 C:\wamp64\www\notes\system\View\View.php(213): CodeIgniter\View\View->CodeIgniter\View\{closure}()
#90 C:\wamp64\www\notes\system\View\View.php(424): CodeIgniter\View\View->render('include/headerL...', NULL, true)
#91 C:\wamp64\www\notes\app\Views\include\headerLogin.php(1): CodeIgniter\View\View->include('include/headerL...')
#92 C:\wamp64\www\notes\system\View\View.php(210): include('C:\\wamp64\\www\\n...')
#93 C:\wamp64\www\notes\system\View\View.php(213): CodeIgniter\View\View->CodeIgniter\View\{closure}()
#94 C:\wamp64\www\notes\system\View\View.php(424): CodeIgniter\View\View->render('include/headerL...', NULL, true)
#95 C:\wamp64\www\notes\app\Views\include\headerLogin.php(1): CodeIgniter\View\View->include('include/headerL...')
#96 C:\wamp64\www\notes\system\View\View.php(210): include('C:\\wamp64\\www\\n...')
#97 C:\wamp64\www\notes\system\View\View.php(213): CodeIgniter\View\View->CodeIgniter\View\{closure}()
#98 C:\wamp64\www\notes\system\View\View.php(424): CodeIgniter\View\View->render('include/headerL...', NULL, true)
#99 C:\wamp64\www\notes\app\Views\include\headerLogin.php(1): CodeIgniter\View\View->include('include/headerL...')
#100 C:\wamp64\www\notes\system\View\View.php(210): include('C:\\wamp64\\www\\n...')
#101 C:\wamp64\www\notes\system\View\View.php(213): CodeIgniter\View\View->CodeIgniter\View\{closure}()
#102 C:\wamp64\www\notes\system\View\View.php(424): CodeIgniter\View\View->render('include/headerL...', NULL, true)
#103 C:\wamp64\www\notes\app\Views\include\headerLogin.php(1): CodeIgniter\View\View->include('include/headerL...')
#104 C:\wamp64\www\notes\system\View\View.php(210): include('C:\\wamp64\\www\\n...')
#105 C:\wamp64\www\notes\system\View\View.php(213): CodeIgniter\View\View->CodeIgniter\View\{closure}()
#106 C:\wamp64\www\notes\system\View\View.php(424): CodeIgniter\View\View->render('include/headerL...', NULL, true)
#107 C:\wamp64\www\notes\app\Views\include\headerLogin.php(1): CodeIgniter\View\View->include('include/headerL...')
#108 C:\wamp64\www\notes\system\View\View.php(210): include('C:\\wamp64\\www\\n...')
#109 C:\wamp64\www\notes\system\View\View.php(213): CodeIgniter\View\View->CodeIgniter\View\{closure}()
#110 C:\wamp64\www\notes\system\View\View.php(424): CodeIgniter\View\View->render('include/headerL...', NULL, true)
#111 C:\wamp64\www\notes\app\Views\include\headerLogin.php(1): CodeIgniter\View\View->include('include/headerL...')
#112 C:\wamp64\www\notes\system\View\View.php(210): include('C:\\wamp64\\www\\n...')
#113 C:\wamp64\www\notes\system\View\View.php(213): CodeIgniter\View\View->CodeIgniter\View\{closure}()
#114 C:\wamp64\www\notes\system\View\View.php(424): CodeIgniter\View\View->render('include/headerL...', NULL, true)
#115 C:\wamp64\www\notes\app\Views\include\headerLogin.php(1): CodeIgniter\View\View->include('include/headerL...')
#116 C:\wamp64\www\notes\system\View\View.php(210): include('C:\\wamp64\\www\\n...')
#117 C:\wamp64\www\notes\system\View\View.php(213): CodeIgniter\View\View->CodeIgniter\View\{closure}()
#118 C:\wamp64\www\notes\system\View\View.php(424): CodeIgniter\View\View->render('include/headerL...', NULL, true)
#119 C:\wamp64\www\notes\app\Views\include\headerLogin.php(1): CodeIgniter\View\View->include('include/headerL...')
#120 C:\wamp64\www\notes\system\View\View.php(210): include('C:\\wamp64\\www\\n...')
#121 C:\wamp64\www\notes\system\View\View.php(213): CodeIgniter\View\View->CodeIgniter\View\{closure}()
#122 C:\wamp64\www\notes\system\View\View.php(424): CodeIgniter\View\View->render('include/headerL...', NULL, true)
#123 C:\wamp64\www\notes\app\Views\include\headerLogin.php(1): CodeIgniter\View\View->include('include/headerL...')
#124 C:\wamp64\www\notes\system\View\View.php(210): include('C:\\wamp64\\www\\n...')
#125 C:\wamp64\www\notes\system\View\View.php(213): CodeIgniter\View\View->CodeIgniter\View\{closure}()
#126 C:\wamp64\www\notes\system\View\View.php(424): CodeIgniter\View\View->render('include/headerL...', NULL, true)
#127 C:\wamp64\www\notes\app\Views\include\headerLogin.php(1): CodeIgniter\View\View->include('include/headerL...')
#128 C:\wamp64\www\notes\system\View\View.php(210): include('C:\\wamp64\\www\\n...')
#129 C:\wamp64\www\notes\system\View\View.php(213): CodeIgniter\View\View->CodeIgniter\View\{closure}()
#130 C:\wamp64\www\notes\system\View\View.php(424): CodeIgniter\View\View->render('include/headerL...', NULL, true)
#131 C:\wamp64\www\notes\app\Views\include\headerLogin.php(1): CodeIgniter\View\View->include('include/headerL...')
#132 C:\wamp64\www\notes\system\View\View.php(210): include('C:\\wamp64\\www\\n...')
#133 C:\wamp64\www\notes\system\View\View.php(213): CodeIgniter\View\View->CodeIgniter\View\{closure}()
#134 C:\wamp64\www\notes\system\View\View.php(424): CodeIgniter\View\View->render('include/headerL...', NULL, true)
#135 C:\wamp64\www\notes\app\Views\include\headerLogin.php(1): CodeIgniter\View\View->include('include/headerL...')
#136 C:\wamp64\www\notes\system\View\View.php(210): include('C:\\wamp64\\www\\n...')
#137 C:\wamp64\www\notes\system\View\View.php(213): CodeIgniter\View\View->CodeIgniter\View\{closure}()
#138 C:\wamp64\www\notes\system\View\View.php(424): CodeIgniter\View\View->render('include/headerL...', NULL, true)
#139 C:\wamp64\www\notes\app\Views\include\headerLogin.php(1): CodeIgniter\View\View->include('include/headerL...')
#140 C:\wamp64\www\notes\system\View\View.php(210): include('C:\\wamp64\\www\\n...')
#141 C:\wamp64\www\notes\system\View\View.php(213): CodeIgniter\View\View->CodeIgniter\View\{closure}()
#142 C:\wamp64\www\notes\system\View\View.php(424): CodeIgniter\View\View->render('include/headerL...', NULL, true)
#143 C:\wamp64\www\notes\app\Views\include\headerLogin.php(1): CodeIgniter\View\View->include('include/headerL...')
#144 C:\wamp64\www\notes\system\View\View.php(210): include('C:\\wamp64\\www\\n...')
#145 C:\wamp64\www\notes\system\View\View.php(213): CodeIgniter\View\View->CodeIgniter\View\{closure}()
#146 C:\wamp64\www\notes\system\View\View.php(424): CodeIgniter\View\View->render('include/headerL...', NULL, true)
#147 C:\wamp64\www\notes\app\Views\include\headerLogin.php(1): CodeIgniter\View\View->include('include/headerL...')
#148 C:\wamp64\www\notes\system\View\View.php(210): include('C:\\wamp64\\www\\n...')
#149 C:\wamp64\www\notes\system\View\View.php(213): CodeIgniter\View\View->CodeIgniter\View\{closure}()
#150 C:\wamp64\www\notes\system\View\View.php(424): CodeIgniter\View\View->render('include/headerL...', NULL, true)
#151 C:\wamp64\www\notes\app\Views\include\headerLogin.php(1): CodeIgniter\View\View->include('include/headerL...')
#152 C:\wamp64\www\notes\system\View\View.php(210): include('C:\\wamp64\\www\\n...')
#153 C:\wamp64\www\notes\system\View\View.php(213): CodeIgniter\View\View->CodeIgniter\View\{closure}()
#154 C:\wamp64\www\notes\system\View\View.php(424): CodeIgniter\View\View->render('include/headerL...', NULL, true)
#155 C:\wamp64\www\notes\app\Views\include\headerLogin.php(1): CodeIgniter\View\View->include('include/headerL...')
#156 C:\wamp64\www\notes\system\View\View.php(210): include('C:\\wamp64\\www\\n...')
#157 C:\wamp64\www\notes\system\View\View.php(213): CodeIgniter\View\View->CodeIgniter\View\{closure}()
#158 C:\wamp64\www\notes\system\View\View.php(424): CodeIgniter\View\View->render('include/headerL...', NULL, true)
#159 C:\wamp64\www\notes\app\Views\include\headerLogin.php(1): CodeIgniter\View\View->include('include/headerL...')
#160 C:\wamp64\www\notes\system\View\View.php(210): include('C:\\wamp64\\www\\n...')
#161 C:\wamp64\www\notes\system\View\View.php(213): CodeIgniter\View\View->CodeIgniter\View\{closure}()
#162 C:\wamp64\www\notes\system\View\View.php(424): CodeIgniter\View\View->render('include/headerL...', NULL, true)
#163 C:\wamp64\www\notes\app\Views\include\headerLogin.php(1): CodeIgniter\View\View->include('include/headerL...')
#164 C:\wamp64\www\notes\system\View\View.php(210): include('C:\\wamp64\\www\\n...')
#165 C:\wamp64\www\notes\system\View\View.php(213): CodeIgniter\View\View->CodeIgniter\View\{closure}()
#166 C:\wamp64\www\notes\system\View\View.php(424): CodeIgniter\View\View->render('include/headerL...', NULL, true)
#167 C:\wamp64\www\notes\app\Views\include\headerLogin.php(1): CodeIgniter\View\View->include('include/headerL...')
#168 C:\wamp64\www\notes\system\View\View.php(210): include('C:\\wamp64\\www\\n...')
#169 C:\wamp64\www\notes\system\View\View.php(213): CodeIgniter\View\View->CodeIgniter\View\{closure}()
#170 C:\wamp64\www\notes\system\View\View.php(424): CodeIgniter\View\View->render('include/headerL...', NULL, true)
#171 C:\wamp64\www\notes\app\Views\include\headerLogin.php(1): CodeIgniter\View\View->include('include/headerL...')
#172 C:\wamp64\www\notes\system\View\View.php(210): include('C:\\wamp64\\www\\n...')
#173 C:\wamp64\www\notes\system\View\View.php(213): CodeIgniter\View\View->CodeIgniter\View\{closure}()
#174 C:\wamp64\www\notes\system\View\View.php(424): CodeIgniter\View\View->render('include/headerL...', NULL, true)
#175 C:\wamp64\www\notes\app\Views\include\headerLogin.php(1): CodeIgniter\View\View->include('include/headerL...')
#176 C:\wamp64\www\notes\system\View\View.php(210): include('C:\\wamp64\\www\\n...')
#177 C:\wamp64\www\notes\system\View\View.php(213): CodeIgniter\View\View->CodeIgniter\View\{closure}()
#178 C:\wamp64\www\notes\system\View\View.php(424): CodeIgniter\View\View->render('include/headerL...', NULL, true)
#179 C:\wamp64\www\notes\app\Views\include\headerLogin.php(1): CodeIgniter\View\View->include('include/headerL...')
#180 C:\wamp64\www\notes\system\View\View.php(210): include('C:\\wamp64\\www\\n...')
#181 C:\wamp64\www\notes\system\View\View.php(213): CodeIgniter\View\View->CodeIgniter\View\{closure}()
#182 C:\wamp64\www\notes\system\View\View.php(424): CodeIgniter\View\View->render('include/headerL...', NULL, true)
#183 C:\wamp64\www\notes\app\Views\include\headerLogin.php(1): CodeIgniter\View\View->include('include/headerL...')
#184 C:\wamp64\www\notes\system\View\View.php(210): include('C:\\wamp64\\www\\n...')
#185 C:\wamp64\www\notes\system\View\View.php(213): CodeIgniter\View\View->CodeIgniter\View\{closure}()
#186 C:\wamp64\www\notes\system\View\View.php(424): CodeIgniter\View\View->render('include/headerL...', NULL, true)
#187 C:\wamp64\www\notes\app\Views\include\headerLogin.php(1): CodeIgniter\View\View->include('include/headerL...')
#188 C:\wamp64\www\notes\system\View\View.php(210): include('C:\\wamp64\\www\\n...')
#189 C:\wamp64\www\notes\system\View\View.php(213): CodeIgniter\View\View->CodeIgniter\View\{closure}()
#190 C:\wamp64\www\notes\system\View\View.php(424): CodeIgniter\View\View->render('include/headerL...', NULL, true)
#191 C:\wamp64\www\notes\app\Views\include\headerLogin.php(1): CodeIgniter\View\View->include('include/headerL...')
#192 C:\wamp64\www\notes\system\View\View.php(210): include('C:\\wamp64\\www\\n...')
#193 C:\wamp64\www\notes\system\View\View.php(213): CodeIgniter\View\View->CodeIgniter\View\{closure}()
#194 C:\wamp64\www\notes\system\View\View.php(424): CodeIgniter\View\View->render('include/headerL...', NULL, true)
#195 C:\wamp64\www\notes\app\Views\include\headerLogin.php(1): CodeIgniter\View\View->include('include/headerL...')
#196 C:\wamp64\www\notes\system\View\View.php(210): include('C:\\wamp64\\www\\n...')
#197 C:\wamp64\www\notes\system\View\View.php(213): CodeIgniter\View\View->CodeIgniter\View\{closure}()
#198 C:\wamp64\www\notes\system\View\View.php(424): CodeIgniter\View\View->render('include/headerL...', NULL, true)
#199 C:\wamp64\www\notes\app\Views\include\headerLogin.php(1): CodeIgniter\View\View->include('include/headerL...')
#200 C:\wamp64\www\notes\system\View\View.php(210): include('C:\\wamp64\\www\\n...')
#201 C:\wamp64\www\notes\system\View\View.php(213): CodeIgniter\View\View->CodeIgniter\View\{closure}()
#202 C:\wamp64\www\notes\system\View\View.php(424): CodeIgniter\View\View->render('include/headerL...', NULL, true)
#203 C:\wamp64\www\notes\app\Views\include\headerLogin.php(1): CodeIgniter\View\View->include('include/headerL...')
#204 C:\wamp64\www\notes\system\View\View.php(210): include('C:\\wamp64\\www\\n...')
#205 C:\wamp64\www\notes\system\View\View.php(213): CodeIgniter\View\View->CodeIgniter\View\{closure}()
#206 C:\wamp64\www\notes\system\View\View.php(424): CodeIgniter\View\View->render('include/headerL...', NULL, true)
#207 C:\wamp64\www\notes\app\Views\include\headerLogin.php(1): CodeIgniter\View\View->include('include/headerL...')
#208 C:\wamp64\www\notes\system\View\View.php(210): include('C:\\wamp64\\www\\n...')
#209 C:\wamp64\www\notes\system\View\View.php(213): CodeIgniter\View\View->CodeIgniter\View\{closure}()
#210 C:\wamp64\www\notes\system\View\View.php(424): CodeIgniter\View\View->render('include/headerL...', NULL, true)
#211 C:\wamp64\www\notes\app\Views\include\headerLogin.php(1): CodeIgniter\View\View->include('include/headerL...')
#212 C:\wamp64\www\notes\system\View\View.php(210): include('C:\\wamp64\\www\\n...')
#213 C:\wamp64\www\notes\system\View\View.php(213): CodeIgniter\View\View->CodeIgniter\View\{closure}()
#214 C:\wamp64\www\notes\system\View\View.php(424): CodeIgniter\View\View->render('include/headerL...', NULL, true)
#215 C:\wamp64\www\notes\app\Views\include\headerLogin.php(1): CodeIgniter\View\View->include('include/headerL...')
#216 C:\wamp64\www\notes\system\View\View.php(210): include('C:\\wamp64\\www\\n...')
#217 C:\wamp64\www\notes\system\View\View.php(213): CodeIgniter\View\View->CodeIgniter\View\{closure}()
#218 C:\wamp64\www\notes\system\View\View.php(424): CodeIgniter\View\View->render('include/headerL...', NULL, true)
#219 C:\wamp64\www\notes\app\Views\include\headerLogin.php(1): CodeIgniter\View\View->include('include/headerL...')
#220 C:\wamp64\www\notes\system\View\View.php(210): include('C:\\wamp64\\www\\n...')
#221 C:\wamp64\www\notes\system\View\View.php(213): CodeIgniter\View\View->CodeIgniter\View\{closure}()
#222 C:\wamp64\www\notes\system\View\View.php(424): CodeIgniter\View\View->render('include/headerL...', NULL, true)
#223 C:\wamp64\www\notes\app\Views\include\headerLogin.php(1): CodeIgniter\View\View->include('include/headerL...')
#224 C:\wamp64\www\notes\system\View\View.php(210): include('C:\\wamp64\\www\\n...')
#225 C:\wamp64\www\notes\system\View\View.php(213): CodeIgniter\View\View->CodeIgniter\View\{closure}()
#226 C:\wamp64\www\notes\system\View\View.php(424): CodeIgniter\View\View->render('include/headerL...', NULL, true)
#227 C:\wamp64\www\notes\app\Views\include\headerLogin.php(1): CodeIgniter\View\View->include('include/headerL...')
#228 C:\wamp64\www\notes\system\View\View.php(210): include('C:\\wamp64\\www\\n...')
#229 C:\wamp64\www\notes\system\View\View.php(213): CodeIgniter\View\View->CodeIgniter\View\{closure}()
#230 C:\wamp64\www\notes\system\View\View.php(424): CodeIgniter\View\View->render('include/headerL...', NULL, true)
#231 C:\wamp64\www\notes\app\Views\include\headerLogin.php(1): CodeIgniter\View\View->include('include/headerL...')
#232 C:\wamp64\www\notes\system\View\View.php(210): include('C:\\wamp64\\www\\n...')
#233 C:\wamp64\www\notes\system\View\View.php(213): CodeIgniter\View\View->CodeIgniter\View\{closure}()
#234 C:\wamp64\www\notes\system\View\View.php(424): CodeIgniter\View\View->render('include/headerL...', NULL, true)
#235 C:\wamp64\www\notes\app\Views\include\headerLogin.php(1): CodeIgniter\View\View->include('include/headerL...')
#236 C:\wamp64\www\notes\system\View\View.php(210): include('C:\\wamp64\\www\\n...')
#237 C:\wamp64\www\notes\system\View\View.php(213): CodeIgniter\View\View->CodeIgniter\View\{closure}()
#238 C:\wamp64\www\notes\system\View\View.php(424): CodeIgniter\View\View->render('include/headerL...', NULL, true)
#239 C:\wamp64\www\notes\app\Views\include\headerLogin.php(1): CodeIgniter\View\View->include('include/headerL...')
#240 C:\wamp64\www\notes\system\View\View.php(210): include('C:\\wamp64\\www\\n...')
#241 C:\wamp64\www\notes\system\View\View.php(213): CodeIgniter\View\View->CodeIgniter\View\{closure}()
#242 C:\wamp64\www\notes\system\View\View.php(424): CodeIgniter\View\View->render('include/headerL...', NULL, true)
#243 C:\wamp64\www\notes\app\Views\include\headerLogin.php(1): CodeIgniter\View\View->include('include/headerL...')
#244 C:\wamp64\www\notes\system\View\View.php(210): include('C:\\wamp64\\www\\n...')
#245 C:\wamp64\www\notes\system\View\View.php(213): CodeIgniter\View\View->CodeIgniter\View\{closure}()
#246 C:\wamp64\www\notes\system\View\View.php(424): CodeIgniter\View\View->render('include/headerL...', NULL, true)
#247 C:\wamp64\www\notes\app\Views\site\login.php(3): CodeIgniter\View\View->include('include/headerL...')
#248 C:\wamp64\www\notes\system\View\View.php(210): include('C:\\wamp64\\www\\n...')
#249 C:\wamp64\www\notes\system\View\View.php(213): CodeIgniter\View\View->CodeIgniter\View\{closure}()
#250 C:\wamp64\www\notes\system\Common.php(1089): CodeIgniter\View\View->render('site/login', Array, true)
#251 C:\wamp64\www\notes\app\Controllers\Acceil.php(28): view('site/login')
#252 C:\wamp64\www\notes\system\CodeIgniter.php(825): App\controllers\Acceil->login()
#253 C:\wamp64\www\notes\system\CodeIgniter.php(412): CodeIgniter\CodeIgniter->runController(Object(App\controllers\Acceil))
#254 C:\wamp64\www\notes\system\CodeIgniter.php(320): CodeIgniter\CodeIgniter->handleRequest(NULL, Object(Config\Cache), false)
#255 C:\wamp64\www\notes\index.php(37): CodeIgniter\CodeIgniter->run()
#256 {main}
ERROR - 2022-04-30 14:57:06 --> Le champ 'prenom' ne peut être vide (null)
CRITICAL - 2022-04-30 14:57:06 --> Illegal string offset 'matricule'
#0 C:\wamp64\www\notes\app\Views\site\aes.php(38): CodeIgniter\Debug\Exceptions->errorHandler(2, 'Illegal string ...', 'C:\\wamp64\\www\\n...', 38, Array)
#1 C:\wamp64\www\notes\system\View\View.php(210): include('C:\\wamp64\\www\\n...')
#2 C:\wamp64\www\notes\system\View\View.php(213): CodeIgniter\View\View->CodeIgniter\View\{closure}()
#3 C:\wamp64\www\notes\system\Common.php(1089): CodeIgniter\View\View->render('site/aes', Array, true)
#4 C:\wamp64\www\notes\app\Controllers\Acceil.php(60): view('site/aes', Array)
#5 C:\wamp64\www\notes\system\CodeIgniter.php(825): App\controllers\Acceil->aesFunction()
#6 C:\wamp64\www\notes\system\CodeIgniter.php(412): CodeIgniter\CodeIgniter->runController(Object(App\controllers\Acceil))
#7 C:\wamp64\www\notes\system\CodeIgniter.php(320): CodeIgniter\CodeIgniter->handleRequest(NULL, Object(Config\Cache), false)
#8 C:\wamp64\www\notes\index.php(37): CodeIgniter\CodeIgniter->run()
#9 {main}
ERROR - 2022-04-30 14:57:13 --> Le champ 'prenom' ne peut être vide (null)
CRITICAL - 2022-04-30 14:57:13 --> Illegal string offset 'matricule'
#0 C:\wamp64\www\notes\app\Views\site\aes.php(38): CodeIgniter\Debug\Exceptions->errorHandler(2, 'Illegal string ...', 'C:\\wamp64\\www\\n...', 38, Array)
#1 C:\wamp64\www\notes\system\View\View.php(210): include('C:\\wamp64\\www\\n...')
#2 C:\wamp64\www\notes\system\View\View.php(213): CodeIgniter\View\View->CodeIgniter\View\{closure}()
#3 C:\wamp64\www\notes\system\Common.php(1089): CodeIgniter\View\View->render('site/aes', Array, true)
#4 C:\wamp64\www\notes\app\Controllers\Acceil.php(60): view('site/aes', Array)
#5 C:\wamp64\www\notes\system\CodeIgniter.php(825): App\controllers\Acceil->aesFunction()
#6 C:\wamp64\www\notes\system\CodeIgniter.php(412): CodeIgniter\CodeIgniter->runController(Object(App\controllers\Acceil))
#7 C:\wamp64\www\notes\system\CodeIgniter.php(320): CodeIgniter\CodeIgniter->handleRequest(NULL, Object(Config\Cache), false)
#8 C:\wamp64\www\notes\index.php(37): CodeIgniter\CodeIgniter->run()
#9 {main}
CRITICAL - 2022-04-30 17:19:13 --> Call to undefined method CodeIgniter\Session\Session::setFalshdata()
#0 C:\wamp64\www\notes\system\CodeIgniter.php(825): App\controllers\ControllerUser->inscrire()
#1 C:\wamp64\www\notes\system\CodeIgniter.php(412): CodeIgniter\CodeIgniter->runController(Object(App\controllers\ControllerUser))
#2 C:\wamp64\www\notes\system\CodeIgniter.php(320): CodeIgniter\CodeIgniter->handleRequest(NULL, Object(Config\Cache), false)
#3 C:\wamp64\www\notes\index.php(37): CodeIgniter\CodeIgniter->run()
#4 {main}
CRITICAL - 2022-04-30 17:41:12 --> Call to undefined function App\controllers\length()
#0 C:\wamp64\www\notes\system\CodeIgniter.php(825): App\controllers\ControllerUser->inscrire()
#1 C:\wamp64\www\notes\system\CodeIgniter.php(412): CodeIgniter\CodeIgniter->runController(Object(App\controllers\ControllerUser))
#2 C:\wamp64\www\notes\system\CodeIgniter.php(320): CodeIgniter\CodeIgniter->handleRequest(NULL, Object(Config\Cache), false)
#3 C:\wamp64\www\notes\index.php(37): CodeIgniter\CodeIgniter->run()
#4 {main}
CRITICAL - 2022-04-30 17:57:27 --> Call to undefined function App\controllers\lenght()
#0 C:\wamp64\www\notes\system\CodeIgniter.php(825): App\controllers\ControllerUser->inscrire()
#1 C:\wamp64\www\notes\system\CodeIgniter.php(412): CodeIgniter\CodeIgniter->runController(Object(App\controllers\ControllerUser))
#2 C:\wamp64\www\notes\system\CodeIgniter.php(320): CodeIgniter\CodeIgniter->handleRequest(NULL, Object(Config\Cache), false)
#3 C:\wamp64\www\notes\index.php(37): CodeIgniter\CodeIgniter->run()
#4 {main}
