CRITICAL - 2022-05-02 02:31:30 --> Call to a member function view() on null
#0 C:\wamp64\www\notes\system\CodeIgniter.php(825): App\controllers\Acceil->licence1('L3')
#1 C:\wamp64\www\notes\system\CodeIgniter.php(412): CodeIgniter\CodeIgniter->runController(Object(App\controllers\Acceil))
#2 C:\wamp64\www\notes\system\CodeIgniter.php(320): CodeIgniter\CodeIgniter->handleRequest(NULL, Object(Config\Cache), false)
#3 C:\wamp64\www\notes\index.php(37): CodeIgniter\CodeIgniter->run()
#4 {main}
CRITICAL - 2022-05-02 02:32:45 --> Call to a member function view() on null
#0 C:\wamp64\www\notes\system\CodeIgniter.php(825): App\controllers\Acceil->licence1('L3')
#1 C:\wamp64\www\notes\system\CodeIgniter.php(412): CodeIgniter\CodeIgniter->runController(Object(App\controllers\Acceil))
#2 C:\wamp64\www\notes\system\CodeIgniter.php(320): CodeIgniter\CodeIgniter->handleRequest(NULL, Object(Config\Cache), false)
#3 C:\wamp64\www\notes\index.php(37): CodeIgniter\CodeIgniter->run()
#4 {main}
CRITICAL - 2022-05-02 02:33:12 --> Call to a member function view() on null
#0 C:\wamp64\www\notes\system\CodeIgniter.php(825): App\controllers\Acceil->licence1('L3')
#1 C:\wamp64\www\notes\system\CodeIgniter.php(412): CodeIgniter\CodeIgniter->runController(Object(App\controllers\Acceil))
#2 C:\wamp64\www\notes\system\CodeIgniter.php(320): CodeIgniter\CodeIgniter->handleRequest(NULL, Object(Config\Cache), false)
#3 C:\wamp64\www\notes\index.php(37): CodeIgniter\CodeIgniter->run()
#4 {main}
CRITICAL - 2022-05-02 02:35:08 --> Call to a member function view() on null
#0 C:\wamp64\www\notes\system\View\View.php(210): include()
#1 C:\wamp64\www\notes\system\View\View.php(213): CodeIgniter\View\View->CodeIgniter\View\{closure}()
#2 C:\wamp64\www\notes\system\Common.php(1089): CodeIgniter\View\View->render('site/listeL1Aes', Array, true)
#3 C:\wamp64\www\notes\app\Controllers\Acceil.php(136): view('site/listeL1Aes', Array)
#4 C:\wamp64\www\notes\system\CodeIgniter.php(825): App\controllers\Acceil->licence1('L1')
#5 C:\wamp64\www\notes\system\CodeIgniter.php(412): CodeIgniter\CodeIgniter->runController(Object(App\controllers\Acceil))
#6 C:\wamp64\www\notes\system\CodeIgniter.php(320): CodeIgniter\CodeIgniter->handleRequest(NULL, Object(Config\Cache), false)
#7 C:\wamp64\www\notes\index.php(37): CodeIgniter\CodeIgniter->run()
#8 {main}
CRITICAL - 2022-05-02 02:44:50 --> Invalid file: include/header.php
#0 C:\wamp64\www\notes\system\View\View.php(198): CodeIgniter\Exceptions\FrameworkException::forInvalidFile('include/header....')
#1 C:\wamp64\www\notes\system\View\View.php(424): CodeIgniter\View\View->render('include/header', NULL, true)
#2 C:\wamp64\www\notes\app\Views\layout\master.php(10): CodeIgniter\View\View->include('include/header')
#3 C:\wamp64\www\notes\system\View\View.php(210): include('C:\\wamp64\\www\\n...')
#4 C:\wamp64\www\notes\system\View\View.php(213): CodeIgniter\View\View->CodeIgniter\View\{closure}()
#5 C:\wamp64\www\notes\system\View\View.php(226): CodeIgniter\View\View->render('layout/master', Array, true)
#6 C:\wamp64\www\notes\system\Common.php(1089): CodeIgniter\View\View->render('site/accueil', Array, true)
#7 C:\wamp64\www\notes\app\Controllers\Acceil.php(20): view('site/accueil', Array)
#8 C:\wamp64\www\notes\system\CodeIgniter.php(825): App\controllers\Acceil->index()
#9 C:\wamp64\www\notes\system\CodeIgniter.php(412): CodeIgniter\CodeIgniter->runController(Object(App\controllers\Acceil))
#10 C:\wamp64\www\notes\system\CodeIgniter.php(320): CodeIgniter\CodeIgniter->handleRequest(NULL, Object(Config\Cache), false)
#11 C:\wamp64\www\notes\index.php(37): CodeIgniter\CodeIgniter->run()
#12 {main}
CRITICAL - 2022-05-02 02:46:31 --> Invalid file: include/header.php
#0 C:\wamp64\www\notes\system\View\View.php(198): CodeIgniter\Exceptions\FrameworkException::forInvalidFile('include/header....')
#1 C:\wamp64\www\notes\system\View\View.php(424): CodeIgniter\View\View->render('include/header', NULL, true)
#2 C:\wamp64\www\notes\app\Views\site\listeL1Aes.php(1): CodeIgniter\View\View->include('include/header')
#3 C:\wamp64\www\notes\system\View\View.php(210): include('C:\\wamp64\\www\\n...')
#4 C:\wamp64\www\notes\system\View\View.php(213): CodeIgniter\View\View->CodeIgniter\View\{closure}()
#5 C:\wamp64\www\notes\system\Common.php(1089): CodeIgniter\View\View->render('site/listeL1Aes', Array, true)
#6 C:\wamp64\www\notes\app\Controllers\Acceil.php(136): view('site/listeL1Aes', Array)
#7 C:\wamp64\www\notes\system\CodeIgniter.php(825): App\controllers\Acceil->licence1('L1')
#8 C:\wamp64\www\notes\system\CodeIgniter.php(412): CodeIgniter\CodeIgniter->runController(Object(App\controllers\Acceil))
#9 C:\wamp64\www\notes\system\CodeIgniter.php(320): CodeIgniter\CodeIgniter->handleRequest(NULL, Object(Config\Cache), false)
#10 C:\wamp64\www\notes\index.php(37): CodeIgniter\CodeIgniter->run()
#11 {main}
CRITICAL - 2022-05-02 02:48:48 --> Call to undefined method App\controllers\Acceil::footer()
#0 C:\wamp64\www\notes\system\CodeIgniter.php(825): App\controllers\Acceil->licence1('L1')
#1 C:\wamp64\www\notes\system\CodeIgniter.php(412): CodeIgniter\CodeIgniter->runController(Object(App\controllers\Acceil))
#2 C:\wamp64\www\notes\system\CodeIgniter.php(320): CodeIgniter\CodeIgniter->handleRequest(NULL, Object(Config\Cache), false)
#3 C:\wamp64\www\notes\index.php(37): CodeIgniter\CodeIgniter->run()
#4 {main}
CRITICAL - 2022-05-02 02:54:48 --> Call to a member function view() on null
#0 C:\wamp64\www\notes\system\CodeIgniter.php(825): App\controllers\Acceil->licence1('L1')
#1 C:\wamp64\www\notes\system\CodeIgniter.php(412): CodeIgniter\CodeIgniter->runController(Object(App\controllers\Acceil))
#2 C:\wamp64\www\notes\system\CodeIgniter.php(320): CodeIgniter\CodeIgniter->handleRequest(NULL, Object(Config\Cache), false)
#3 C:\wamp64\www\notes\index.php(37): CodeIgniter\CodeIgniter->run()
#4 {main}
CRITICAL - 2022-05-02 03:32:08 --> count(): Parameter must be an array or an object that implements Countable
#0 C:\wamp64\www\notes\app\Views\site\listeL1Aes.php(149): CodeIgniter\Debug\Exceptions->errorHandler(2, 'count(): Parame...', 'C:\\wamp64\\www\\n...', 149, Array)
#1 C:\wamp64\www\notes\system\View\View.php(210): include('C:\\wamp64\\www\\n...')
#2 C:\wamp64\www\notes\system\View\View.php(213): CodeIgniter\View\View->CodeIgniter\View\{closure}()
#3 C:\wamp64\www\notes\system\Common.php(1089): CodeIgniter\View\View->render('site/listeL1Aes', Array, true)
#4 C:\wamp64\www\notes\app\Controllers\Acceil.php(129): view('site/listeL1Aes')
#5 C:\wamp64\www\notes\system\CodeIgniter.php(825): App\controllers\Acceil->licence1()
#6 C:\wamp64\www\notes\system\CodeIgniter.php(412): CodeIgniter\CodeIgniter->runController(Object(App\controllers\Acceil))
#7 C:\wamp64\www\notes\system\CodeIgniter.php(320): CodeIgniter\CodeIgniter->handleRequest(NULL, Object(Config\Cache), false)
#8 C:\wamp64\www\notes\index.php(37): CodeIgniter\CodeIgniter->run()
#9 {main}
CRITICAL - 2022-05-02 03:33:53 --> count(): Parameter must be an array or an object that implements Countable
#0 C:\wamp64\www\notes\app\Views\site\listeL1Aes.php(149): CodeIgniter\Debug\Exceptions->errorHandler(2, 'count(): Parame...', 'C:\\wamp64\\www\\n...', 149, Array)
#1 C:\wamp64\www\notes\system\View\View.php(210): include('C:\\wamp64\\www\\n...')
#2 C:\wamp64\www\notes\system\View\View.php(213): CodeIgniter\View\View->CodeIgniter\View\{closure}()
#3 C:\wamp64\www\notes\system\Common.php(1089): CodeIgniter\View\View->render('site/listeL1Aes', Array, true)
#4 C:\wamp64\www\notes\app\Controllers\Acceil.php(133): view('site/listeL1Aes', Array)
#5 C:\wamp64\www\notes\system\CodeIgniter.php(825): App\controllers\Acceil->licence1()
#6 C:\wamp64\www\notes\system\CodeIgniter.php(412): CodeIgniter\CodeIgniter->runController(Object(App\controllers\Acceil))
#7 C:\wamp64\www\notes\system\CodeIgniter.php(320): CodeIgniter\CodeIgniter->handleRequest(NULL, Object(Config\Cache), false)
#8 C:\wamp64\www\notes\index.php(37): CodeIgniter\CodeIgniter->run()
#9 {main}
CRITICAL - 2022-05-02 03:34:41 --> count(): Parameter must be an array or an object that implements Countable
#0 C:\wamp64\www\notes\app\Views\site\listeL1Aes.php(149): CodeIgniter\Debug\Exceptions->errorHandler(2, 'count(): Parame...', 'C:\\wamp64\\www\\n...', 149, Array)
#1 C:\wamp64\www\notes\system\View\View.php(210): include('C:\\wamp64\\www\\n...')
#2 C:\wamp64\www\notes\system\View\View.php(213): CodeIgniter\View\View->CodeIgniter\View\{closure}()
#3 C:\wamp64\www\notes\system\Common.php(1089): CodeIgniter\View\View->render('site/listeL1Aes', Array, true)
#4 C:\wamp64\www\notes\app\Controllers\Acceil.php(133): view('site/listeL1Aes', Array)
#5 C:\wamp64\www\notes\system\CodeIgniter.php(825): App\controllers\Acceil->licence1()
#6 C:\wamp64\www\notes\system\CodeIgniter.php(412): CodeIgniter\CodeIgniter->runController(Object(App\controllers\Acceil))
#7 C:\wamp64\www\notes\system\CodeIgniter.php(320): CodeIgniter\CodeIgniter->handleRequest(NULL, Object(Config\Cache), false)
#8 C:\wamp64\www\notes\index.php(37): CodeIgniter\CodeIgniter->run()
#9 {main}
CRITICAL - 2022-05-02 03:36:26 --> count(): Parameter must be an array or an object that implements Countable
#0 C:\wamp64\www\notes\app\Views\site\listeL1Aes.php(149): CodeIgniter\Debug\Exceptions->errorHandler(2, 'count(): Parame...', 'C:\\wamp64\\www\\n...', 149, Array)
#1 C:\wamp64\www\notes\system\View\View.php(210): include('C:\\wamp64\\www\\n...')
#2 C:\wamp64\www\notes\system\View\View.php(213): CodeIgniter\View\View->CodeIgniter\View\{closure}()
#3 C:\wamp64\www\notes\system\Common.php(1089): CodeIgniter\View\View->render('site/listeL1Aes', Array, true)
#4 C:\wamp64\www\notes\app\Controllers\Acceil.php(133): view('site/listeL1Aes', Array)
#5 C:\wamp64\www\notes\system\CodeIgniter.php(825): App\controllers\Acceil->licence1()
#6 C:\wamp64\www\notes\system\CodeIgniter.php(412): CodeIgniter\CodeIgniter->runController(Object(App\controllers\Acceil))
#7 C:\wamp64\www\notes\system\CodeIgniter.php(320): CodeIgniter\CodeIgniter->handleRequest(NULL, Object(Config\Cache), false)
#8 C:\wamp64\www\notes\index.php(37): CodeIgniter\CodeIgniter->run()
#9 {main}
CRITICAL - 2022-05-02 04:24:49 --> count(): Parameter must be an array or an object that implements Countable
#0 C:\wamp64\www\notes\app\Views\site\rpm.php(149): CodeIgniter\Debug\Exceptions->errorHandler(2, 'count(): Parame...', 'C:\\wamp64\\www\\n...', 149, Array)
#1 C:\wamp64\www\notes\system\View\View.php(210): include('C:\\wamp64\\www\\n...')
#2 C:\wamp64\www\notes\system\View\View.php(213): CodeIgniter\View\View->CodeIgniter\View\{closure}()
#3 C:\wamp64\www\notes\system\Common.php(1089): CodeIgniter\View\View->render('site/rpm', Array, true)
#4 C:\wamp64\www\notes\app\Controllers\Acceil.php(67): view('site/rpm')
#5 C:\wamp64\www\notes\system\CodeIgniter.php(825): App\controllers\Acceil->rpm()
#6 C:\wamp64\www\notes\system\CodeIgniter.php(412): CodeIgniter\CodeIgniter->runController(Object(App\controllers\Acceil))
#7 C:\wamp64\www\notes\system\CodeIgniter.php(320): CodeIgniter\CodeIgniter->handleRequest(NULL, Object(Config\Cache), false)
#8 C:\wamp64\www\notes\index.php(37): CodeIgniter\CodeIgniter->run()
#9 {main}
CRITICAL - 2022-05-02 04:54:52 --> Call to a member function findAll() on null
#0 C:\wamp64\www\notes\system\CodeIgniter.php(825): App\controllers\ControllerExamen->affichageExamen()
#1 C:\wamp64\www\notes\system\CodeIgniter.php(412): CodeIgniter\CodeIgniter->runController(Object(App\controllers\ControllerExamen))
#2 C:\wamp64\www\notes\system\CodeIgniter.php(320): CodeIgniter\CodeIgniter->handleRequest(NULL, Object(Config\Cache), false)
#3 C:\wamp64\www\notes\index.php(37): CodeIgniter\CodeIgniter->run()
#4 {main}
CRITICAL - 2022-05-02 05:04:18 --> syntax error, unexpected '->' (T_OBJECT_OPERATOR), expecting ']'
#0 C:\wamp64\www\notes\system\Autoloader\Autoloader.php(241): CodeIgniter\Autoloader\Autoloader->includeFile('C:\\wamp64\\www\\n...')
#1 C:\wamp64\www\notes\system\Autoloader\Autoloader.php(219): CodeIgniter\Autoloader\Autoloader->loadInNamespace('App\\Controllers...')
#2 [internal function]: CodeIgniter\Autoloader\Autoloader->loadClass('App\\Controllers...')
#3 [internal function]: spl_autoload_call('App\\Controllers...')
#4 C:\wamp64\www\notes\system\CodeIgniter.php(790): class_exists('\\App\\Controller...', true)
#5 C:\wamp64\www\notes\system\CodeIgniter.php(399): CodeIgniter\CodeIgniter->startController()
#6 C:\wamp64\www\notes\system\CodeIgniter.php(320): CodeIgniter\CodeIgniter->handleRequest(NULL, Object(Config\Cache), false)
#7 C:\wamp64\www\notes\index.php(37): CodeIgniter\CodeIgniter->run()
#8 {main}
CRITICAL - 2022-05-02 05:04:23 --> syntax error, unexpected '->' (T_OBJECT_OPERATOR), expecting ']'
#0 C:\wamp64\www\notes\system\Autoloader\Autoloader.php(241): CodeIgniter\Autoloader\Autoloader->includeFile('C:\\wamp64\\www\\n...')
#1 C:\wamp64\www\notes\system\Autoloader\Autoloader.php(219): CodeIgniter\Autoloader\Autoloader->loadInNamespace('App\\Controllers...')
#2 [internal function]: CodeIgniter\Autoloader\Autoloader->loadClass('App\\Controllers...')
#3 [internal function]: spl_autoload_call('App\\Controllers...')
#4 C:\wamp64\www\notes\system\CodeIgniter.php(790): class_exists('\\App\\Controller...', true)
#5 C:\wamp64\www\notes\system\CodeIgniter.php(399): CodeIgniter\CodeIgniter->startController()
#6 C:\wamp64\www\notes\system\CodeIgniter.php(320): CodeIgniter\CodeIgniter->handleRequest(NULL, Object(Config\Cache), false)
#7 C:\wamp64\www\notes\index.php(37): CodeIgniter\CodeIgniter->run()
#8 {main}
CRITICAL - 2022-05-02 05:04:27 --> syntax error, unexpected '->' (T_OBJECT_OPERATOR), expecting ']'
#0 C:\wamp64\www\notes\system\Autoloader\Autoloader.php(241): CodeIgniter\Autoloader\Autoloader->includeFile('C:\\wamp64\\www\\n...')
#1 C:\wamp64\www\notes\system\Autoloader\Autoloader.php(219): CodeIgniter\Autoloader\Autoloader->loadInNamespace('App\\Controllers...')
#2 [internal function]: CodeIgniter\Autoloader\Autoloader->loadClass('App\\Controllers...')
#3 [internal function]: spl_autoload_call('App\\Controllers...')
#4 C:\wamp64\www\notes\system\CodeIgniter.php(790): class_exists('\\App\\Controller...', true)
#5 C:\wamp64\www\notes\system\CodeIgniter.php(399): CodeIgniter\CodeIgniter->startController()
#6 C:\wamp64\www\notes\system\CodeIgniter.php(320): CodeIgniter\CodeIgniter->handleRequest(NULL, Object(Config\Cache), false)
#7 C:\wamp64\www\notes\index.php(37): CodeIgniter\CodeIgniter->run()
#8 {main}
CRITICAL - 2022-05-02 05:04:31 --> syntax error, unexpected '->' (T_OBJECT_OPERATOR), expecting ']'
#0 C:\wamp64\www\notes\system\Autoloader\Autoloader.php(241): CodeIgniter\Autoloader\Autoloader->includeFile('C:\\wamp64\\www\\n...')
#1 C:\wamp64\www\notes\system\Autoloader\Autoloader.php(219): CodeIgniter\Autoloader\Autoloader->loadInNamespace('App\\Controllers...')
#2 [internal function]: CodeIgniter\Autoloader\Autoloader->loadClass('App\\Controllers...')
#3 [internal function]: spl_autoload_call('App\\Controllers...')
#4 C:\wamp64\www\notes\system\CodeIgniter.php(790): class_exists('\\App\\Controller...', true)
#5 C:\wamp64\www\notes\system\CodeIgniter.php(399): CodeIgniter\CodeIgniter->startController()
#6 C:\wamp64\www\notes\system\CodeIgniter.php(320): CodeIgniter\CodeIgniter->handleRequest(NULL, Object(Config\Cache), false)
#7 C:\wamp64\www\notes\index.php(37): CodeIgniter\CodeIgniter->run()
#8 {main}
CRITICAL - 2022-05-02 05:04:36 --> syntax error, unexpected '->' (T_OBJECT_OPERATOR), expecting ']'
#0 C:\wamp64\www\notes\system\Autoloader\Autoloader.php(241): CodeIgniter\Autoloader\Autoloader->includeFile('C:\\wamp64\\www\\n...')
#1 C:\wamp64\www\notes\system\Autoloader\Autoloader.php(219): CodeIgniter\Autoloader\Autoloader->loadInNamespace('App\\Controllers...')
#2 [internal function]: CodeIgniter\Autoloader\Autoloader->loadClass('App\\Controllers...')
#3 [internal function]: spl_autoload_call('App\\Controllers...')
#4 C:\wamp64\www\notes\system\CodeIgniter.php(790): class_exists('\\App\\Controller...', true)
#5 C:\wamp64\www\notes\system\CodeIgniter.php(399): CodeIgniter\CodeIgniter->startController()
#6 C:\wamp64\www\notes\system\CodeIgniter.php(320): CodeIgniter\CodeIgniter->handleRequest(NULL, Object(Config\Cache), false)
#7 C:\wamp64\www\notes\index.php(37): CodeIgniter\CodeIgniter->run()
#8 {main}
CRITICAL - 2022-05-02 05:05:20 --> syntax error, unexpected '->' (T_OBJECT_OPERATOR), expecting ']'
#0 C:\wamp64\www\notes\system\Autoloader\Autoloader.php(241): CodeIgniter\Autoloader\Autoloader->includeFile('C:\\wamp64\\www\\n...')
#1 C:\wamp64\www\notes\system\Autoloader\Autoloader.php(219): CodeIgniter\Autoloader\Autoloader->loadInNamespace('App\\Controllers...')
#2 [internal function]: CodeIgniter\Autoloader\Autoloader->loadClass('App\\Controllers...')
#3 [internal function]: spl_autoload_call('App\\Controllers...')
#4 C:\wamp64\www\notes\system\CodeIgniter.php(790): class_exists('\\App\\Controller...', true)
#5 C:\wamp64\www\notes\system\CodeIgniter.php(399): CodeIgniter\CodeIgniter->startController()
#6 C:\wamp64\www\notes\system\CodeIgniter.php(320): CodeIgniter\CodeIgniter->handleRequest(NULL, Object(Config\Cache), false)
#7 C:\wamp64\www\notes\index.php(37): CodeIgniter\CodeIgniter->run()
#8 {main}
CRITICAL - 2022-05-02 05:06:17 --> syntax error, unexpected '->' (T_OBJECT_OPERATOR), expecting ']'
#0 C:\wamp64\www\notes\system\Autoloader\Autoloader.php(241): CodeIgniter\Autoloader\Autoloader->includeFile('C:\\wamp64\\www\\n...')
#1 C:\wamp64\www\notes\system\Autoloader\Autoloader.php(219): CodeIgniter\Autoloader\Autoloader->loadInNamespace('App\\Controllers...')
#2 [internal function]: CodeIgniter\Autoloader\Autoloader->loadClass('App\\Controllers...')
#3 [internal function]: spl_autoload_call('App\\Controllers...')
#4 C:\wamp64\www\notes\system\CodeIgniter.php(790): class_exists('\\App\\Controller...', true)
#5 C:\wamp64\www\notes\system\CodeIgniter.php(399): CodeIgniter\CodeIgniter->startController()
#6 C:\wamp64\www\notes\system\CodeIgniter.php(320): CodeIgniter\CodeIgniter->handleRequest(NULL, Object(Config\Cache), false)
#7 C:\wamp64\www\notes\index.php(37): CodeIgniter\CodeIgniter->run()
#8 {main}
CRITICAL - 2022-05-02 07:54:54 --> Cannot use object of type CodeIgniter\Router\RouteCollection as array
#0 C:\wamp64\www\notes\system\CodeIgniter.php(706): require()
#1 C:\wamp64\www\notes\system\CodeIgniter.php(361): CodeIgniter\CodeIgniter->tryToRouteIt(Object(CodeIgniter\Router\RouteCollection))
#2 C:\wamp64\www\notes\system\CodeIgniter.php(320): CodeIgniter\CodeIgniter->handleRequest(NULL, Object(Config\Cache), false)
#3 C:\wamp64\www\notes\index.php(37): CodeIgniter\CodeIgniter->run()
#4 {main}
CRITICAL - 2022-05-02 07:55:04 --> Cannot use object of type CodeIgniter\Router\RouteCollection as array
#0 C:\wamp64\www\notes\system\CodeIgniter.php(706): require()
#1 C:\wamp64\www\notes\system\CodeIgniter.php(361): CodeIgniter\CodeIgniter->tryToRouteIt(Object(CodeIgniter\Router\RouteCollection))
#2 C:\wamp64\www\notes\system\CodeIgniter.php(320): CodeIgniter\CodeIgniter->handleRequest(NULL, Object(Config\Cache), false)
#3 C:\wamp64\www\notes\index.php(37): CodeIgniter\CodeIgniter->run()
#4 {main}
CRITICAL - 2022-05-02 08:01:05 --> Call to a member function view() on null
#0 C:\wamp64\www\notes\system\CodeIgniter.php(825): App\controllers\Acceil->editEtudiant('3082')
#1 C:\wamp64\www\notes\system\CodeIgniter.php(412): CodeIgniter\CodeIgniter->runController(Object(App\controllers\Acceil))
#2 C:\wamp64\www\notes\system\CodeIgniter.php(320): CodeIgniter\CodeIgniter->handleRequest(NULL, Object(Config\Cache), false)
#3 C:\wamp64\www\notes\index.php(37): CodeIgniter\CodeIgniter->run()
#4 {main}
CRITICAL - 2022-05-02 08:01:32 --> Call to a member function view() on null
#0 C:\wamp64\www\notes\system\CodeIgniter.php(825): App\controllers\Acceil->editEtudiant('3083')
#1 C:\wamp64\www\notes\system\CodeIgniter.php(412): CodeIgniter\CodeIgniter->runController(Object(App\controllers\Acceil))
#2 C:\wamp64\www\notes\system\CodeIgniter.php(320): CodeIgniter\CodeIgniter->handleRequest(NULL, Object(Config\Cache), false)
#3 C:\wamp64\www\notes\index.php(37): CodeIgniter\CodeIgniter->run()
#4 {main}
CRITICAL - 2022-05-02 08:01:49 --> Invalid file: login.php
#0 C:\wamp64\www\notes\system\View\View.php(198): CodeIgniter\Exceptions\FrameworkException::forInvalidFile('login.php')
#1 C:\wamp64\www\notes\system\Common.php(1089): CodeIgniter\View\View->render('login', Array, true)
#2 C:\wamp64\www\notes\app\Controllers\Acceil.php(228): view('login')
#3 C:\wamp64\www\notes\system\CodeIgniter.php(825): App\controllers\Acceil->editEtudiant('3083')
#4 C:\wamp64\www\notes\system\CodeIgniter.php(412): CodeIgniter\CodeIgniter->runController(Object(App\controllers\Acceil))
#5 C:\wamp64\www\notes\system\CodeIgniter.php(320): CodeIgniter\CodeIgniter->handleRequest(NULL, Object(Config\Cache), false)
#6 C:\wamp64\www\notes\index.php(37): CodeIgniter\CodeIgniter->run()
#7 {main}
CRITICAL - 2022-05-02 08:04:36 --> count(): Parameter must be an array or an object that implements Countable
#0 C:\wamp64\www\notes\app\Views\site\aes.php(34): CodeIgniter\Debug\Exceptions->errorHandler(2, 'count(): Parame...', 'C:\\wamp64\\www\\n...', 34, Array)
#1 C:\wamp64\www\notes\system\View\View.php(210): include('C:\\wamp64\\www\\n...')
#2 C:\wamp64\www\notes\system\View\View.php(213): CodeIgniter\View\View->CodeIgniter\View\{closure}()
#3 C:\wamp64\www\notes\system\Common.php(1089): CodeIgniter\View\View->render('site/aes', Array, true)
#4 C:\wamp64\www\notes\app\Controllers\Acceil.php(228): view('site/aes')
#5 C:\wamp64\www\notes\system\CodeIgniter.php(825): App\controllers\Acceil->editEtudiant('3083')
#6 C:\wamp64\www\notes\system\CodeIgniter.php(412): CodeIgniter\CodeIgniter->runController(Object(App\controllers\Acceil))
#7 C:\wamp64\www\notes\system\CodeIgniter.php(320): CodeIgniter\CodeIgniter->handleRequest(NULL, Object(Config\Cache), false)
#8 C:\wamp64\www\notes\index.php(37): CodeIgniter\CodeIgniter->run()
#9 {main}
ERROR - 2022-05-02 08:18:17 --> Champ: 'matricule' dans field list est ambigu
CRITICAL - 2022-05-02 08:18:17 --> Call to a member function getResult() on bool
#0 C:\wamp64\www\notes\system\BaseModel.php(584): CodeIgniter\Model->doFindAll(0, 0)
#1 C:\wamp64\www\notes\app\Controllers\ControllerExamen.php(83): CodeIgniter\BaseModel->findAll()
#2 C:\wamp64\www\notes\system\CodeIgniter.php(825): App\controllers\ControllerExamen->aesExamen()
#3 C:\wamp64\www\notes\system\CodeIgniter.php(412): CodeIgniter\CodeIgniter->runController(Object(App\controllers\ControllerExamen))
#4 C:\wamp64\www\notes\system\CodeIgniter.php(320): CodeIgniter\CodeIgniter->handleRequest(NULL, Object(Config\Cache), false)
#5 C:\wamp64\www\notes\index.php(37): CodeIgniter\CodeIgniter->run()
#6 {main}
